[0.122s] DEBUG:colcon:Command line arguments: ['/usr/bin/colcon', 'build']
[0.122s] DEBUG:colcon:Parsed command line arguments: Namespace(log_base=None, log_level=None, verb_name='build', build_base='build', install_base='install', merge_install=False, symlink_install=False, test_result_base=None, continue_on_error=False, executor='parallel', parallel_workers=8, event_handlers=None, ignore_user_meta=False, metas=['./colcon.meta'], base_paths=['.'], packages_ignore=None, packages_ignore_regex=None, paths=None, packages_up_to=None, packages_up_to_regex=None, packages_above=None, packages_above_and_dependencies=None, packages_above_depth=None, packages_select_by_dep=None, packages_skip_by_dep=None, packages_skip_up_to=None, packages_select_build_failed=False, packages_skip_build_finished=False, packages_select_test_failures=False, packages_skip_test_passed=False, packages_select=None, packages_skip=None, packages_select_regex=None, packages_skip_regex=None, packages_start=None, packages_end=None, allow_overriding=[], cmake_args=None, cmake_target=None, cmake_target_skip_unavailable=False, cmake_clean_cache=False, cmake_clean_first=False, cmake_force_configure=False, ament_cmake_args=None, catkin_cmake_args=None, catkin_skip_building_tests=False, mixin_files=None, mixin=None, verb_parser=<colcon_mixin.mixin.mixin_argument.MixinArgumentDecorator object at 0x79db3b742440>, verb_extension=<colcon_core.verb.build.BuildVerb object at 0x79db3b741f90>, main=<bound method BuildVerb.main of <colcon_core.verb.build.BuildVerb object at 0x79db3b741f90>>, mixin_verb=('build',))
[0.286s] Level 1:colcon.colcon_core.package_discovery:discover_packages(colcon_meta) check parameters
[0.286s] Level 1:colcon.colcon_core.package_discovery:discover_packages(recursive) check parameters
[0.286s] Level 1:colcon.colcon_core.package_discovery:discover_packages(ignore) check parameters
[0.286s] Level 1:colcon.colcon_core.package_discovery:discover_packages(path) check parameters
[0.286s] Level 1:colcon.colcon_core.package_discovery:discover_packages(colcon_meta) discover
[0.286s] Level 1:colcon.colcon_core.package_discovery:discover_packages(recursive) discover
[0.286s] INFO:colcon.colcon_core.package_discovery:Crawling recursively for packages in '/home/sam/Bureau/projet1A/robot'
[0.286s] Level 1:colcon.colcon_core.package_identification:_identify(.) by extensions ['ignore', 'ignore_ament_install']
[0.286s] Level 1:colcon.colcon_core.package_identification:_identify(.) by extension 'ignore'
[0.286s] Level 1:colcon.colcon_core.package_identification:_identify(.) by extension 'ignore_ament_install'
[0.286s] Level 1:colcon.colcon_core.package_identification:_identify(.) by extensions ['colcon_pkg']
[0.286s] Level 1:colcon.colcon_core.package_identification:_identify(.) by extension 'colcon_pkg'
[0.286s] Level 1:colcon.colcon_core.package_identification:_identify(.) by extensions ['colcon_meta']
[0.286s] Level 1:colcon.colcon_core.package_identification:_identify(.) by extension 'colcon_meta'
[0.286s] Level 1:colcon.colcon_core.package_identification:_identify(.) by extensions ['ros']
[0.286s] Level 1:colcon.colcon_core.package_identification:_identify(.) by extension 'ros'
[0.296s] Level 1:colcon.colcon_core.package_identification:_identify(.) by extensions ['cmake', 'python']
[0.296s] Level 1:colcon.colcon_core.package_identification:_identify(.) by extension 'cmake'
[0.296s] Level 1:colcon.colcon_core.package_identification:_identify(.) by extension 'python'
[0.297s] Level 1:colcon.colcon_core.package_identification:_identify(.) by extensions ['python_setup_py']
[0.297s] Level 1:colcon.colcon_core.package_identification:_identify(.) by extension 'python_setup_py'
[0.297s] Level 1:colcon.colcon_core.package_identification:_identify(build) by extensions ['ignore', 'ignore_ament_install']
[0.297s] Level 1:colcon.colcon_core.package_identification:_identify(build) by extension 'ignore'
[0.297s] Level 1:colcon.colcon_core.package_identification:_identify(build) ignored
[0.297s] Level 1:colcon.colcon_core.package_identification:_identify(install) by extensions ['ignore', 'ignore_ament_install']
[0.297s] Level 1:colcon.colcon_core.package_identification:_identify(install) by extension 'ignore'
[0.297s] Level 1:colcon.colcon_core.package_identification:_identify(install) ignored
[0.297s] Level 1:colcon.colcon_core.package_identification:_identify(log) by extensions ['ignore', 'ignore_ament_install']
[0.297s] Level 1:colcon.colcon_core.package_identification:_identify(log) by extension 'ignore'
[0.297s] Level 1:colcon.colcon_core.package_identification:_identify(log) ignored
[0.297s] Level 1:colcon.colcon_core.package_identification:_identify(src) by extensions ['ignore', 'ignore_ament_install']
[0.297s] Level 1:colcon.colcon_core.package_identification:_identify(src) by extension 'ignore'
[0.298s] Level 1:colcon.colcon_core.package_identification:_identify(src) by extension 'ignore_ament_install'
[0.298s] Level 1:colcon.colcon_core.package_identification:_identify(src) by extensions ['colcon_pkg']
[0.298s] Level 1:colcon.colcon_core.package_identification:_identify(src) by extension 'colcon_pkg'
[0.298s] Level 1:colcon.colcon_core.package_identification:_identify(src) by extensions ['colcon_meta']
[0.298s] Level 1:colcon.colcon_core.package_identification:_identify(src) by extension 'colcon_meta'
[0.298s] Level 1:colcon.colcon_core.package_identification:_identify(src) by extensions ['ros']
[0.298s] Level 1:colcon.colcon_core.package_identification:_identify(src) by extension 'ros'
[0.298s] Level 1:colcon.colcon_core.package_identification:_identify(src) by extensions ['cmake', 'python']
[0.298s] Level 1:colcon.colcon_core.package_identification:_identify(src) by extension 'cmake'
[0.298s] Level 1:colcon.colcon_core.package_identification:_identify(src) by extension 'python'
[0.298s] Level 1:colcon.colcon_core.package_identification:_identify(src) by extensions ['python_setup_py']
[0.298s] Level 1:colcon.colcon_core.package_identification:_identify(src) by extension 'python_setup_py'
[0.298s] Level 1:colcon.colcon_core.package_identification:_identify(src/mapping_pfr3) by extensions ['ignore', 'ignore_ament_install']
[0.298s] Level 1:colcon.colcon_core.package_identification:_identify(src/mapping_pfr3) by extension 'ignore'
[0.298s] Level 1:colcon.colcon_core.package_identification:_identify(src/mapping_pfr3) by extension 'ignore_ament_install'
[0.298s] Level 1:colcon.colcon_core.package_identification:_identify(src/mapping_pfr3) by extensions ['colcon_pkg']
[0.298s] Level 1:colcon.colcon_core.package_identification:_identify(src/mapping_pfr3) by extension 'colcon_pkg'
[0.298s] Level 1:colcon.colcon_core.package_identification:_identify(src/mapping_pfr3) by extensions ['colcon_meta']
[0.298s] Level 1:colcon.colcon_core.package_identification:_identify(src/mapping_pfr3) by extension 'colcon_meta'
[0.298s] Level 1:colcon.colcon_core.package_identification:_identify(src/mapping_pfr3) by extensions ['ros']
[0.298s] Level 1:colcon.colcon_core.package_identification:_identify(src/mapping_pfr3) by extension 'ros'
[0.301s] DEBUG:colcon.colcon_core.package_identification:Package 'src/mapping_pfr3' with type 'ros.ament_cmake' and name 'mapping_pfr3'
[0.301s] Level 1:colcon.colcon_core.package_identification:_identify(src/rf2o_laser_odometry) by extensions ['ignore', 'ignore_ament_install']
[0.301s] Level 1:colcon.colcon_core.package_identification:_identify(src/rf2o_laser_odometry) by extension 'ignore'
[0.301s] Level 1:colcon.colcon_core.package_identification:_identify(src/rf2o_laser_odometry) by extension 'ignore_ament_install'
[0.301s] Level 1:colcon.colcon_core.package_identification:_identify(src/rf2o_laser_odometry) by extensions ['colcon_pkg']
[0.301s] Level 1:colcon.colcon_core.package_identification:_identify(src/rf2o_laser_odometry) by extension 'colcon_pkg'
[0.301s] Level 1:colcon.colcon_core.package_identification:_identify(src/rf2o_laser_odometry) by extensions ['colcon_meta']
[0.301s] Level 1:colcon.colcon_core.package_identification:_identify(src/rf2o_laser_odometry) by extension 'colcon_meta'
[0.301s] Level 1:colcon.colcon_core.package_identification:_identify(src/rf2o_laser_odometry) by extensions ['ros']
[0.301s] Level 1:colcon.colcon_core.package_identification:_identify(src/rf2o_laser_odometry) by extension 'ros'
[0.302s] DEBUG:colcon.colcon_core.package_identification:Package 'src/rf2o_laser_odometry' with type 'ros.ament_cmake' and name 'rf2o_laser_odometry'
[0.302s] Level 1:colcon.colcon_core.package_discovery:discover_packages(recursive) using defaults
[0.302s] Level 1:colcon.colcon_core.package_discovery:discover_packages(ignore) discover
[0.302s] Level 1:colcon.colcon_core.package_discovery:discover_packages(ignore) using defaults
[0.302s] Level 1:colcon.colcon_core.package_discovery:discover_packages(path) discover
[0.302s] Level 1:colcon.colcon_core.package_discovery:discover_packages(path) using defaults
[0.332s] Level 1:colcon.colcon_core.package_discovery:discover_packages(prefix_path) check parameters
[0.332s] Level 1:colcon.colcon_core.package_discovery:discover_packages(prefix_path) discover
[0.335s] DEBUG:colcon.colcon_installed_package_information.package_discovery:Found 362 installed packages in /opt/ros/humble
[0.337s] Level 1:colcon.colcon_core.package_discovery:discover_packages(prefix_path) using defaults
[0.381s] Level 5:colcon.colcon_core.verb:set package 'mapping_pfr3' build argument 'cmake_args' from command line to 'None'
[0.381s] Level 5:colcon.colcon_core.verb:set package 'mapping_pfr3' build argument 'cmake_target' from command line to 'None'
[0.381s] Level 5:colcon.colcon_core.verb:set package 'mapping_pfr3' build argument 'cmake_target_skip_unavailable' from command line to 'False'
[0.381s] Level 5:colcon.colcon_core.verb:set package 'mapping_pfr3' build argument 'cmake_clean_cache' from command line to 'False'
[0.381s] Level 5:colcon.colcon_core.verb:set package 'mapping_pfr3' build argument 'cmake_clean_first' from command line to 'False'
[0.381s] Level 5:colcon.colcon_core.verb:set package 'mapping_pfr3' build argument 'cmake_force_configure' from command line to 'False'
[0.381s] Level 5:colcon.colcon_core.verb:set package 'mapping_pfr3' build argument 'ament_cmake_args' from command line to 'None'
[0.381s] Level 5:colcon.colcon_core.verb:set package 'mapping_pfr3' build argument 'catkin_cmake_args' from command line to 'None'
[0.381s] Level 5:colcon.colcon_core.verb:set package 'mapping_pfr3' build argument 'catkin_skip_building_tests' from command line to 'False'
[0.381s] DEBUG:colcon.colcon_core.verb:Building package 'mapping_pfr3' with the following arguments: {'ament_cmake_args': None, 'build_base': '/home/sam/Bureau/projet1A/robot/build/mapping_pfr3', 'catkin_cmake_args': None, 'catkin_skip_building_tests': False, 'cmake_args': None, 'cmake_clean_cache': False, 'cmake_clean_first': False, 'cmake_force_configure': False, 'cmake_target': None, 'cmake_target_skip_unavailable': False, 'install_base': '/home/sam/Bureau/projet1A/robot/install/mapping_pfr3', 'merge_install': False, 'path': '/home/sam/Bureau/projet1A/robot/src/mapping_pfr3', 'symlink_install': False, 'test_result_base': None}
[0.382s] Level 5:colcon.colcon_core.verb:set package 'rf2o_laser_odometry' build argument 'cmake_args' from command line to 'None'
[0.382s] Level 5:colcon.colcon_core.verb:set package 'rf2o_laser_odometry' build argument 'cmake_target' from command line to 'None'
[0.382s] Level 5:colcon.colcon_core.verb:set package 'rf2o_laser_odometry' build argument 'cmake_target_skip_unavailable' from command line to 'False'
[0.382s] Level 5:colcon.colcon_core.verb:set package 'rf2o_laser_odometry' build argument 'cmake_clean_cache' from command line to 'False'
[0.382s] Level 5:colcon.colcon_core.verb:set package 'rf2o_laser_odometry' build argument 'cmake_clean_first' from command line to 'False'
[0.382s] Level 5:colcon.colcon_core.verb:set package 'rf2o_laser_odometry' build argument 'cmake_force_configure' from command line to 'False'
[0.382s] Level 5:colcon.colcon_core.verb:set package 'rf2o_laser_odometry' build argument 'ament_cmake_args' from command line to 'None'
[0.382s] Level 5:colcon.colcon_core.verb:set package 'rf2o_laser_odometry' build argument 'catkin_cmake_args' from command line to 'None'
[0.382s] Level 5:colcon.colcon_core.verb:set package 'rf2o_laser_odometry' build argument 'catkin_skip_building_tests' from command line to 'False'
[0.382s] DEBUG:colcon.colcon_core.verb:Building package 'rf2o_laser_odometry' with the following arguments: {'ament_cmake_args': None, 'build_base': '/home/sam/Bureau/projet1A/robot/build/rf2o_laser_odometry', 'catkin_cmake_args': None, 'catkin_skip_building_tests': False, 'cmake_args': None, 'cmake_clean_cache': False, 'cmake_clean_first': False, 'cmake_force_configure': False, 'cmake_target': None, 'cmake_target_skip_unavailable': False, 'install_base': '/home/sam/Bureau/projet1A/robot/install/rf2o_laser_odometry', 'merge_install': False, 'path': '/home/sam/Bureau/projet1A/robot/src/rf2o_laser_odometry', 'symlink_install': False, 'test_result_base': None}
[0.382s] INFO:colcon.colcon_core.executor:Executing jobs using 'parallel' executor
[0.383s] DEBUG:colcon.colcon_parallel_executor.executor.parallel:run_until_complete
[0.383s] INFO:colcon.colcon_ros.task.ament_cmake.build:Building ROS package in '/home/sam/Bureau/projet1A/robot/src/mapping_pfr3' with build type 'ament_cmake'
[0.383s] INFO:colcon.colcon_cmake.task.cmake.build:Building CMake package in '/home/sam/Bureau/projet1A/robot/src/mapping_pfr3'
[0.387s] INFO:colcon.colcon_core.plugin_system:Skipping extension 'colcon_core.shell.bat': Not used on non-Windows systems
[0.387s] INFO:colcon.colcon_core.shell:Skip shell extension 'powershell' for command environment: Not usable outside of PowerShell
[0.387s] DEBUG:colcon.colcon_core.shell:Skip shell extension 'dsv' for command environment
[0.390s] INFO:colcon.colcon_ros.task.ament_cmake.build:Building ROS package in '/home/sam/Bureau/projet1A/robot/src/rf2o_laser_odometry' with build type 'ament_cmake'
[0.390s] INFO:colcon.colcon_cmake.task.cmake.build:Building CMake package in '/home/sam/Bureau/projet1A/robot/src/rf2o_laser_odometry'
[0.390s] INFO:colcon.colcon_core.shell:Skip shell extension 'powershell' for command environment: Not usable outside of PowerShell
[0.390s] DEBUG:colcon.colcon_core.shell:Skip shell extension 'dsv' for command environment
[0.397s] DEBUG:colcon.colcon_core.event_handler.log_command:Invoking command in '/home/sam/Bureau/projet1A/robot/build/mapping_pfr3': CMAKE_PREFIX_PATH=/opt/ros/humble /usr/bin/cmake --build /home/sam/Bureau/projet1A/robot/build/mapping_pfr3 -- -j8 -l8
[0.399s] DEBUG:colcon.colcon_core.event_handler.log_command:Invoking command in '/home/sam/Bureau/projet1A/robot/build/rf2o_laser_odometry': CMAKE_PREFIX_PATH=/opt/ros/humble /usr/bin/cmake /home/sam/Bureau/projet1A/robot/src/rf2o_laser_odometry -DCMAKE_INSTALL_PREFIX=/home/sam/Bureau/projet1A/robot/install/rf2o_laser_odometry
[0.469s] DEBUG:colcon.colcon_core.event_handler.log_command:Invoked command in '/home/sam/Bureau/projet1A/robot/build/mapping_pfr3' returned '0': CMAKE_PREFIX_PATH=/opt/ros/humble /usr/bin/cmake --build /home/sam/Bureau/projet1A/robot/build/mapping_pfr3 -- -j8 -l8
[0.491s] DEBUG:colcon.colcon_core.event_handler.log_command:Invoking command in '/home/sam/Bureau/projet1A/robot/build/mapping_pfr3': CMAKE_PREFIX_PATH=/opt/ros/humble /usr/bin/cmake --install /home/sam/Bureau/projet1A/robot/build/mapping_pfr3
[0.501s] Level 1:colcon.colcon_core.environment:create_environment_scripts_only(mapping_pfr3)
[0.502s] DEBUG:colcon.colcon_core.event_handler.log_command:Invoked command in '/home/sam/Bureau/projet1A/robot/build/mapping_pfr3' returned '0': CMAKE_PREFIX_PATH=/opt/ros/humble /usr/bin/cmake --install /home/sam/Bureau/projet1A/robot/build/mapping_pfr3
[0.509s] Level 1:colcon.colcon_core.environment:checking '/home/sam/Bureau/projet1A/robot/install/mapping_pfr3' for CMake module files
[0.510s] Level 1:colcon.colcon_core.environment:checking '/home/sam/Bureau/projet1A/robot/install/mapping_pfr3' for CMake config files
[0.510s] Level 1:colcon.colcon_core.shell:create_environment_hook('mapping_pfr3', 'cmake_prefix_path')
[0.510s] INFO:colcon.colcon_core.shell:Creating environment hook '/home/sam/Bureau/projet1A/robot/install/mapping_pfr3/share/mapping_pfr3/hook/cmake_prefix_path.ps1'
[0.511s] INFO:colcon.colcon_core.shell:Creating environment descriptor '/home/sam/Bureau/projet1A/robot/install/mapping_pfr3/share/mapping_pfr3/hook/cmake_prefix_path.dsv'
[0.512s] INFO:colcon.colcon_core.shell:Creating environment hook '/home/sam/Bureau/projet1A/robot/install/mapping_pfr3/share/mapping_pfr3/hook/cmake_prefix_path.sh'
[0.514s] Level 1:colcon.colcon_core.environment:checking '/home/sam/Bureau/projet1A/robot/install/mapping_pfr3/bin'
[0.514s] Level 1:colcon.colcon_core.environment:checking '/home/sam/Bureau/projet1A/robot/install/mapping_pfr3/lib/pkgconfig/mapping_pfr3.pc'
[0.514s] Level 1:colcon.colcon_core.environment:checking '/home/sam/Bureau/projet1A/robot/install/mapping_pfr3/lib/python3.10/site-packages'
[0.514s] Level 1:colcon.colcon_core.environment:checking '/home/sam/Bureau/projet1A/robot/install/mapping_pfr3/bin'
[0.514s] INFO:colcon.colcon_core.shell:Creating package script '/home/sam/Bureau/projet1A/robot/install/mapping_pfr3/share/mapping_pfr3/package.ps1'
[0.515s] INFO:colcon.colcon_core.shell:Creating package descriptor '/home/sam/Bureau/projet1A/robot/install/mapping_pfr3/share/mapping_pfr3/package.dsv'
[0.516s] INFO:colcon.colcon_core.shell:Creating package script '/home/sam/Bureau/projet1A/robot/install/mapping_pfr3/share/mapping_pfr3/package.sh'
[0.517s] INFO:colcon.colcon_core.shell:Creating package script '/home/sam/Bureau/projet1A/robot/install/mapping_pfr3/share/mapping_pfr3/package.bash'
[0.518s] INFO:colcon.colcon_core.shell:Creating package script '/home/sam/Bureau/projet1A/robot/install/mapping_pfr3/share/mapping_pfr3/package.zsh'
[0.519s] Level 1:colcon.colcon_core.environment:create_file_with_runtime_dependencies(/home/sam/Bureau/projet1A/robot/install/mapping_pfr3/share/colcon-core/packages/mapping_pfr3)
[0.535s] Level 1:colcon.colcon_core.environment:create_environment_scripts_only(mapping_pfr3)
[0.536s] Level 1:colcon.colcon_core.environment:checking '/home/sam/Bureau/projet1A/robot/install/mapping_pfr3' for CMake module files
[0.536s] Level 1:colcon.colcon_core.environment:checking '/home/sam/Bureau/projet1A/robot/install/mapping_pfr3' for CMake config files
[0.536s] Level 1:colcon.colcon_core.shell:create_environment_hook('mapping_pfr3', 'cmake_prefix_path')
[0.537s] INFO:colcon.colcon_core.shell:Creating environment hook '/home/sam/Bureau/projet1A/robot/install/mapping_pfr3/share/mapping_pfr3/hook/cmake_prefix_path.ps1'
[0.537s] INFO:colcon.colcon_core.shell:Creating environment descriptor '/home/sam/Bureau/projet1A/robot/install/mapping_pfr3/share/mapping_pfr3/hook/cmake_prefix_path.dsv'
[0.537s] INFO:colcon.colcon_core.shell:Creating environment hook '/home/sam/Bureau/projet1A/robot/install/mapping_pfr3/share/mapping_pfr3/hook/cmake_prefix_path.sh'
[0.538s] Level 1:colcon.colcon_core.environment:checking '/home/sam/Bureau/projet1A/robot/install/mapping_pfr3/bin'
[0.538s] Level 1:colcon.colcon_core.environment:checking '/home/sam/Bureau/projet1A/robot/install/mapping_pfr3/lib/pkgconfig/mapping_pfr3.pc'
[0.538s] Level 1:colcon.colcon_core.environment:checking '/home/sam/Bureau/projet1A/robot/install/mapping_pfr3/lib/python3.10/site-packages'
[0.538s] Level 1:colcon.colcon_core.environment:checking '/home/sam/Bureau/projet1A/robot/install/mapping_pfr3/bin'
[0.538s] INFO:colcon.colcon_core.shell:Creating package script '/home/sam/Bureau/projet1A/robot/install/mapping_pfr3/share/mapping_pfr3/package.ps1'
[0.539s] INFO:colcon.colcon_core.shell:Creating package descriptor '/home/sam/Bureau/projet1A/robot/install/mapping_pfr3/share/mapping_pfr3/package.dsv'
[0.539s] INFO:colcon.colcon_core.shell:Creating package script '/home/sam/Bureau/projet1A/robot/install/mapping_pfr3/share/mapping_pfr3/package.sh'
[0.540s] INFO:colcon.colcon_core.shell:Creating package script '/home/sam/Bureau/projet1A/robot/install/mapping_pfr3/share/mapping_pfr3/package.bash'
[0.540s] INFO:colcon.colcon_core.shell:Creating package script '/home/sam/Bureau/projet1A/robot/install/mapping_pfr3/share/mapping_pfr3/package.zsh'
[0.541s] Level 1:colcon.colcon_core.environment:create_file_with_runtime_dependencies(/home/sam/Bureau/projet1A/robot/install/mapping_pfr3/share/colcon-core/packages/mapping_pfr3)
[2.712s] DEBUG:colcon.colcon_core.event_handler.log_command:Invoked command in '/home/sam/Bureau/projet1A/robot/build/rf2o_laser_odometry' returned '0': CMAKE_PREFIX_PATH=/opt/ros/humble /usr/bin/cmake /home/sam/Bureau/projet1A/robot/src/rf2o_laser_odometry -DCMAKE_INSTALL_PREFIX=/home/sam/Bureau/projet1A/robot/install/rf2o_laser_odometry
[2.713s] DEBUG:colcon.colcon_core.event_handler.log_command:Invoking command in '/home/sam/Bureau/projet1A/robot/build/rf2o_laser_odometry': CMAKE_PREFIX_PATH=/opt/ros/humble /usr/bin/cmake --build /home/sam/Bureau/projet1A/robot/build/rf2o_laser_odometry -- -j8 -l8
[26.565s] DEBUG:colcon.colcon_core.event_handler.log_command:Invoked command in '/home/sam/Bureau/projet1A/robot/build/rf2o_laser_odometry' returned '0': CMAKE_PREFIX_PATH=/opt/ros/humble /usr/bin/cmake --build /home/sam/Bureau/projet1A/robot/build/rf2o_laser_odometry -- -j8 -l8
[26.589s] DEBUG:colcon.colcon_core.event_handler.log_command:Invoking command in '/home/sam/Bureau/projet1A/robot/build/rf2o_laser_odometry': CMAKE_PREFIX_PATH=/opt/ros/humble /usr/bin/cmake --install /home/sam/Bureau/projet1A/robot/build/rf2o_laser_odometry
[26.607s] Level 1:colcon.colcon_core.environment:create_environment_scripts_only(rf2o_laser_odometry)
[26.607s] Level 1:colcon.colcon_core.environment:checking '/home/sam/Bureau/projet1A/robot/install/rf2o_laser_odometry' for CMake module files
[26.607s] DEBUG:colcon.colcon_core.event_handler.log_command:Invoked command in '/home/sam/Bureau/projet1A/robot/build/rf2o_laser_odometry' returned '0': CMAKE_PREFIX_PATH=/opt/ros/humble /usr/bin/cmake --install /home/sam/Bureau/projet1A/robot/build/rf2o_laser_odometry
[26.608s] Level 1:colcon.colcon_core.environment:checking '/home/sam/Bureau/projet1A/robot/install/rf2o_laser_odometry' for CMake config files
[26.608s] Level 1:colcon.colcon_core.shell:create_environment_hook('rf2o_laser_odometry', 'cmake_prefix_path')
[26.608s] INFO:colcon.colcon_core.shell:Creating environment hook '/home/sam/Bureau/projet1A/robot/install/rf2o_laser_odometry/share/rf2o_laser_odometry/hook/cmake_prefix_path.ps1'
[26.608s] INFO:colcon.colcon_core.shell:Creating environment descriptor '/home/sam/Bureau/projet1A/robot/install/rf2o_laser_odometry/share/rf2o_laser_odometry/hook/cmake_prefix_path.dsv'
[26.609s] INFO:colcon.colcon_core.shell:Creating environment hook '/home/sam/Bureau/projet1A/robot/install/rf2o_laser_odometry/share/rf2o_laser_odometry/hook/cmake_prefix_path.sh'
[26.609s] Level 1:colcon.colcon_core.environment:checking '/home/sam/Bureau/projet1A/robot/install/rf2o_laser_odometry/lib'
[26.609s] Level 1:colcon.colcon_core.environment:checking '/home/sam/Bureau/projet1A/robot/install/rf2o_laser_odometry/bin'
[26.609s] Level 1:colcon.colcon_core.environment:checking '/home/sam/Bureau/projet1A/robot/install/rf2o_laser_odometry/lib/pkgconfig/rf2o_laser_odometry.pc'
[26.610s] Level 1:colcon.colcon_core.environment:checking '/home/sam/Bureau/projet1A/robot/install/rf2o_laser_odometry/lib/python3.10/site-packages'
[26.610s] Level 1:colcon.colcon_core.environment:checking '/home/sam/Bureau/projet1A/robot/install/rf2o_laser_odometry/bin'
[26.610s] INFO:colcon.colcon_core.shell:Creating package script '/home/sam/Bureau/projet1A/robot/install/rf2o_laser_odometry/share/rf2o_laser_odometry/package.ps1'
[26.610s] INFO:colcon.colcon_core.shell:Creating package descriptor '/home/sam/Bureau/projet1A/robot/install/rf2o_laser_odometry/share/rf2o_laser_odometry/package.dsv'
[26.611s] INFO:colcon.colcon_core.shell:Creating package script '/home/sam/Bureau/projet1A/robot/install/rf2o_laser_odometry/share/rf2o_laser_odometry/package.sh'
[26.611s] INFO:colcon.colcon_core.shell:Creating package script '/home/sam/Bureau/projet1A/robot/install/rf2o_laser_odometry/share/rf2o_laser_odometry/package.bash'
[26.611s] INFO:colcon.colcon_core.shell:Creating package script '/home/sam/Bureau/projet1A/robot/install/rf2o_laser_odometry/share/rf2o_laser_odometry/package.zsh'
[26.611s] Level 1:colcon.colcon_core.environment:create_file_with_runtime_dependencies(/home/sam/Bureau/projet1A/robot/install/rf2o_laser_odometry/share/colcon-core/packages/rf2o_laser_odometry)
[26.632s] Level 1:colcon.colcon_core.environment:create_environment_scripts_only(rf2o_laser_odometry)
[26.632s] Level 1:colcon.colcon_core.environment:checking '/home/sam/Bureau/projet1A/robot/install/rf2o_laser_odometry' for CMake module files
[26.632s] Level 1:colcon.colcon_core.environment:checking '/home/sam/Bureau/projet1A/robot/install/rf2o_laser_odometry' for CMake config files
[26.633s] Level 1:colcon.colcon_core.shell:create_environment_hook('rf2o_laser_odometry', 'cmake_prefix_path')
[26.633s] INFO:colcon.colcon_core.shell:Creating environment hook '/home/sam/Bureau/projet1A/robot/install/rf2o_laser_odometry/share/rf2o_laser_odometry/hook/cmake_prefix_path.ps1'
[26.633s] INFO:colcon.colcon_core.shell:Creating environment descriptor '/home/sam/Bureau/projet1A/robot/install/rf2o_laser_odometry/share/rf2o_laser_odometry/hook/cmake_prefix_path.dsv'
[26.633s] INFO:colcon.colcon_core.shell:Creating environment hook '/home/sam/Bureau/projet1A/robot/install/rf2o_laser_odometry/share/rf2o_laser_odometry/hook/cmake_prefix_path.sh'
[26.634s] Level 1:colcon.colcon_core.environment:checking '/home/sam/Bureau/projet1A/robot/install/rf2o_laser_odometry/lib'
[26.634s] Level 1:colcon.colcon_core.environment:checking '/home/sam/Bureau/projet1A/robot/install/rf2o_laser_odometry/bin'
[26.634s] Level 1:colcon.colcon_core.environment:checking '/home/sam/Bureau/projet1A/robot/install/rf2o_laser_odometry/lib/pkgconfig/rf2o_laser_odometry.pc'
[26.634s] Level 1:colcon.colcon_core.environment:checking '/home/sam/Bureau/projet1A/robot/install/rf2o_laser_odometry/lib/python3.10/site-packages'
[26.634s] Level 1:colcon.colcon_core.environment:checking '/home/sam/Bureau/projet1A/robot/install/rf2o_laser_odometry/bin'
[26.635s] INFO:colcon.colcon_core.shell:Creating package script '/home/sam/Bureau/projet1A/robot/install/rf2o_laser_odometry/share/rf2o_laser_odometry/package.ps1'
[26.635s] INFO:colcon.colcon_core.shell:Creating package descriptor '/home/sam/Bureau/projet1A/robot/install/rf2o_laser_odometry/share/rf2o_laser_odometry/package.dsv'
[26.635s] INFO:colcon.colcon_core.shell:Creating package script '/home/sam/Bureau/projet1A/robot/install/rf2o_laser_odometry/share/rf2o_laser_odometry/package.sh'
[26.636s] INFO:colcon.colcon_core.shell:Creating package script '/home/sam/Bureau/projet1A/robot/install/rf2o_laser_odometry/share/rf2o_laser_odometry/package.bash'
[26.636s] INFO:colcon.colcon_core.shell:Creating package script '/home/sam/Bureau/projet1A/robot/install/rf2o_laser_odometry/share/rf2o_laser_odometry/package.zsh'
[26.636s] Level 1:colcon.colcon_core.environment:create_file_with_runtime_dependencies(/home/sam/Bureau/projet1A/robot/install/rf2o_laser_odometry/share/colcon-core/packages/rf2o_laser_odometry)
[26.637s] DEBUG:colcon.colcon_parallel_executor.executor.parallel:closing loop
[26.637s] DEBUG:colcon.colcon_parallel_executor.executor.parallel:loop closed
[26.637s] DEBUG:colcon.colcon_parallel_executor.executor.parallel:run_until_complete finished with '0'
[26.637s] DEBUG:colcon.colcon_core.event_reactor:joining thread
[26.643s] INFO:colcon.colcon_core.plugin_system:Skipping extension 'colcon_notification.desktop_notification.terminal_notifier': Not used on non-Darwin systems
[26.643s] INFO:colcon.colcon_core.plugin_system:Skipping extension 'colcon_notification.desktop_notification.win32': Not used on non-Windows systems
[26.643s] INFO:colcon.colcon_notification.desktop_notification:Sending desktop notification using 'notify2'
[26.661s] DEBUG:colcon.colcon_core.event_reactor:joined thread
[26.661s] INFO:colcon.colcon_core.shell:Creating prefix script '/home/sam/Bureau/projet1A/robot/install/local_setup.ps1'
[26.662s] INFO:colcon.colcon_core.shell:Creating prefix util module '/home/sam/Bureau/projet1A/robot/install/_local_setup_util_ps1.py'
[26.663s] INFO:colcon.colcon_core.shell:Creating prefix chain script '/home/sam/Bureau/projet1A/robot/install/setup.ps1'
[26.665s] INFO:colcon.colcon_core.shell:Creating prefix script '/home/sam/Bureau/projet1A/robot/install/local_setup.sh'
[26.665s] INFO:colcon.colcon_core.shell:Creating prefix util module '/home/sam/Bureau/projet1A/robot/install/_local_setup_util_sh.py'
[26.666s] INFO:colcon.colcon_core.shell:Creating prefix chain script '/home/sam/Bureau/projet1A/robot/install/setup.sh'
[26.667s] INFO:colcon.colcon_core.shell:Creating prefix script '/home/sam/Bureau/projet1A/robot/install/local_setup.bash'
[26.667s] INFO:colcon.colcon_core.shell:Creating prefix chain script '/home/sam/Bureau/projet1A/robot/install/setup.bash'
[26.668s] INFO:colcon.colcon_core.shell:Creating prefix script '/home/sam/Bureau/projet1A/robot/install/local_setup.zsh'
[26.669s] INFO:colcon.colcon_core.shell:Creating prefix chain script '/home/sam/Bureau/projet1A/robot/install/setup.zsh'
