[0.015s] Invoking command in '/home/sam/Bureau/projet1A/robot/build/rf2o_laser_odometry': CMAKE_PREFIX_PATH=${CMAKE_PREFIX_PATH}:/home/sam/Bureau/projet1A/robot/install/robot_lidar:/home/sam/Bureau/projet1A/robot/install/lidar:/opt/ros/humble /usr/bin/cmake --build /home/sam/Bureau/projet1A/robot/build/rf2o_laser_odometry -- -j8 -l8
[0.059s] [ 40%] Built target rf2o_laser_odometry
[0.064s] [100%] Built target rf2o_laser_odometry_node
[0.085s] Invoked command in '/home/sam/Bureau/projet1A/robot/build/rf2o_laser_odometry' returned '0': CMAKE_PREFIX_PATH=${CMAKE_PREFIX_PATH}:/home/sam/Bureau/projet1A/robot/install/robot_lidar:/home/sam/Bureau/projet1A/robot/install/lidar:/opt/ros/humble /usr/bin/cmake --build /home/sam/Bureau/projet1A/robot/build/rf2o_laser_odometry -- -j8 -l8
[0.108s] Invoking command in '/home/sam/Bureau/projet1A/robot/build/rf2o_laser_odometry': CMAKE_PREFIX_PATH=${CMAKE_PREFIX_PATH}:/home/sam/Bureau/projet1A/robot/install/robot_lidar:/home/sam/Bureau/projet1A/robot/install/lidar:/opt/ros/humble /usr/bin/cmake --install /home/sam/Bureau/projet1A/robot/build/rf2o_laser_odometry
[0.114s] -- Install configuration: ""
[0.115s] -- Up-to-date: /home/sam/Bureau/projet1A/robot/install/rf2o_laser_odometry/lib/rf2o_laser_odometry/rf2o_laser_odometry_node
[0.115s] -- Up-to-date: /home/sam/Bureau/projet1A/robot/install/rf2o_laser_odometry/share/rf2o_laser_odometry/launch
[0.115s] -- Up-to-date: /home/sam/Bureau/projet1A/robot/install/rf2o_laser_odometry/share/rf2o_laser_odometry/launch/rf2o_laser_odometry.launch.py
[0.115s] -- Up-to-date: /home/sam/Bureau/projet1A/robot/install/rf2o_laser_odometry/share/ament_index/resource_index/package_run_dependencies/rf2o_laser_odometry
[0.115s] -- Up-to-date: /home/sam/Bureau/projet1A/robot/install/rf2o_laser_odometry/share/ament_index/resource_index/parent_prefix_path/rf2o_laser_odometry
[0.115s] -- Up-to-date: /home/sam/Bureau/projet1A/robot/install/rf2o_laser_odometry/share/rf2o_laser_odometry/environment/ament_prefix_path.sh
[0.115s] -- Up-to-date: /home/sam/Bureau/projet1A/robot/install/rf2o_laser_odometry/share/rf2o_laser_odometry/environment/ament_prefix_path.dsv
[0.115s] -- Up-to-date: /home/sam/Bureau/projet1A/robot/install/rf2o_laser_odometry/share/rf2o_laser_odometry/environment/path.sh
[0.115s] -- Up-to-date: /home/sam/Bureau/projet1A/robot/install/rf2o_laser_odometry/share/rf2o_laser_odometry/environment/path.dsv
[0.115s] -- Up-to-date: /home/sam/Bureau/projet1A/robot/install/rf2o_laser_odometry/share/rf2o_laser_odometry/local_setup.bash
[0.115s] -- Up-to-date: /home/sam/Bureau/projet1A/robot/install/rf2o_laser_odometry/share/rf2o_laser_odometry/local_setup.sh
[0.116s] -- Up-to-date: /home/sam/Bureau/projet1A/robot/install/rf2o_laser_odometry/share/rf2o_laser_odometry/local_setup.zsh
[0.116s] -- Up-to-date: /home/sam/Bureau/projet1A/robot/install/rf2o_laser_odometry/share/rf2o_laser_odometry/local_setup.dsv
[0.116s] -- Installing: /home/sam/Bureau/projet1A/robot/install/rf2o_laser_odometry/share/rf2o_laser_odometry/package.dsv
[0.116s] -- Up-to-date: /home/sam/Bureau/projet1A/robot/install/rf2o_laser_odometry/share/ament_index/resource_index/packages/rf2o_laser_odometry
[0.116s] -- Up-to-date: /home/sam/Bureau/projet1A/robot/install/rf2o_laser_odometry/share/rf2o_laser_odometry/cmake/rf2o_laser_odometryConfig.cmake
[0.116s] -- Up-to-date: /home/sam/Bureau/projet1A/robot/install/rf2o_laser_odometry/share/rf2o_laser_odometry/cmake/rf2o_laser_odometryConfig-version.cmake
[0.116s] -- Up-to-date: /home/sam/Bureau/projet1A/robot/install/rf2o_laser_odometry/share/rf2o_laser_odometry/package.xml
[0.117s] Invoked command in '/home/sam/Bureau/projet1A/robot/build/rf2o_laser_odometry' returned '0': CMAKE_PREFIX_PATH=${CMAKE_PREFIX_PATH}:/home/sam/Bureau/projet1A/robot/install/robot_lidar:/home/sam/Bureau/projet1A/robot/install/lidar:/opt/ros/humble /usr/bin/cmake --install /home/sam/Bureau/projet1A/robot/build/rf2o_laser_odometry
