[0.245s] Invoking command in '/home/sam/Bureau/projet1A/robot/build/mapping_pfr3': CMAKE_PREFIX_PATH=/opt/ros/humble /usr/bin/cmake /home/sam/Bureau/projet1A/robot/src/mapping_pfr3 -DCMAKE_INSTALL_PREFIX=/home/sam/Bureau/projet1A/robot/install/mapping_pfr3
[0.288s] -- The C compiler identification is GNU 11.4.0
[0.339s] -- The CXX compiler identification is GNU 11.4.0
[0.346s] -- Detecting C compiler ABI info
[0.402s] -- Detecting C compiler ABI info - done
[0.411s] -- Check for working C compiler: /usr/bin/cc - skipped
[0.411s] -- Detecting C compile features
[0.412s] -- Detecting C compile features - done
[0.415s] -- Detecting CXX compiler ABI info
[0.482s] -- Detecting CXX compiler ABI info - done
[0.490s] -- Check for working CXX compiler: /usr/bin/c++ - skipped
[0.490s] -- Detecting CXX compile features
[0.490s] -- Detecting CXX compile features - done
[0.492s] -- Found ament_cmake: 1.3.8 (/opt/ros/humble/share/ament_cmake/cmake)
[0.630s] -- Found Python3: /usr/bin/python3 (found version "3.10.12") found components: Interpreter 
[0.716s] -- Found ament_lint_auto: 0.12.10 (/opt/ros/humble/share/ament_lint_auto/cmake)
[0.798s] -- Added test 'copyright' to check source files copyright and LICENSE
[0.803s] -- Added test 'flake8' to check Python code syntax and style conventions
[0.804s] -- Added test 'lint_cmake' to check CMake code style
[0.805s] -- Added test 'pep257' to check Python code against some of the docstring style conventions in PEP 257
[0.808s] -- Added test 'xmllint' to check XML markup files
[0.809s] -- Configuring done
[0.812s] -- Generating done
[0.813s] -- Build files have been written to: /home/sam/Bureau/projet1A/robot/build/mapping_pfr3
[0.817s] Invoked command in '/home/sam/Bureau/projet1A/robot/build/mapping_pfr3' returned '0': CMAKE_PREFIX_PATH=/opt/ros/humble /usr/bin/cmake /home/sam/Bureau/projet1A/robot/src/mapping_pfr3 -DCMAKE_INSTALL_PREFIX=/home/sam/Bureau/projet1A/robot/install/mapping_pfr3
[0.818s] Invoking command in '/home/sam/Bureau/projet1A/robot/build/mapping_pfr3': CMAKE_PREFIX_PATH=/opt/ros/humble /usr/bin/cmake --build /home/sam/Bureau/projet1A/robot/build/mapping_pfr3 -- -j8 -l8
[0.857s] Invoked command in '/home/sam/Bureau/projet1A/robot/build/mapping_pfr3' returned '0': CMAKE_PREFIX_PATH=/opt/ros/humble /usr/bin/cmake --build /home/sam/Bureau/projet1A/robot/build/mapping_pfr3 -- -j8 -l8
[0.882s] Invoking command in '/home/sam/Bureau/projet1A/robot/build/mapping_pfr3': CMAKE_PREFIX_PATH=/opt/ros/humble /usr/bin/cmake --install /home/sam/Bureau/projet1A/robot/build/mapping_pfr3
[0.888s] -- Install configuration: ""
[0.888s] -- Installing: /home/sam/Bureau/projet1A/robot/install/mapping_pfr3/share/mapping_pfr3/config
[0.888s] -- Installing: /home/sam/Bureau/projet1A/robot/install/mapping_pfr3/share/mapping_pfr3/config/empty.yaml
[0.888s] -- Installing: /home/sam/Bureau/projet1A/robot/install/mapping_pfr3/share/mapping_pfr3/description
[0.889s] -- Installing: /home/sam/Bureau/projet1A/robot/install/mapping_pfr3/share/mapping_pfr3/description/inertial_macros.xacro
[0.889s] -- Installing: /home/sam/Bureau/projet1A/robot/install/mapping_pfr3/share/mapping_pfr3/description/robot.urdf.xacro
[0.889s] -- Installing: /home/sam/Bureau/projet1A/robot/install/mapping_pfr3/share/mapping_pfr3/description/robot_core.xacro
[0.889s] -- Installing: /home/sam/Bureau/projet1A/robot/install/mapping_pfr3/share/mapping_pfr3/launch
[0.889s] -- Installing: /home/sam/Bureau/projet1A/robot/install/mapping_pfr3/share/mapping_pfr3/launch/launch_sim.launch.py
[0.889s] -- Installing: /home/sam/Bureau/projet1A/robot/install/mapping_pfr3/share/mapping_pfr3/launch/rsp.launch.py
[0.889s] -- Installing: /home/sam/Bureau/projet1A/robot/install/mapping_pfr3/share/mapping_pfr3/worlds
[0.889s] -- Installing: /home/sam/Bureau/projet1A/robot/install/mapping_pfr3/share/mapping_pfr3/worlds/empty.world
[0.889s] -- Installing: /home/sam/Bureau/projet1A/robot/install/mapping_pfr3/share/ament_index/resource_index/package_run_dependencies/mapping_pfr3
[0.889s] -- Installing: /home/sam/Bureau/projet1A/robot/install/mapping_pfr3/share/ament_index/resource_index/parent_prefix_path/mapping_pfr3
[0.889s] -- Installing: /home/sam/Bureau/projet1A/robot/install/mapping_pfr3/share/mapping_pfr3/environment/ament_prefix_path.sh
[0.890s] -- Installing: /home/sam/Bureau/projet1A/robot/install/mapping_pfr3/share/mapping_pfr3/environment/ament_prefix_path.dsv
[0.890s] -- Installing: /home/sam/Bureau/projet1A/robot/install/mapping_pfr3/share/mapping_pfr3/environment/path.sh
[0.890s] -- Installing: /home/sam/Bureau/projet1A/robot/install/mapping_pfr3/share/mapping_pfr3/environment/path.dsv
[0.890s] -- Installing: /home/sam/Bureau/projet1A/robot/install/mapping_pfr3/share/mapping_pfr3/local_setup.bash
[0.890s] -- Installing: /home/sam/Bureau/projet1A/robot/install/mapping_pfr3/share/mapping_pfr3/local_setup.sh
[0.890s] -- Installing: /home/sam/Bureau/projet1A/robot/install/mapping_pfr3/share/mapping_pfr3/local_setup.zsh
[0.890s] -- Installing: /home/sam/Bureau/projet1A/robot/install/mapping_pfr3/share/mapping_pfr3/local_setup.dsv
[0.890s] -- Installing: /home/sam/Bureau/projet1A/robot/install/mapping_pfr3/share/mapping_pfr3/package.dsv
[0.890s] -- Installing: /home/sam/Bureau/projet1A/robot/install/mapping_pfr3/share/ament_index/resource_index/packages/mapping_pfr3
[0.890s] -- Installing: /home/sam/Bureau/projet1A/robot/install/mapping_pfr3/share/mapping_pfr3/cmake/mapping_pfr3Config.cmake
[0.891s] -- Installing: /home/sam/Bureau/projet1A/robot/install/mapping_pfr3/share/mapping_pfr3/cmake/mapping_pfr3Config-version.cmake
[0.891s] -- Installing: /home/sam/Bureau/projet1A/robot/install/mapping_pfr3/share/mapping_pfr3/package.xml
[0.893s] Invoked command in '/home/sam/Bureau/projet1A/robot/build/mapping_pfr3' returned '0': CMAKE_PREFIX_PATH=/opt/ros/humble /usr/bin/cmake --install /home/sam/Bureau/projet1A/robot/build/mapping_pfr3
