[0.103s] DEBUG:colcon:Command line arguments: ['/usr/bin/colcon', 'build']
[0.103s] DEBUG:colcon:Parsed command line arguments: Namespace(log_base=None, log_level=None, verb_name='build', build_base='build', install_base='install', merge_install=False, symlink_install=False, test_result_base=None, continue_on_error=False, executor='parallel', parallel_workers=8, event_handlers=None, ignore_user_meta=False, metas=['./colcon.meta'], base_paths=['.'], packages_ignore=None, packages_ignore_regex=None, paths=None, packages_up_to=None, packages_up_to_regex=None, packages_above=None, packages_above_and_dependencies=None, packages_above_depth=None, packages_select_by_dep=None, packages_skip_by_dep=None, packages_skip_up_to=None, packages_select_build_failed=False, packages_skip_build_finished=False, packages_select_test_failures=False, packages_skip_test_passed=False, packages_select=None, packages_skip=None, packages_select_regex=None, packages_skip_regex=None, packages_start=None, packages_end=None, allow_overriding=[], cmake_args=None, cmake_target=None, cmake_target_skip_unavailable=False, cmake_clean_cache=False, cmake_clean_first=False, cmake_force_configure=False, ament_cmake_args=None, catkin_cmake_args=None, catkin_skip_building_tests=False, mixin_files=None, mixin=None, verb_parser=<colcon_mixin.mixin.mixin_argument.MixinArgumentDecorator object at 0x73420103e410>, verb_extension=<colcon_core.verb.build.BuildVerb object at 0x73420103df60>, main=<bound method BuildVerb.main of <colcon_core.verb.build.BuildVerb object at 0x73420103df60>>, mixin_verb=('build',))
[0.267s] Level 1:colcon.colcon_core.package_discovery:discover_packages(colcon_meta) check parameters
[0.267s] Level 1:colcon.colcon_core.package_discovery:discover_packages(recursive) check parameters
[0.267s] Level 1:colcon.colcon_core.package_discovery:discover_packages(ignore) check parameters
[0.267s] Level 1:colcon.colcon_core.package_discovery:discover_packages(path) check parameters
[0.267s] Level 1:colcon.colcon_core.package_discovery:discover_packages(colcon_meta) discover
[0.268s] Level 1:colcon.colcon_core.package_discovery:discover_packages(recursive) discover
[0.268s] INFO:colcon.colcon_core.package_discovery:Crawling recursively for packages in '/home/sam/Bureau/projet1A/robot'
[0.268s] Level 1:colcon.colcon_core.package_identification:_identify(.) by extensions ['ignore', 'ignore_ament_install']
[0.268s] Level 1:colcon.colcon_core.package_identification:_identify(.) by extension 'ignore'
[0.268s] Level 1:colcon.colcon_core.package_identification:_identify(.) by extension 'ignore_ament_install'
[0.268s] Level 1:colcon.colcon_core.package_identification:_identify(.) by extensions ['colcon_pkg']
[0.268s] Level 1:colcon.colcon_core.package_identification:_identify(.) by extension 'colcon_pkg'
[0.268s] Level 1:colcon.colcon_core.package_identification:_identify(.) by extensions ['colcon_meta']
[0.268s] Level 1:colcon.colcon_core.package_identification:_identify(.) by extension 'colcon_meta'
[0.268s] Level 1:colcon.colcon_core.package_identification:_identify(.) by extensions ['ros']
[0.268s] Level 1:colcon.colcon_core.package_identification:_identify(.) by extension 'ros'
[0.278s] Level 1:colcon.colcon_core.package_identification:_identify(.) by extensions ['cmake', 'python']
[0.278s] Level 1:colcon.colcon_core.package_identification:_identify(.) by extension 'cmake'
[0.278s] Level 1:colcon.colcon_core.package_identification:_identify(.) by extension 'python'
[0.278s] Level 1:colcon.colcon_core.package_identification:_identify(.) by extensions ['python_setup_py']
[0.278s] Level 1:colcon.colcon_core.package_identification:_identify(.) by extension 'python_setup_py'
[0.278s] Level 1:colcon.colcon_core.package_identification:_identify(build) by extensions ['ignore', 'ignore_ament_install']
[0.278s] Level 1:colcon.colcon_core.package_identification:_identify(build) by extension 'ignore'
[0.278s] Level 1:colcon.colcon_core.package_identification:_identify(build) ignored
[0.278s] Level 1:colcon.colcon_core.package_identification:_identify(install) by extensions ['ignore', 'ignore_ament_install']
[0.279s] Level 1:colcon.colcon_core.package_identification:_identify(install) by extension 'ignore'
[0.279s] Level 1:colcon.colcon_core.package_identification:_identify(install) ignored
[0.279s] Level 1:colcon.colcon_core.package_identification:_identify(log) by extensions ['ignore', 'ignore_ament_install']
[0.279s] Level 1:colcon.colcon_core.package_identification:_identify(log) by extension 'ignore'
[0.279s] Level 1:colcon.colcon_core.package_identification:_identify(log) ignored
[0.279s] Level 1:colcon.colcon_core.package_identification:_identify(src) by extensions ['ignore', 'ignore_ament_install']
[0.279s] Level 1:colcon.colcon_core.package_identification:_identify(src) by extension 'ignore'
[0.279s] Level 1:colcon.colcon_core.package_identification:_identify(src) by extension 'ignore_ament_install'
[0.279s] Level 1:colcon.colcon_core.package_identification:_identify(src) by extensions ['colcon_pkg']
[0.279s] Level 1:colcon.colcon_core.package_identification:_identify(src) by extension 'colcon_pkg'
[0.279s] Level 1:colcon.colcon_core.package_identification:_identify(src) by extensions ['colcon_meta']
[0.279s] Level 1:colcon.colcon_core.package_identification:_identify(src) by extension 'colcon_meta'
[0.279s] Level 1:colcon.colcon_core.package_identification:_identify(src) by extensions ['ros']
[0.279s] Level 1:colcon.colcon_core.package_identification:_identify(src) by extension 'ros'
[0.279s] Level 1:colcon.colcon_core.package_identification:_identify(src) by extensions ['cmake', 'python']
[0.279s] Level 1:colcon.colcon_core.package_identification:_identify(src) by extension 'cmake'
[0.279s] Level 1:colcon.colcon_core.package_identification:_identify(src) by extension 'python'
[0.279s] Level 1:colcon.colcon_core.package_identification:_identify(src) by extensions ['python_setup_py']
[0.280s] Level 1:colcon.colcon_core.package_identification:_identify(src) by extension 'python_setup_py'
[0.280s] Level 1:colcon.colcon_core.package_identification:_identify(src/mapping_pfr3) by extensions ['ignore', 'ignore_ament_install']
[0.280s] Level 1:colcon.colcon_core.package_identification:_identify(src/mapping_pfr3) by extension 'ignore'
[0.280s] Level 1:colcon.colcon_core.package_identification:_identify(src/mapping_pfr3) by extension 'ignore_ament_install'
[0.280s] Level 1:colcon.colcon_core.package_identification:_identify(src/mapping_pfr3) by extensions ['colcon_pkg']
[0.280s] Level 1:colcon.colcon_core.package_identification:_identify(src/mapping_pfr3) by extension 'colcon_pkg'
[0.280s] Level 1:colcon.colcon_core.package_identification:_identify(src/mapping_pfr3) by extensions ['colcon_meta']
[0.280s] Level 1:colcon.colcon_core.package_identification:_identify(src/mapping_pfr3) by extension 'colcon_meta'
[0.280s] Level 1:colcon.colcon_core.package_identification:_identify(src/mapping_pfr3) by extensions ['ros']
[0.280s] Level 1:colcon.colcon_core.package_identification:_identify(src/mapping_pfr3) by extension 'ros'
[0.282s] DEBUG:colcon.colcon_core.package_identification:Package 'src/mapping_pfr3' with type 'ros.ament_cmake' and name 'mapping_pfr3'
[0.282s] Level 1:colcon.colcon_core.package_identification:_identify(src/rf2o_laser_odometry) by extensions ['ignore', 'ignore_ament_install']
[0.282s] Level 1:colcon.colcon_core.package_identification:_identify(src/rf2o_laser_odometry) by extension 'ignore'
[0.282s] Level 1:colcon.colcon_core.package_identification:_identify(src/rf2o_laser_odometry) by extension 'ignore_ament_install'
[0.282s] Level 1:colcon.colcon_core.package_identification:_identify(src/rf2o_laser_odometry) by extensions ['colcon_pkg']
[0.282s] Level 1:colcon.colcon_core.package_identification:_identify(src/rf2o_laser_odometry) by extension 'colcon_pkg'
[0.282s] Level 1:colcon.colcon_core.package_identification:_identify(src/rf2o_laser_odometry) by extensions ['colcon_meta']
[0.282s] Level 1:colcon.colcon_core.package_identification:_identify(src/rf2o_laser_odometry) by extension 'colcon_meta'
[0.283s] Level 1:colcon.colcon_core.package_identification:_identify(src/rf2o_laser_odometry) by extensions ['ros']
[0.283s] Level 1:colcon.colcon_core.package_identification:_identify(src/rf2o_laser_odometry) by extension 'ros'
[0.283s] DEBUG:colcon.colcon_core.package_identification:Package 'src/rf2o_laser_odometry' with type 'ros.ament_cmake' and name 'rf2o_laser_odometry'
[0.284s] Level 1:colcon.colcon_core.package_identification:_identify(src/topic_bus) by extensions ['ignore', 'ignore_ament_install']
[0.284s] Level 1:colcon.colcon_core.package_identification:_identify(src/topic_bus) by extension 'ignore'
[0.284s] Level 1:colcon.colcon_core.package_identification:_identify(src/topic_bus) by extension 'ignore_ament_install'
[0.284s] Level 1:colcon.colcon_core.package_identification:_identify(src/topic_bus) by extensions ['colcon_pkg']
[0.284s] Level 1:colcon.colcon_core.package_identification:_identify(src/topic_bus) by extension 'colcon_pkg'
[0.284s] Level 1:colcon.colcon_core.package_identification:_identify(src/topic_bus) by extensions ['colcon_meta']
[0.284s] Level 1:colcon.colcon_core.package_identification:_identify(src/topic_bus) by extension 'colcon_meta'
[0.284s] Level 1:colcon.colcon_core.package_identification:_identify(src/topic_bus) by extensions ['ros']
[0.284s] Level 1:colcon.colcon_core.package_identification:_identify(src/topic_bus) by extension 'ros'
[0.284s] DEBUG:colcon.colcon_core.package_identification:Package 'src/topic_bus' with type 'ros.ament_python' and name 'topic_bus'
[0.284s] Level 1:colcon.colcon_core.package_discovery:discover_packages(recursive) using defaults
[0.285s] Level 1:colcon.colcon_core.package_discovery:discover_packages(ignore) discover
[0.285s] Level 1:colcon.colcon_core.package_discovery:discover_packages(ignore) using defaults
[0.285s] Level 1:colcon.colcon_core.package_discovery:discover_packages(path) discover
[0.285s] Level 1:colcon.colcon_core.package_discovery:discover_packages(path) using defaults
[0.311s] Level 1:colcon.colcon_core.package_discovery:discover_packages(prefix_path) check parameters
[0.311s] Level 1:colcon.colcon_core.package_discovery:discover_packages(prefix_path) discover
[0.313s] DEBUG:colcon.colcon_installed_package_information.package_discovery:Found 362 installed packages in /opt/ros/humble
[0.315s] Level 1:colcon.colcon_core.package_discovery:discover_packages(prefix_path) using defaults
[0.358s] Level 5:colcon.colcon_core.verb:set package 'mapping_pfr3' build argument 'cmake_args' from command line to 'None'
[0.358s] Level 5:colcon.colcon_core.verb:set package 'mapping_pfr3' build argument 'cmake_target' from command line to 'None'
[0.358s] Level 5:colcon.colcon_core.verb:set package 'mapping_pfr3' build argument 'cmake_target_skip_unavailable' from command line to 'False'
[0.358s] Level 5:colcon.colcon_core.verb:set package 'mapping_pfr3' build argument 'cmake_clean_cache' from command line to 'False'
[0.358s] Level 5:colcon.colcon_core.verb:set package 'mapping_pfr3' build argument 'cmake_clean_first' from command line to 'False'
[0.358s] Level 5:colcon.colcon_core.verb:set package 'mapping_pfr3' build argument 'cmake_force_configure' from command line to 'False'
[0.358s] Level 5:colcon.colcon_core.verb:set package 'mapping_pfr3' build argument 'ament_cmake_args' from command line to 'None'
[0.358s] Level 5:colcon.colcon_core.verb:set package 'mapping_pfr3' build argument 'catkin_cmake_args' from command line to 'None'
[0.358s] Level 5:colcon.colcon_core.verb:set package 'mapping_pfr3' build argument 'catkin_skip_building_tests' from command line to 'False'
[0.358s] DEBUG:colcon.colcon_core.verb:Building package 'mapping_pfr3' with the following arguments: {'ament_cmake_args': None, 'build_base': '/home/sam/Bureau/projet1A/robot/build/mapping_pfr3', 'catkin_cmake_args': None, 'catkin_skip_building_tests': False, 'cmake_args': None, 'cmake_clean_cache': False, 'cmake_clean_first': False, 'cmake_force_configure': False, 'cmake_target': None, 'cmake_target_skip_unavailable': False, 'install_base': '/home/sam/Bureau/projet1A/robot/install/mapping_pfr3', 'merge_install': False, 'path': '/home/sam/Bureau/projet1A/robot/src/mapping_pfr3', 'symlink_install': False, 'test_result_base': None}
[0.359s] Level 5:colcon.colcon_core.verb:set package 'rf2o_laser_odometry' build argument 'cmake_args' from command line to 'None'
[0.359s] Level 5:colcon.colcon_core.verb:set package 'rf2o_laser_odometry' build argument 'cmake_target' from command line to 'None'
[0.359s] Level 5:colcon.colcon_core.verb:set package 'rf2o_laser_odometry' build argument 'cmake_target_skip_unavailable' from command line to 'False'
[0.359s] Level 5:colcon.colcon_core.verb:set package 'rf2o_laser_odometry' build argument 'cmake_clean_cache' from command line to 'False'
[0.359s] Level 5:colcon.colcon_core.verb:set package 'rf2o_laser_odometry' build argument 'cmake_clean_first' from command line to 'False'
[0.359s] Level 5:colcon.colcon_core.verb:set package 'rf2o_laser_odometry' build argument 'cmake_force_configure' from command line to 'False'
[0.359s] Level 5:colcon.colcon_core.verb:set package 'rf2o_laser_odometry' build argument 'ament_cmake_args' from command line to 'None'
[0.359s] Level 5:colcon.colcon_core.verb:set package 'rf2o_laser_odometry' build argument 'catkin_cmake_args' from command line to 'None'
[0.359s] Level 5:colcon.colcon_core.verb:set package 'rf2o_laser_odometry' build argument 'catkin_skip_building_tests' from command line to 'False'
[0.359s] DEBUG:colcon.colcon_core.verb:Building package 'rf2o_laser_odometry' with the following arguments: {'ament_cmake_args': None, 'build_base': '/home/sam/Bureau/projet1A/robot/build/rf2o_laser_odometry', 'catkin_cmake_args': None, 'catkin_skip_building_tests': False, 'cmake_args': None, 'cmake_clean_cache': False, 'cmake_clean_first': False, 'cmake_force_configure': False, 'cmake_target': None, 'cmake_target_skip_unavailable': False, 'install_base': '/home/sam/Bureau/projet1A/robot/install/rf2o_laser_odometry', 'merge_install': False, 'path': '/home/sam/Bureau/projet1A/robot/src/rf2o_laser_odometry', 'symlink_install': False, 'test_result_base': None}
[0.359s] Level 5:colcon.colcon_core.verb:set package 'topic_bus' build argument 'cmake_args' from command line to 'None'
[0.359s] Level 5:colcon.colcon_core.verb:set package 'topic_bus' build argument 'cmake_target' from command line to 'None'
[0.359s] Level 5:colcon.colcon_core.verb:set package 'topic_bus' build argument 'cmake_target_skip_unavailable' from command line to 'False'
[0.359s] Level 5:colcon.colcon_core.verb:set package 'topic_bus' build argument 'cmake_clean_cache' from command line to 'False'
[0.359s] Level 5:colcon.colcon_core.verb:set package 'topic_bus' build argument 'cmake_clean_first' from command line to 'False'
[0.359s] Level 5:colcon.colcon_core.verb:set package 'topic_bus' build argument 'cmake_force_configure' from command line to 'False'
[0.359s] Level 5:colcon.colcon_core.verb:set package 'topic_bus' build argument 'ament_cmake_args' from command line to 'None'
[0.359s] Level 5:colcon.colcon_core.verb:set package 'topic_bus' build argument 'catkin_cmake_args' from command line to 'None'
[0.359s] Level 5:colcon.colcon_core.verb:set package 'topic_bus' build argument 'catkin_skip_building_tests' from command line to 'False'
[0.359s] DEBUG:colcon.colcon_core.verb:Building package 'topic_bus' with the following arguments: {'ament_cmake_args': None, 'build_base': '/home/sam/Bureau/projet1A/robot/build/topic_bus', 'catkin_cmake_args': None, 'catkin_skip_building_tests': False, 'cmake_args': None, 'cmake_clean_cache': False, 'cmake_clean_first': False, 'cmake_force_configure': False, 'cmake_target': None, 'cmake_target_skip_unavailable': False, 'install_base': '/home/sam/Bureau/projet1A/robot/install/topic_bus', 'merge_install': False, 'path': '/home/sam/Bureau/projet1A/robot/src/topic_bus', 'symlink_install': False, 'test_result_base': None}
[0.359s] INFO:colcon.colcon_core.executor:Executing jobs using 'parallel' executor
[0.360s] DEBUG:colcon.colcon_parallel_executor.executor.parallel:run_until_complete
[0.361s] INFO:colcon.colcon_ros.task.ament_cmake.build:Building ROS package in '/home/sam/Bureau/projet1A/robot/src/mapping_pfr3' with build type 'ament_cmake'
[0.361s] INFO:colcon.colcon_cmake.task.cmake.build:Building CMake package in '/home/sam/Bureau/projet1A/robot/src/mapping_pfr3'
[0.362s] INFO:colcon.colcon_core.plugin_system:Skipping extension 'colcon_core.shell.bat': Not used on non-Windows systems
[0.363s] INFO:colcon.colcon_core.shell:Skip shell extension 'powershell' for command environment: Not usable outside of PowerShell
[0.363s] DEBUG:colcon.colcon_core.shell:Skip shell extension 'dsv' for command environment
[0.365s] INFO:colcon.colcon_ros.task.ament_cmake.build:Building ROS package in '/home/sam/Bureau/projet1A/robot/src/rf2o_laser_odometry' with build type 'ament_cmake'
[0.365s] INFO:colcon.colcon_cmake.task.cmake.build:Building CMake package in '/home/sam/Bureau/projet1A/robot/src/rf2o_laser_odometry'
[0.365s] INFO:colcon.colcon_core.shell:Skip shell extension 'powershell' for command environment: Not usable outside of PowerShell
[0.366s] DEBUG:colcon.colcon_core.shell:Skip shell extension 'dsv' for command environment
[0.368s] INFO:colcon.colcon_ros.task.ament_python.build:Building ROS package in '/home/sam/Bureau/projet1A/robot/src/topic_bus' with build type 'ament_python'
[0.368s] Level 1:colcon.colcon_core.shell:create_environment_hook('topic_bus', 'ament_prefix_path')
[0.368s] INFO:colcon.colcon_core.shell:Creating environment hook '/home/sam/Bureau/projet1A/robot/install/topic_bus/share/topic_bus/hook/ament_prefix_path.ps1'
[0.369s] INFO:colcon.colcon_core.shell:Creating environment descriptor '/home/sam/Bureau/projet1A/robot/install/topic_bus/share/topic_bus/hook/ament_prefix_path.dsv'
[0.369s] INFO:colcon.colcon_core.shell:Creating environment hook '/home/sam/Bureau/projet1A/robot/install/topic_bus/share/topic_bus/hook/ament_prefix_path.sh'
[0.370s] INFO:colcon.colcon_core.shell:Skip shell extension 'powershell' for command environment: Not usable outside of PowerShell
[0.370s] DEBUG:colcon.colcon_core.shell:Skip shell extension 'dsv' for command environment
[0.376s] DEBUG:colcon.colcon_core.event_handler.log_command:Invoking command in '/home/sam/Bureau/projet1A/robot/build/mapping_pfr3': CMAKE_PREFIX_PATH=/opt/ros/humble /usr/bin/cmake --build /home/sam/Bureau/projet1A/robot/build/mapping_pfr3 -- -j8 -l8
[0.379s] DEBUG:colcon.colcon_core.event_handler.log_command:Invoking command in '/home/sam/Bureau/projet1A/robot/build/rf2o_laser_odometry': CMAKE_PREFIX_PATH=/opt/ros/humble /usr/bin/cmake --build /home/sam/Bureau/projet1A/robot/build/rf2o_laser_odometry -- -j8 -l8
[0.619s] INFO:colcon.colcon_core.task.python.build:Building Python package in '/home/sam/Bureau/projet1A/robot/src/topic_bus'
[0.619s] INFO:colcon.colcon_core.shell:Skip shell extension 'powershell' for command environment: Not usable outside of PowerShell
[0.619s] DEBUG:colcon.colcon_core.shell:Skip shell extension 'dsv' for command environment
[0.623s] DEBUG:colcon.colcon_core.event_handler.log_command:Invoked command in '/home/sam/Bureau/projet1A/robot/build/mapping_pfr3' returned '0': CMAKE_PREFIX_PATH=/opt/ros/humble /usr/bin/cmake --build /home/sam/Bureau/projet1A/robot/build/mapping_pfr3 -- -j8 -l8
[0.625s] DEBUG:colcon.colcon_core.event_handler.log_command:Invoked command in '/home/sam/Bureau/projet1A/robot/build/rf2o_laser_odometry' returned '0': CMAKE_PREFIX_PATH=/opt/ros/humble /usr/bin/cmake --build /home/sam/Bureau/projet1A/robot/build/rf2o_laser_odometry -- -j8 -l8
[0.646s] DEBUG:colcon.colcon_core.event_handler.log_command:Invoking command in '/home/sam/Bureau/projet1A/robot/build/mapping_pfr3': CMAKE_PREFIX_PATH=/opt/ros/humble /usr/bin/cmake --install /home/sam/Bureau/projet1A/robot/build/mapping_pfr3
[0.648s] DEBUG:colcon.colcon_core.event_handler.log_command:Invoking command in '/home/sam/Bureau/projet1A/robot/build/rf2o_laser_odometry': CMAKE_PREFIX_PATH=/opt/ros/humble /usr/bin/cmake --install /home/sam/Bureau/projet1A/robot/build/rf2o_laser_odometry
[0.657s] Level 1:colcon.colcon_core.environment:create_environment_scripts_only(mapping_pfr3)
[0.658s] DEBUG:colcon.colcon_core.event_handler.log_command:Invoked command in '/home/sam/Bureau/projet1A/robot/build/mapping_pfr3' returned '0': CMAKE_PREFIX_PATH=/opt/ros/humble /usr/bin/cmake --install /home/sam/Bureau/projet1A/robot/build/mapping_pfr3
[0.660s] Level 1:colcon.colcon_core.environment:checking '/home/sam/Bureau/projet1A/robot/install/mapping_pfr3' for CMake module files
[0.661s] Level 1:colcon.colcon_core.environment:checking '/home/sam/Bureau/projet1A/robot/install/mapping_pfr3' for CMake config files
[0.661s] Level 1:colcon.colcon_core.shell:create_environment_hook('mapping_pfr3', 'cmake_prefix_path')
[0.661s] INFO:colcon.colcon_core.shell:Creating environment hook '/home/sam/Bureau/projet1A/robot/install/mapping_pfr3/share/mapping_pfr3/hook/cmake_prefix_path.ps1'
[0.661s] INFO:colcon.colcon_core.shell:Creating environment descriptor '/home/sam/Bureau/projet1A/robot/install/mapping_pfr3/share/mapping_pfr3/hook/cmake_prefix_path.dsv'
[0.662s] INFO:colcon.colcon_core.shell:Creating environment hook '/home/sam/Bureau/projet1A/robot/install/mapping_pfr3/share/mapping_pfr3/hook/cmake_prefix_path.sh'
[0.662s] Level 1:colcon.colcon_core.environment:checking '/home/sam/Bureau/projet1A/robot/install/mapping_pfr3/bin'
[0.662s] Level 1:colcon.colcon_core.environment:checking '/home/sam/Bureau/projet1A/robot/install/mapping_pfr3/lib/pkgconfig/mapping_pfr3.pc'
[0.662s] Level 1:colcon.colcon_core.environment:checking '/home/sam/Bureau/projet1A/robot/install/mapping_pfr3/lib/python3.10/site-packages'
[0.663s] Level 1:colcon.colcon_core.environment:checking '/home/sam/Bureau/projet1A/robot/install/mapping_pfr3/bin'
[0.663s] INFO:colcon.colcon_core.shell:Creating package script '/home/sam/Bureau/projet1A/robot/install/mapping_pfr3/share/mapping_pfr3/package.ps1'
[0.664s] INFO:colcon.colcon_core.shell:Creating package descriptor '/home/sam/Bureau/projet1A/robot/install/mapping_pfr3/share/mapping_pfr3/package.dsv'
[0.664s] INFO:colcon.colcon_core.shell:Creating package script '/home/sam/Bureau/projet1A/robot/install/mapping_pfr3/share/mapping_pfr3/package.sh'
[0.665s] INFO:colcon.colcon_core.shell:Creating package script '/home/sam/Bureau/projet1A/robot/install/mapping_pfr3/share/mapping_pfr3/package.bash'
[0.665s] INFO:colcon.colcon_core.shell:Creating package script '/home/sam/Bureau/projet1A/robot/install/mapping_pfr3/share/mapping_pfr3/package.zsh'
[0.666s] Level 1:colcon.colcon_core.environment:create_file_with_runtime_dependencies(/home/sam/Bureau/projet1A/robot/install/mapping_pfr3/share/colcon-core/packages/mapping_pfr3)
[0.667s] Level 1:colcon.colcon_core.environment:create_environment_scripts_only(rf2o_laser_odometry)
[0.668s] Level 1:colcon.colcon_core.environment:checking '/home/sam/Bureau/projet1A/robot/install/rf2o_laser_odometry' for CMake module files
[0.668s] DEBUG:colcon.colcon_core.event_handler.log_command:Invoked command in '/home/sam/Bureau/projet1A/robot/build/rf2o_laser_odometry' returned '0': CMAKE_PREFIX_PATH=/opt/ros/humble /usr/bin/cmake --install /home/sam/Bureau/projet1A/robot/build/rf2o_laser_odometry
[0.668s] Level 1:colcon.colcon_core.environment:checking '/home/sam/Bureau/projet1A/robot/install/rf2o_laser_odometry' for CMake config files
[0.669s] Level 1:colcon.colcon_core.shell:create_environment_hook('rf2o_laser_odometry', 'cmake_prefix_path')
[0.669s] INFO:colcon.colcon_core.shell:Creating environment hook '/home/sam/Bureau/projet1A/robot/install/rf2o_laser_odometry/share/rf2o_laser_odometry/hook/cmake_prefix_path.ps1'
[0.670s] INFO:colcon.colcon_core.shell:Creating environment descriptor '/home/sam/Bureau/projet1A/robot/install/rf2o_laser_odometry/share/rf2o_laser_odometry/hook/cmake_prefix_path.dsv'
[0.670s] INFO:colcon.colcon_core.shell:Creating environment hook '/home/sam/Bureau/projet1A/robot/install/rf2o_laser_odometry/share/rf2o_laser_odometry/hook/cmake_prefix_path.sh'
[0.670s] Level 1:colcon.colcon_core.environment:checking '/home/sam/Bureau/projet1A/robot/install/rf2o_laser_odometry/lib'
[0.671s] Level 1:colcon.colcon_core.environment:checking '/home/sam/Bureau/projet1A/robot/install/rf2o_laser_odometry/bin'
[0.671s] Level 1:colcon.colcon_core.environment:checking '/home/sam/Bureau/projet1A/robot/install/rf2o_laser_odometry/lib/pkgconfig/rf2o_laser_odometry.pc'
[0.671s] Level 1:colcon.colcon_core.environment:checking '/home/sam/Bureau/projet1A/robot/install/rf2o_laser_odometry/lib/python3.10/site-packages'
[0.672s] Level 1:colcon.colcon_core.environment:checking '/home/sam/Bureau/projet1A/robot/install/rf2o_laser_odometry/bin'
[0.672s] INFO:colcon.colcon_core.shell:Creating package script '/home/sam/Bureau/projet1A/robot/install/rf2o_laser_odometry/share/rf2o_laser_odometry/package.ps1'
[0.673s] INFO:colcon.colcon_core.shell:Creating package descriptor '/home/sam/Bureau/projet1A/robot/install/rf2o_laser_odometry/share/rf2o_laser_odometry/package.dsv'
[0.673s] INFO:colcon.colcon_core.shell:Creating package script '/home/sam/Bureau/projet1A/robot/install/rf2o_laser_odometry/share/rf2o_laser_odometry/package.sh'
[0.674s] INFO:colcon.colcon_core.shell:Creating package script '/home/sam/Bureau/projet1A/robot/install/rf2o_laser_odometry/share/rf2o_laser_odometry/package.bash'
[0.674s] INFO:colcon.colcon_core.shell:Creating package script '/home/sam/Bureau/projet1A/robot/install/rf2o_laser_odometry/share/rf2o_laser_odometry/package.zsh'
[0.674s] Level 1:colcon.colcon_core.environment:create_file_with_runtime_dependencies(/home/sam/Bureau/projet1A/robot/install/rf2o_laser_odometry/share/colcon-core/packages/rf2o_laser_odometry)
[0.683s] Level 1:colcon.colcon_core.environment:create_environment_scripts_only(mapping_pfr3)
[0.684s] Level 1:colcon.colcon_core.environment:checking '/home/sam/Bureau/projet1A/robot/install/mapping_pfr3' for CMake module files
[0.684s] Level 1:colcon.colcon_core.environment:checking '/home/sam/Bureau/projet1A/robot/install/mapping_pfr3' for CMake config files
[0.684s] Level 1:colcon.colcon_core.shell:create_environment_hook('mapping_pfr3', 'cmake_prefix_path')
[0.685s] INFO:colcon.colcon_core.shell:Creating environment hook '/home/sam/Bureau/projet1A/robot/install/mapping_pfr3/share/mapping_pfr3/hook/cmake_prefix_path.ps1'
[0.685s] INFO:colcon.colcon_core.shell:Creating environment descriptor '/home/sam/Bureau/projet1A/robot/install/mapping_pfr3/share/mapping_pfr3/hook/cmake_prefix_path.dsv'
[0.685s] INFO:colcon.colcon_core.shell:Creating environment hook '/home/sam/Bureau/projet1A/robot/install/mapping_pfr3/share/mapping_pfr3/hook/cmake_prefix_path.sh'
[0.686s] Level 1:colcon.colcon_core.environment:checking '/home/sam/Bureau/projet1A/robot/install/mapping_pfr3/bin'
[0.686s] Level 1:colcon.colcon_core.environment:checking '/home/sam/Bureau/projet1A/robot/install/mapping_pfr3/lib/pkgconfig/mapping_pfr3.pc'
[0.686s] Level 1:colcon.colcon_core.environment:checking '/home/sam/Bureau/projet1A/robot/install/mapping_pfr3/lib/python3.10/site-packages'
[0.686s] Level 1:colcon.colcon_core.environment:checking '/home/sam/Bureau/projet1A/robot/install/mapping_pfr3/bin'
[0.686s] INFO:colcon.colcon_core.shell:Creating package script '/home/sam/Bureau/projet1A/robot/install/mapping_pfr3/share/mapping_pfr3/package.ps1'
[0.687s] INFO:colcon.colcon_core.shell:Creating package descriptor '/home/sam/Bureau/projet1A/robot/install/mapping_pfr3/share/mapping_pfr3/package.dsv'
[0.687s] INFO:colcon.colcon_core.shell:Creating package script '/home/sam/Bureau/projet1A/robot/install/mapping_pfr3/share/mapping_pfr3/package.sh'
[0.688s] INFO:colcon.colcon_core.shell:Creating package script '/home/sam/Bureau/projet1A/robot/install/mapping_pfr3/share/mapping_pfr3/package.bash'
[0.688s] INFO:colcon.colcon_core.shell:Creating package script '/home/sam/Bureau/projet1A/robot/install/mapping_pfr3/share/mapping_pfr3/package.zsh'
[0.688s] Level 1:colcon.colcon_core.environment:create_file_with_runtime_dependencies(/home/sam/Bureau/projet1A/robot/install/mapping_pfr3/share/colcon-core/packages/mapping_pfr3)
[0.695s] Level 1:colcon.colcon_core.environment:create_environment_scripts_only(rf2o_laser_odometry)
[0.695s] Level 1:colcon.colcon_core.environment:checking '/home/sam/Bureau/projet1A/robot/install/rf2o_laser_odometry' for CMake module files
[0.696s] Level 1:colcon.colcon_core.environment:checking '/home/sam/Bureau/projet1A/robot/install/rf2o_laser_odometry' for CMake config files
[0.696s] Level 1:colcon.colcon_core.shell:create_environment_hook('rf2o_laser_odometry', 'cmake_prefix_path')
[0.696s] INFO:colcon.colcon_core.shell:Creating environment hook '/home/sam/Bureau/projet1A/robot/install/rf2o_laser_odometry/share/rf2o_laser_odometry/hook/cmake_prefix_path.ps1'
[0.697s] INFO:colcon.colcon_core.shell:Creating environment descriptor '/home/sam/Bureau/projet1A/robot/install/rf2o_laser_odometry/share/rf2o_laser_odometry/hook/cmake_prefix_path.dsv'
[0.697s] INFO:colcon.colcon_core.shell:Creating environment hook '/home/sam/Bureau/projet1A/robot/install/rf2o_laser_odometry/share/rf2o_laser_odometry/hook/cmake_prefix_path.sh'
[0.697s] Level 1:colcon.colcon_core.environment:checking '/home/sam/Bureau/projet1A/robot/install/rf2o_laser_odometry/lib'
[0.697s] Level 1:colcon.colcon_core.environment:checking '/home/sam/Bureau/projet1A/robot/install/rf2o_laser_odometry/bin'
[0.697s] Level 1:colcon.colcon_core.environment:checking '/home/sam/Bureau/projet1A/robot/install/rf2o_laser_odometry/lib/pkgconfig/rf2o_laser_odometry.pc'
[0.698s] Level 1:colcon.colcon_core.environment:checking '/home/sam/Bureau/projet1A/robot/install/rf2o_laser_odometry/lib/python3.10/site-packages'
[0.698s] Level 1:colcon.colcon_core.environment:checking '/home/sam/Bureau/projet1A/robot/install/rf2o_laser_odometry/bin'
[0.698s] INFO:colcon.colcon_core.shell:Creating package script '/home/sam/Bureau/projet1A/robot/install/rf2o_laser_odometry/share/rf2o_laser_odometry/package.ps1'
[0.698s] INFO:colcon.colcon_core.shell:Creating package descriptor '/home/sam/Bureau/projet1A/robot/install/rf2o_laser_odometry/share/rf2o_laser_odometry/package.dsv'
[0.699s] INFO:colcon.colcon_core.shell:Creating package script '/home/sam/Bureau/projet1A/robot/install/rf2o_laser_odometry/share/rf2o_laser_odometry/package.sh'
[0.699s] INFO:colcon.colcon_core.shell:Creating package script '/home/sam/Bureau/projet1A/robot/install/rf2o_laser_odometry/share/rf2o_laser_odometry/package.bash'
[0.700s] INFO:colcon.colcon_core.shell:Creating package script '/home/sam/Bureau/projet1A/robot/install/rf2o_laser_odometry/share/rf2o_laser_odometry/package.zsh'
[0.700s] Level 1:colcon.colcon_core.environment:create_file_with_runtime_dependencies(/home/sam/Bureau/projet1A/robot/install/rf2o_laser_odometry/share/colcon-core/packages/rf2o_laser_odometry)
[0.960s] DEBUG:colcon.colcon_core.event_handler.log_command:Invoking command in '/home/sam/Bureau/projet1A/robot/src/topic_bus': PYTHONPATH=/home/sam/Bureau/projet1A/robot/build/topic_bus/prefix_override:/home/sam/Bureau/projet1A/robot/install/topic_bus/lib/python3.10/site-packages:${PYTHONPATH} /usr/bin/python3 -W ignore:setup.py install is deprecated setup.py egg_info --egg-base ../../build/topic_bus build --build-base /home/sam/Bureau/projet1A/robot/build/topic_bus/build install --record /home/sam/Bureau/projet1A/robot/build/topic_bus/install.log --single-version-externally-managed install_data
[1.230s] Level 1:colcon.colcon_core.environment:checking '/home/sam/Bureau/projet1A/robot/install/topic_bus' for CMake module files
[1.230s] DEBUG:colcon.colcon_core.event_handler.log_command:Invoked command in '/home/sam/Bureau/projet1A/robot/src/topic_bus' returned '0': PYTHONPATH=/home/sam/Bureau/projet1A/robot/build/topic_bus/prefix_override:/home/sam/Bureau/projet1A/robot/install/topic_bus/lib/python3.10/site-packages:${PYTHONPATH} /usr/bin/python3 -W ignore:setup.py install is deprecated setup.py egg_info --egg-base ../../build/topic_bus build --build-base /home/sam/Bureau/projet1A/robot/build/topic_bus/build install --record /home/sam/Bureau/projet1A/robot/build/topic_bus/install.log --single-version-externally-managed install_data
[1.230s] Level 1:colcon.colcon_core.environment:checking '/home/sam/Bureau/projet1A/robot/install/topic_bus' for CMake config files
[1.231s] Level 1:colcon.colcon_core.shell:create_environment_hook('topic_bus', 'cmake_prefix_path')
[1.231s] INFO:colcon.colcon_core.shell:Creating environment hook '/home/sam/Bureau/projet1A/robot/install/topic_bus/share/topic_bus/hook/cmake_prefix_path.ps1'
[1.231s] INFO:colcon.colcon_core.shell:Creating environment descriptor '/home/sam/Bureau/projet1A/robot/install/topic_bus/share/topic_bus/hook/cmake_prefix_path.dsv'
[1.232s] INFO:colcon.colcon_core.shell:Creating environment hook '/home/sam/Bureau/projet1A/robot/install/topic_bus/share/topic_bus/hook/cmake_prefix_path.sh'
[1.232s] Level 1:colcon.colcon_core.environment:checking '/home/sam/Bureau/projet1A/robot/install/topic_bus/lib'
[1.232s] Level 1:colcon.colcon_core.environment:checking '/home/sam/Bureau/projet1A/robot/install/topic_bus/bin'
[1.232s] Level 1:colcon.colcon_core.environment:checking '/home/sam/Bureau/projet1A/robot/install/topic_bus/lib/pkgconfig/topic_bus.pc'
[1.232s] Level 1:colcon.colcon_core.environment:checking '/home/sam/Bureau/projet1A/robot/install/topic_bus/lib/python3.10/site-packages'
[1.233s] Level 1:colcon.colcon_core.shell:create_environment_hook('topic_bus', 'pythonpath')
[1.233s] INFO:colcon.colcon_core.shell:Creating environment hook '/home/sam/Bureau/projet1A/robot/install/topic_bus/share/topic_bus/hook/pythonpath.ps1'
[1.233s] INFO:colcon.colcon_core.shell:Creating environment descriptor '/home/sam/Bureau/projet1A/robot/install/topic_bus/share/topic_bus/hook/pythonpath.dsv'
[1.233s] INFO:colcon.colcon_core.shell:Creating environment hook '/home/sam/Bureau/projet1A/robot/install/topic_bus/share/topic_bus/hook/pythonpath.sh'
[1.234s] Level 1:colcon.colcon_core.environment:checking '/home/sam/Bureau/projet1A/robot/install/topic_bus/bin'
[1.234s] Level 1:colcon.colcon_core.environment:create_environment_scripts_only(topic_bus)
[1.234s] INFO:colcon.colcon_core.shell:Creating package script '/home/sam/Bureau/projet1A/robot/install/topic_bus/share/topic_bus/package.ps1'
[1.235s] INFO:colcon.colcon_core.shell:Creating package descriptor '/home/sam/Bureau/projet1A/robot/install/topic_bus/share/topic_bus/package.dsv'
[1.235s] INFO:colcon.colcon_core.shell:Creating package script '/home/sam/Bureau/projet1A/robot/install/topic_bus/share/topic_bus/package.sh'
[1.235s] INFO:colcon.colcon_core.shell:Creating package script '/home/sam/Bureau/projet1A/robot/install/topic_bus/share/topic_bus/package.bash'
[1.236s] INFO:colcon.colcon_core.shell:Creating package script '/home/sam/Bureau/projet1A/robot/install/topic_bus/share/topic_bus/package.zsh'
[1.236s] Level 1:colcon.colcon_core.environment:create_file_with_runtime_dependencies(/home/sam/Bureau/projet1A/robot/install/topic_bus/share/colcon-core/packages/topic_bus)
[1.236s] DEBUG:colcon.colcon_parallel_executor.executor.parallel:closing loop
[1.236s] DEBUG:colcon.colcon_parallel_executor.executor.parallel:loop closed
[1.236s] DEBUG:colcon.colcon_parallel_executor.executor.parallel:run_until_complete finished with '0'
[1.236s] DEBUG:colcon.colcon_core.event_reactor:joining thread
[1.241s] INFO:colcon.colcon_core.plugin_system:Skipping extension 'colcon_notification.desktop_notification.terminal_notifier': Not used on non-Darwin systems
[1.241s] INFO:colcon.colcon_core.plugin_system:Skipping extension 'colcon_notification.desktop_notification.win32': Not used on non-Windows systems
[1.241s] INFO:colcon.colcon_notification.desktop_notification:Sending desktop notification using 'notify2'
[1.251s] DEBUG:colcon.colcon_core.event_reactor:joined thread
[1.251s] INFO:colcon.colcon_core.shell:Creating prefix script '/home/sam/Bureau/projet1A/robot/install/local_setup.ps1'
[1.252s] INFO:colcon.colcon_core.shell:Creating prefix util module '/home/sam/Bureau/projet1A/robot/install/_local_setup_util_ps1.py'
[1.253s] INFO:colcon.colcon_core.shell:Creating prefix chain script '/home/sam/Bureau/projet1A/robot/install/setup.ps1'
[1.254s] INFO:colcon.colcon_core.shell:Creating prefix script '/home/sam/Bureau/projet1A/robot/install/local_setup.sh'
[1.255s] INFO:colcon.colcon_core.shell:Creating prefix util module '/home/sam/Bureau/projet1A/robot/install/_local_setup_util_sh.py'
[1.255s] INFO:colcon.colcon_core.shell:Creating prefix chain script '/home/sam/Bureau/projet1A/robot/install/setup.sh'
[1.256s] INFO:colcon.colcon_core.shell:Creating prefix script '/home/sam/Bureau/projet1A/robot/install/local_setup.bash'
[1.257s] INFO:colcon.colcon_core.shell:Creating prefix chain script '/home/sam/Bureau/projet1A/robot/install/setup.bash'
[1.258s] INFO:colcon.colcon_core.shell:Creating prefix script '/home/sam/Bureau/projet1A/robot/install/local_setup.zsh'
[1.258s] INFO:colcon.colcon_core.shell:Creating prefix chain script '/home/sam/Bureau/projet1A/robot/install/setup.zsh'
