[0.101s] DEBUG:colcon:Command line arguments: ['/usr/bin/colcon', 'build', '--symlink-install']
[0.102s] DEBUG:colcon:Parsed command line arguments: Namespace(log_base=None, log_level=None, verb_name='build', build_base='build', install_base='install', merge_install=False, symlink_install=True, test_result_base=None, continue_on_error=False, executor='parallel', parallel_workers=8, event_handlers=None, ignore_user_meta=False, metas=['./colcon.meta'], base_paths=['.'], packages_ignore=None, packages_ignore_regex=None, paths=None, packages_up_to=None, packages_up_to_regex=None, packages_above=None, packages_above_and_dependencies=None, packages_above_depth=None, packages_select_by_dep=None, packages_skip_by_dep=None, packages_skip_up_to=None, packages_select_build_failed=False, packages_skip_build_finished=False, packages_select_test_failures=False, packages_skip_test_passed=False, packages_select=None, packages_skip=None, packages_select_regex=None, packages_skip_regex=None, packages_start=None, packages_end=None, allow_overriding=[], cmake_args=None, cmake_target=None, cmake_target_skip_unavailable=False, cmake_clean_cache=False, cmake_clean_first=False, cmake_force_configure=False, ament_cmake_args=None, catkin_cmake_args=None, catkin_skip_building_tests=False, mixin_files=None, mixin=None, verb_parser=<colcon_mixin.mixin.mixin_argument.MixinArgumentDecorator object at 0x7b5bfd2358a0>, verb_extension=<colcon_core.verb.build.BuildVerb object at 0x7b5bfd235480>, main=<bound method BuildVerb.main of <colcon_core.verb.build.BuildVerb object at 0x7b5bfd235480>>, mixin_verb=('build',))
[0.270s] Level 1:colcon.colcon_core.package_discovery:discover_packages(colcon_meta) check parameters
[0.270s] Level 1:colcon.colcon_core.package_discovery:discover_packages(recursive) check parameters
[0.270s] Level 1:colcon.colcon_core.package_discovery:discover_packages(ignore) check parameters
[0.270s] Level 1:colcon.colcon_core.package_discovery:discover_packages(path) check parameters
[0.270s] Level 1:colcon.colcon_core.package_discovery:discover_packages(colcon_meta) discover
[0.270s] Level 1:colcon.colcon_core.package_discovery:discover_packages(recursive) discover
[0.270s] INFO:colcon.colcon_core.package_discovery:Crawling recursively for packages in '/home/sam/Bureau/projet1A/robot'
[0.270s] Level 1:colcon.colcon_core.package_identification:_identify(.) by extensions ['ignore', 'ignore_ament_install']
[0.270s] Level 1:colcon.colcon_core.package_identification:_identify(.) by extension 'ignore'
[0.270s] Level 1:colcon.colcon_core.package_identification:_identify(.) by extension 'ignore_ament_install'
[0.270s] Level 1:colcon.colcon_core.package_identification:_identify(.) by extensions ['colcon_pkg']
[0.270s] Level 1:colcon.colcon_core.package_identification:_identify(.) by extension 'colcon_pkg'
[0.270s] Level 1:colcon.colcon_core.package_identification:_identify(.) by extensions ['colcon_meta']
[0.270s] Level 1:colcon.colcon_core.package_identification:_identify(.) by extension 'colcon_meta'
[0.270s] Level 1:colcon.colcon_core.package_identification:_identify(.) by extensions ['ros']
[0.271s] Level 1:colcon.colcon_core.package_identification:_identify(.) by extension 'ros'
[0.281s] Level 1:colcon.colcon_core.package_identification:_identify(.) by extensions ['cmake', 'python']
[0.281s] Level 1:colcon.colcon_core.package_identification:_identify(.) by extension 'cmake'
[0.281s] Level 1:colcon.colcon_core.package_identification:_identify(.) by extension 'python'
[0.281s] Level 1:colcon.colcon_core.package_identification:_identify(.) by extensions ['python_setup_py']
[0.281s] Level 1:colcon.colcon_core.package_identification:_identify(.) by extension 'python_setup_py'
[0.281s] Level 1:colcon.colcon_core.package_identification:_identify(build) by extensions ['ignore', 'ignore_ament_install']
[0.281s] Level 1:colcon.colcon_core.package_identification:_identify(build) by extension 'ignore'
[0.281s] Level 1:colcon.colcon_core.package_identification:_identify(build) ignored
[0.281s] Level 1:colcon.colcon_core.package_identification:_identify(install) by extensions ['ignore', 'ignore_ament_install']
[0.281s] Level 1:colcon.colcon_core.package_identification:_identify(install) by extension 'ignore'
[0.281s] Level 1:colcon.colcon_core.package_identification:_identify(install) ignored
[0.282s] Level 1:colcon.colcon_core.package_identification:_identify(log) by extensions ['ignore', 'ignore_ament_install']
[0.282s] Level 1:colcon.colcon_core.package_identification:_identify(log) by extension 'ignore'
[0.282s] Level 1:colcon.colcon_core.package_identification:_identify(log) ignored
[0.282s] Level 1:colcon.colcon_core.package_identification:_identify(src) by extensions ['ignore', 'ignore_ament_install']
[0.282s] Level 1:colcon.colcon_core.package_identification:_identify(src) by extension 'ignore'
[0.282s] Level 1:colcon.colcon_core.package_identification:_identify(src) by extension 'ignore_ament_install'
[0.282s] Level 1:colcon.colcon_core.package_identification:_identify(src) by extensions ['colcon_pkg']
[0.282s] Level 1:colcon.colcon_core.package_identification:_identify(src) by extension 'colcon_pkg'
[0.282s] Level 1:colcon.colcon_core.package_identification:_identify(src) by extensions ['colcon_meta']
[0.282s] Level 1:colcon.colcon_core.package_identification:_identify(src) by extension 'colcon_meta'
[0.282s] Level 1:colcon.colcon_core.package_identification:_identify(src) by extensions ['ros']
[0.282s] Level 1:colcon.colcon_core.package_identification:_identify(src) by extension 'ros'
[0.282s] Level 1:colcon.colcon_core.package_identification:_identify(src) by extensions ['cmake', 'python']
[0.282s] Level 1:colcon.colcon_core.package_identification:_identify(src) by extension 'cmake'
[0.282s] Level 1:colcon.colcon_core.package_identification:_identify(src) by extension 'python'
[0.282s] Level 1:colcon.colcon_core.package_identification:_identify(src) by extensions ['python_setup_py']
[0.282s] Level 1:colcon.colcon_core.package_identification:_identify(src) by extension 'python_setup_py'
[0.282s] Level 1:colcon.colcon_core.package_identification:_identify(src/robot_lidar) by extensions ['ignore', 'ignore_ament_install']
[0.283s] Level 1:colcon.colcon_core.package_identification:_identify(src/robot_lidar) by extension 'ignore'
[0.283s] Level 1:colcon.colcon_core.package_identification:_identify(src/robot_lidar) by extension 'ignore_ament_install'
[0.283s] Level 1:colcon.colcon_core.package_identification:_identify(src/robot_lidar) by extensions ['colcon_pkg']
[0.283s] Level 1:colcon.colcon_core.package_identification:_identify(src/robot_lidar) by extension 'colcon_pkg'
[0.283s] Level 1:colcon.colcon_core.package_identification:_identify(src/robot_lidar) by extensions ['colcon_meta']
[0.283s] Level 1:colcon.colcon_core.package_identification:_identify(src/robot_lidar) by extension 'colcon_meta'
[0.283s] Level 1:colcon.colcon_core.package_identification:_identify(src/robot_lidar) by extensions ['ros']
[0.283s] Level 1:colcon.colcon_core.package_identification:_identify(src/robot_lidar) by extension 'ros'
[0.288s] DEBUG:colcon.colcon_core.package_identification:Package 'src/robot_lidar' with type 'ros.ament_python' and name 'robot_lidar'
[0.288s] Level 1:colcon.colcon_core.package_identification:_identify(src/sllidar_ros2) by extensions ['ignore', 'ignore_ament_install']
[0.289s] Level 1:colcon.colcon_core.package_identification:_identify(src/sllidar_ros2) by extension 'ignore'
[0.289s] Level 1:colcon.colcon_core.package_identification:_identify(src/sllidar_ros2) by extension 'ignore_ament_install'
[0.289s] Level 1:colcon.colcon_core.package_identification:_identify(src/sllidar_ros2) by extensions ['colcon_pkg']
[0.289s] Level 1:colcon.colcon_core.package_identification:_identify(src/sllidar_ros2) by extension 'colcon_pkg'
[0.289s] Level 1:colcon.colcon_core.package_identification:_identify(src/sllidar_ros2) by extensions ['colcon_meta']
[0.289s] Level 1:colcon.colcon_core.package_identification:_identify(src/sllidar_ros2) by extension 'colcon_meta'
[0.289s] Level 1:colcon.colcon_core.package_identification:_identify(src/sllidar_ros2) by extensions ['ros']
[0.289s] Level 1:colcon.colcon_core.package_identification:_identify(src/sllidar_ros2) by extension 'ros'
[0.289s] DEBUG:colcon.colcon_core.package_identification:Package 'src/sllidar_ros2' with type 'ros.ament_cmake' and name 'sllidar_ros2'
[0.289s] Level 1:colcon.colcon_core.package_discovery:discover_packages(recursive) using defaults
[0.289s] Level 1:colcon.colcon_core.package_discovery:discover_packages(ignore) discover
[0.290s] Level 1:colcon.colcon_core.package_discovery:discover_packages(ignore) using defaults
[0.290s] Level 1:colcon.colcon_core.package_discovery:discover_packages(path) discover
[0.290s] Level 1:colcon.colcon_core.package_discovery:discover_packages(path) using defaults
[0.315s] Level 1:colcon.colcon_core.package_discovery:discover_packages(prefix_path) check parameters
[0.316s] Level 1:colcon.colcon_core.package_discovery:discover_packages(prefix_path) discover
[0.318s] DEBUG:colcon.colcon_installed_package_information.package_discovery:Found 278 installed packages in /opt/ros/humble
[0.319s] Level 1:colcon.colcon_core.package_discovery:discover_packages(prefix_path) using defaults
[0.354s] Level 5:colcon.colcon_core.verb:set package 'robot_lidar' build argument 'cmake_args' from command line to 'None'
[0.354s] Level 5:colcon.colcon_core.verb:set package 'robot_lidar' build argument 'cmake_target' from command line to 'None'
[0.354s] Level 5:colcon.colcon_core.verb:set package 'robot_lidar' build argument 'cmake_target_skip_unavailable' from command line to 'False'
[0.354s] Level 5:colcon.colcon_core.verb:set package 'robot_lidar' build argument 'cmake_clean_cache' from command line to 'False'
[0.354s] Level 5:colcon.colcon_core.verb:set package 'robot_lidar' build argument 'cmake_clean_first' from command line to 'False'
[0.354s] Level 5:colcon.colcon_core.verb:set package 'robot_lidar' build argument 'cmake_force_configure' from command line to 'False'
[0.354s] Level 5:colcon.colcon_core.verb:set package 'robot_lidar' build argument 'ament_cmake_args' from command line to 'None'
[0.354s] Level 5:colcon.colcon_core.verb:set package 'robot_lidar' build argument 'catkin_cmake_args' from command line to 'None'
[0.354s] Level 5:colcon.colcon_core.verb:set package 'robot_lidar' build argument 'catkin_skip_building_tests' from command line to 'False'
[0.354s] DEBUG:colcon.colcon_core.verb:Building package 'robot_lidar' with the following arguments: {'ament_cmake_args': None, 'build_base': '/home/sam/Bureau/projet1A/robot/build/robot_lidar', 'catkin_cmake_args': None, 'catkin_skip_building_tests': False, 'cmake_args': None, 'cmake_clean_cache': False, 'cmake_clean_first': False, 'cmake_force_configure': False, 'cmake_target': None, 'cmake_target_skip_unavailable': False, 'install_base': '/home/sam/Bureau/projet1A/robot/install/robot_lidar', 'merge_install': False, 'path': '/home/sam/Bureau/projet1A/robot/src/robot_lidar', 'symlink_install': True, 'test_result_base': None}
[0.354s] Level 5:colcon.colcon_core.verb:set package 'sllidar_ros2' build argument 'cmake_args' from command line to 'None'
[0.354s] Level 5:colcon.colcon_core.verb:set package 'sllidar_ros2' build argument 'cmake_target' from command line to 'None'
[0.354s] Level 5:colcon.colcon_core.verb:set package 'sllidar_ros2' build argument 'cmake_target_skip_unavailable' from command line to 'False'
[0.354s] Level 5:colcon.colcon_core.verb:set package 'sllidar_ros2' build argument 'cmake_clean_cache' from command line to 'False'
[0.354s] Level 5:colcon.colcon_core.verb:set package 'sllidar_ros2' build argument 'cmake_clean_first' from command line to 'False'
[0.354s] Level 5:colcon.colcon_core.verb:set package 'sllidar_ros2' build argument 'cmake_force_configure' from command line to 'False'
[0.354s] Level 5:colcon.colcon_core.verb:set package 'sllidar_ros2' build argument 'ament_cmake_args' from command line to 'None'
[0.354s] Level 5:colcon.colcon_core.verb:set package 'sllidar_ros2' build argument 'catkin_cmake_args' from command line to 'None'
[0.354s] Level 5:colcon.colcon_core.verb:set package 'sllidar_ros2' build argument 'catkin_skip_building_tests' from command line to 'False'
[0.354s] DEBUG:colcon.colcon_core.verb:Building package 'sllidar_ros2' with the following arguments: {'ament_cmake_args': None, 'build_base': '/home/sam/Bureau/projet1A/robot/build/sllidar_ros2', 'catkin_cmake_args': None, 'catkin_skip_building_tests': False, 'cmake_args': None, 'cmake_clean_cache': False, 'cmake_clean_first': False, 'cmake_force_configure': False, 'cmake_target': None, 'cmake_target_skip_unavailable': False, 'install_base': '/home/sam/Bureau/projet1A/robot/install/sllidar_ros2', 'merge_install': False, 'path': '/home/sam/Bureau/projet1A/robot/src/sllidar_ros2', 'symlink_install': True, 'test_result_base': None}
[0.355s] INFO:colcon.colcon_core.executor:Executing jobs using 'parallel' executor
[0.356s] DEBUG:colcon.colcon_parallel_executor.executor.parallel:run_until_complete
[0.356s] INFO:colcon.colcon_ros.task.ament_python.build:Building ROS package in '/home/sam/Bureau/projet1A/robot/src/robot_lidar' with build type 'ament_python'
[0.356s] Level 1:colcon.colcon_core.shell:create_environment_hook('robot_lidar', 'ament_prefix_path')
[0.358s] INFO:colcon.colcon_core.plugin_system:Skipping extension 'colcon_core.shell.bat': Not used on non-Windows systems
[0.358s] INFO:colcon.colcon_core.shell:Creating environment hook '/home/sam/Bureau/projet1A/robot/install/robot_lidar/share/robot_lidar/hook/ament_prefix_path.ps1'
[0.362s] INFO:colcon.colcon_core.shell:Creating environment descriptor '/home/sam/Bureau/projet1A/robot/install/robot_lidar/share/robot_lidar/hook/ament_prefix_path.dsv'
[0.362s] INFO:colcon.colcon_core.shell:Creating environment hook '/home/sam/Bureau/projet1A/robot/install/robot_lidar/share/robot_lidar/hook/ament_prefix_path.sh'
[0.363s] INFO:colcon.colcon_core.shell:Skip shell extension 'powershell' for command environment: Not usable outside of PowerShell
[0.363s] DEBUG:colcon.colcon_core.shell:Skip shell extension 'dsv' for command environment
[0.366s] INFO:colcon.colcon_ros.task.ament_cmake.build:Building ROS package in '/home/sam/Bureau/projet1A/robot/src/sllidar_ros2' with build type 'ament_cmake'
[0.366s] INFO:colcon.colcon_cmake.task.cmake.build:Building CMake package in '/home/sam/Bureau/projet1A/robot/src/sllidar_ros2'
[0.366s] INFO:colcon.colcon_core.shell:Skip shell extension 'powershell' for command environment: Not usable outside of PowerShell
[0.366s] DEBUG:colcon.colcon_core.shell:Skip shell extension 'dsv' for command environment
[0.600s] INFO:colcon.colcon_core.task.python.build:Building Python package in '/home/sam/Bureau/projet1A/robot/src/robot_lidar'
[0.600s] INFO:colcon.colcon_core.shell:Skip shell extension 'powershell' for command environment: Not usable outside of PowerShell
[0.600s] DEBUG:colcon.colcon_core.shell:Skip shell extension 'dsv' for command environment
[0.605s] DEBUG:colcon.colcon_core.event_handler.log_command:Invoking command in '/home/sam/Bureau/projet1A/robot/build/sllidar_ros2': CMAKE_PREFIX_PATH=/opt/ros/humble /usr/bin/cmake /home/sam/Bureau/projet1A/robot/src/sllidar_ros2 -DAMENT_CMAKE_SYMLINK_INSTALL=1 -DCMAKE_INSTALL_PREFIX=/home/sam/Bureau/projet1A/robot/install/sllidar_ros2
[0.907s] DEBUG:colcon.colcon_core.task.python.build:While undoing a previous installation files outside the Python library path are being ignored: /home/sam/Bureau/projet1A/robot/install/robot_lidar/share/ament_index/resource_index/packages/robot_lidar
[0.907s] DEBUG:colcon.colcon_core.task.python.build:While undoing a previous installation files outside the Python library path are being ignored: /home/sam/Bureau/projet1A/robot/install/robot_lidar/share/robot_lidar/package.xml
[0.908s] DEBUG:colcon.colcon_core.task.python.build:While undoing a previous installation files outside the Python library path are being ignored: /home/sam/Bureau/projet1A/robot/install/robot_lidar/lib/robot_lidar/test_node
[0.910s] DEBUG:colcon.colcon_core.event_handler.log_command:Invoking command in '/home/sam/Bureau/projet1A/robot/build/robot_lidar': PYTHONPATH=/home/sam/Bureau/projet1A/robot/build/robot_lidar/prefix_override:/home/sam/Bureau/projet1A/robot/install/robot_lidar/lib/python3.10/site-packages:${PYTHONPATH} /usr/bin/python3 -W ignore:setup.py install is deprecated setup.py develop --editable --build-directory /home/sam/Bureau/projet1A/robot/build/robot_lidar/build --no-deps symlink_data --force
[1.333s] Level 1:colcon.colcon_core.shell:create_environment_hook('robot_lidar', 'pythonpath_develop')
[1.333s] INFO:colcon.colcon_core.shell:Creating environment hook '/home/sam/Bureau/projet1A/robot/build/robot_lidar/share/robot_lidar/hook/pythonpath_develop.ps1'
[1.334s] DEBUG:colcon.colcon_core.event_handler.log_command:Invoked command in '/home/sam/Bureau/projet1A/robot/build/robot_lidar' returned '0': PYTHONPATH=/home/sam/Bureau/projet1A/robot/build/robot_lidar/prefix_override:/home/sam/Bureau/projet1A/robot/install/robot_lidar/lib/python3.10/site-packages:${PYTHONPATH} /usr/bin/python3 -W ignore:setup.py install is deprecated setup.py develop --editable --build-directory /home/sam/Bureau/projet1A/robot/build/robot_lidar/build --no-deps symlink_data --force
[1.334s] INFO:colcon.colcon_core.shell:Creating environment descriptor '/home/sam/Bureau/projet1A/robot/build/robot_lidar/share/robot_lidar/hook/pythonpath_develop.dsv'
[1.334s] INFO:colcon.colcon_core.shell:Creating environment hook '/home/sam/Bureau/projet1A/robot/build/robot_lidar/share/robot_lidar/hook/pythonpath_develop.sh'
[1.337s] Level 1:colcon.colcon_core.environment:checking '/home/sam/Bureau/projet1A/robot/install/robot_lidar' for CMake module files
[1.337s] Level 1:colcon.colcon_core.environment:checking '/home/sam/Bureau/projet1A/robot/install/robot_lidar' for CMake config files
[1.338s] Level 1:colcon.colcon_core.environment:checking '/home/sam/Bureau/projet1A/robot/install/robot_lidar/lib'
[1.338s] Level 1:colcon.colcon_core.environment:checking '/home/sam/Bureau/projet1A/robot/install/robot_lidar/bin'
[1.338s] Level 1:colcon.colcon_core.environment:checking '/home/sam/Bureau/projet1A/robot/install/robot_lidar/lib/pkgconfig/robot_lidar.pc'
[1.339s] Level 1:colcon.colcon_core.environment:checking '/home/sam/Bureau/projet1A/robot/install/robot_lidar/lib/python3.10/site-packages'
[1.339s] Level 1:colcon.colcon_core.shell:create_environment_hook('robot_lidar', 'pythonpath')
[1.339s] INFO:colcon.colcon_core.shell:Creating environment hook '/home/sam/Bureau/projet1A/robot/install/robot_lidar/share/robot_lidar/hook/pythonpath.ps1'
[1.339s] INFO:colcon.colcon_core.shell:Creating environment descriptor '/home/sam/Bureau/projet1A/robot/install/robot_lidar/share/robot_lidar/hook/pythonpath.dsv'
[1.339s] INFO:colcon.colcon_core.shell:Creating environment hook '/home/sam/Bureau/projet1A/robot/install/robot_lidar/share/robot_lidar/hook/pythonpath.sh'
[1.340s] Level 1:colcon.colcon_core.environment:checking '/home/sam/Bureau/projet1A/robot/install/robot_lidar/bin'
[1.340s] Level 1:colcon.colcon_core.environment:create_environment_scripts_only(robot_lidar)
[1.340s] INFO:colcon.colcon_core.shell:Creating package script '/home/sam/Bureau/projet1A/robot/install/robot_lidar/share/robot_lidar/package.ps1'
[1.341s] INFO:colcon.colcon_core.shell:Creating package descriptor '/home/sam/Bureau/projet1A/robot/install/robot_lidar/share/robot_lidar/package.dsv'
[1.341s] INFO:colcon.colcon_core.shell:Creating package script '/home/sam/Bureau/projet1A/robot/install/robot_lidar/share/robot_lidar/package.sh'
[1.342s] INFO:colcon.colcon_core.shell:Creating package script '/home/sam/Bureau/projet1A/robot/install/robot_lidar/share/robot_lidar/package.bash'
[1.343s] INFO:colcon.colcon_core.shell:Creating package script '/home/sam/Bureau/projet1A/robot/install/robot_lidar/share/robot_lidar/package.zsh'
[1.343s] Level 1:colcon.colcon_core.environment:create_file_with_runtime_dependencies(/home/sam/Bureau/projet1A/robot/install/robot_lidar/share/colcon-core/packages/robot_lidar)
[2.178s] DEBUG:colcon.colcon_core.event_handler.log_command:Invoked command in '/home/sam/Bureau/projet1A/robot/build/sllidar_ros2' returned '0': CMAKE_PREFIX_PATH=/opt/ros/humble /usr/bin/cmake /home/sam/Bureau/projet1A/robot/src/sllidar_ros2 -DAMENT_CMAKE_SYMLINK_INSTALL=1 -DCMAKE_INSTALL_PREFIX=/home/sam/Bureau/projet1A/robot/install/sllidar_ros2
[2.179s] DEBUG:colcon.colcon_core.event_handler.log_command:Invoking command in '/home/sam/Bureau/projet1A/robot/build/sllidar_ros2': CMAKE_PREFIX_PATH=/opt/ros/humble /usr/bin/cmake --build /home/sam/Bureau/projet1A/robot/build/sllidar_ros2 -- -j8 -l8
[11.197s] DEBUG:colcon.colcon_core.event_handler.log_command:Invoked command in '/home/sam/Bureau/projet1A/robot/build/sllidar_ros2' returned '0': CMAKE_PREFIX_PATH=/opt/ros/humble /usr/bin/cmake --build /home/sam/Bureau/projet1A/robot/build/sllidar_ros2 -- -j8 -l8
[11.249s] DEBUG:colcon.colcon_core.event_handler.log_command:Invoking command in '/home/sam/Bureau/projet1A/robot/build/sllidar_ros2': CMAKE_PREFIX_PATH=/opt/ros/humble /usr/bin/cmake --install /home/sam/Bureau/projet1A/robot/build/sllidar_ros2
[11.578s] Level 1:colcon.colcon_core.environment:create_environment_scripts_only(sllidar_ros2)
[11.578s] Level 1:colcon.colcon_core.environment:checking '/home/sam/Bureau/projet1A/robot/install/sllidar_ros2' for CMake module files
[11.578s] DEBUG:colcon.colcon_core.event_handler.log_command:Invoked command in '/home/sam/Bureau/projet1A/robot/build/sllidar_ros2' returned '0': CMAKE_PREFIX_PATH=/opt/ros/humble /usr/bin/cmake --install /home/sam/Bureau/projet1A/robot/build/sllidar_ros2
[11.579s] Level 1:colcon.colcon_core.environment:checking '/home/sam/Bureau/projet1A/robot/install/sllidar_ros2' for CMake config files
[11.579s] Level 1:colcon.colcon_core.shell:create_environment_hook('sllidar_ros2', 'cmake_prefix_path')
[11.580s] INFO:colcon.colcon_core.shell:Creating environment hook '/home/sam/Bureau/projet1A/robot/install/sllidar_ros2/share/sllidar_ros2/hook/cmake_prefix_path.ps1'
[11.580s] INFO:colcon.colcon_core.shell:Creating environment descriptor '/home/sam/Bureau/projet1A/robot/install/sllidar_ros2/share/sllidar_ros2/hook/cmake_prefix_path.dsv'
[11.580s] INFO:colcon.colcon_core.shell:Creating environment hook '/home/sam/Bureau/projet1A/robot/install/sllidar_ros2/share/sllidar_ros2/hook/cmake_prefix_path.sh'
[11.581s] Level 1:colcon.colcon_core.environment:checking '/home/sam/Bureau/projet1A/robot/install/sllidar_ros2/lib'
[11.581s] Level 1:colcon.colcon_core.environment:checking '/home/sam/Bureau/projet1A/robot/install/sllidar_ros2/bin'
[11.581s] Level 1:colcon.colcon_core.environment:checking '/home/sam/Bureau/projet1A/robot/install/sllidar_ros2/lib/pkgconfig/sllidar_ros2.pc'
[11.581s] Level 1:colcon.colcon_core.environment:checking '/home/sam/Bureau/projet1A/robot/install/sllidar_ros2/lib/python3.10/site-packages'
[11.581s] Level 1:colcon.colcon_core.environment:checking '/home/sam/Bureau/projet1A/robot/install/sllidar_ros2/bin'
[11.581s] INFO:colcon.colcon_core.shell:Creating package script '/home/sam/Bureau/projet1A/robot/install/sllidar_ros2/share/sllidar_ros2/package.ps1'
[11.582s] INFO:colcon.colcon_core.shell:Creating package descriptor '/home/sam/Bureau/projet1A/robot/install/sllidar_ros2/share/sllidar_ros2/package.dsv'
[11.582s] INFO:colcon.colcon_core.shell:Creating package script '/home/sam/Bureau/projet1A/robot/install/sllidar_ros2/share/sllidar_ros2/package.sh'
[11.582s] INFO:colcon.colcon_core.shell:Creating package script '/home/sam/Bureau/projet1A/robot/install/sllidar_ros2/share/sllidar_ros2/package.bash'
[11.583s] INFO:colcon.colcon_core.shell:Creating package script '/home/sam/Bureau/projet1A/robot/install/sllidar_ros2/share/sllidar_ros2/package.zsh'
[11.583s] Level 1:colcon.colcon_core.environment:create_file_with_runtime_dependencies(/home/sam/Bureau/projet1A/robot/install/sllidar_ros2/share/colcon-core/packages/sllidar_ros2)
[11.626s] Level 1:colcon.colcon_core.environment:create_environment_scripts_only(sllidar_ros2)
[11.626s] Level 1:colcon.colcon_core.environment:checking '/home/sam/Bureau/projet1A/robot/install/sllidar_ros2' for CMake module files
[11.627s] Level 1:colcon.colcon_core.environment:checking '/home/sam/Bureau/projet1A/robot/install/sllidar_ros2' for CMake config files
[11.627s] Level 1:colcon.colcon_core.shell:create_environment_hook('sllidar_ros2', 'cmake_prefix_path')
[11.627s] INFO:colcon.colcon_core.shell:Creating environment hook '/home/sam/Bureau/projet1A/robot/install/sllidar_ros2/share/sllidar_ros2/hook/cmake_prefix_path.ps1'
[11.627s] INFO:colcon.colcon_core.shell:Creating environment descriptor '/home/sam/Bureau/projet1A/robot/install/sllidar_ros2/share/sllidar_ros2/hook/cmake_prefix_path.dsv'
[11.628s] INFO:colcon.colcon_core.shell:Creating environment hook '/home/sam/Bureau/projet1A/robot/install/sllidar_ros2/share/sllidar_ros2/hook/cmake_prefix_path.sh'
[11.628s] Level 1:colcon.colcon_core.environment:checking '/home/sam/Bureau/projet1A/robot/install/sllidar_ros2/lib'
[11.628s] Level 1:colcon.colcon_core.environment:checking '/home/sam/Bureau/projet1A/robot/install/sllidar_ros2/bin'
[11.628s] Level 1:colcon.colcon_core.environment:checking '/home/sam/Bureau/projet1A/robot/install/sllidar_ros2/lib/pkgconfig/sllidar_ros2.pc'
[11.628s] Level 1:colcon.colcon_core.environment:checking '/home/sam/Bureau/projet1A/robot/install/sllidar_ros2/lib/python3.10/site-packages'
[11.629s] Level 1:colcon.colcon_core.environment:checking '/home/sam/Bureau/projet1A/robot/install/sllidar_ros2/bin'
[11.629s] INFO:colcon.colcon_core.shell:Creating package script '/home/sam/Bureau/projet1A/robot/install/sllidar_ros2/share/sllidar_ros2/package.ps1'
[11.629s] INFO:colcon.colcon_core.shell:Creating package descriptor '/home/sam/Bureau/projet1A/robot/install/sllidar_ros2/share/sllidar_ros2/package.dsv'
[11.630s] INFO:colcon.colcon_core.shell:Creating package script '/home/sam/Bureau/projet1A/robot/install/sllidar_ros2/share/sllidar_ros2/package.sh'
[11.630s] INFO:colcon.colcon_core.shell:Creating package script '/home/sam/Bureau/projet1A/robot/install/sllidar_ros2/share/sllidar_ros2/package.bash'
[11.630s] INFO:colcon.colcon_core.shell:Creating package script '/home/sam/Bureau/projet1A/robot/install/sllidar_ros2/share/sllidar_ros2/package.zsh'
[11.631s] Level 1:colcon.colcon_core.environment:create_file_with_runtime_dependencies(/home/sam/Bureau/projet1A/robot/install/sllidar_ros2/share/colcon-core/packages/sllidar_ros2)
[11.631s] DEBUG:colcon.colcon_parallel_executor.executor.parallel:closing loop
[11.632s] DEBUG:colcon.colcon_parallel_executor.executor.parallel:loop closed
[11.632s] DEBUG:colcon.colcon_parallel_executor.executor.parallel:run_until_complete finished with '0'
[11.632s] DEBUG:colcon.colcon_core.event_reactor:joining thread
[11.645s] INFO:colcon.colcon_core.plugin_system:Skipping extension 'colcon_notification.desktop_notification.terminal_notifier': Not used on non-Darwin systems
[11.645s] INFO:colcon.colcon_core.plugin_system:Skipping extension 'colcon_notification.desktop_notification.win32': Not used on non-Windows systems
[11.645s] INFO:colcon.colcon_notification.desktop_notification:Sending desktop notification using 'notify2'
[11.657s] DEBUG:colcon.colcon_core.event_reactor:joined thread
[11.658s] INFO:colcon.colcon_core.shell:Creating prefix script '/home/sam/Bureau/projet1A/robot/install/local_setup.ps1'
[11.659s] INFO:colcon.colcon_core.shell:Creating prefix util module '/home/sam/Bureau/projet1A/robot/install/_local_setup_util_ps1.py'
[11.660s] INFO:colcon.colcon_core.shell:Creating prefix chain script '/home/sam/Bureau/projet1A/robot/install/setup.ps1'
[11.661s] INFO:colcon.colcon_core.shell:Creating prefix script '/home/sam/Bureau/projet1A/robot/install/local_setup.sh'
[11.662s] INFO:colcon.colcon_core.shell:Creating prefix util module '/home/sam/Bureau/projet1A/robot/install/_local_setup_util_sh.py'
[11.662s] INFO:colcon.colcon_core.shell:Creating prefix chain script '/home/sam/Bureau/projet1A/robot/install/setup.sh'
[11.663s] INFO:colcon.colcon_core.shell:Creating prefix script '/home/sam/Bureau/projet1A/robot/install/local_setup.bash'
[11.663s] INFO:colcon.colcon_core.shell:Creating prefix chain script '/home/sam/Bureau/projet1A/robot/install/setup.bash'
[11.664s] INFO:colcon.colcon_core.shell:Creating prefix script '/home/sam/Bureau/projet1A/robot/install/local_setup.zsh'
[11.664s] INFO:colcon.colcon_core.shell:Creating prefix chain script '/home/sam/Bureau/projet1A/robot/install/setup.zsh'
