-- The C compiler identification is GNU 11.4.0
-- The CXX compiler identification is GNU 11.4.0
-- Detecting C compiler ABI info
-- Detecting C compiler ABI info - done
-- Check for working C compiler: /usr/bin/cc - skipped
-- Detecting C compile features
-- Detecting C compile features - done
-- Detecting CXX compiler ABI info
-- Detecting CXX compiler ABI info - done
-- Check for working CXX compiler: /usr/bin/c++ - skipped
-- Detecting CXX compile features
-- Detecting CXX compile features - done
-- Found ament_cmake: 1.3.8 (/opt/ros/humble/share/ament_cmake/cmake)
-- Found Python3: /usr/bin/python3 (found version "3.10.12") found components: Interpreter 
-- Found ament_lint_auto: 0.12.10 (/opt/ros/humble/share/ament_lint_auto/cmake)
-- Added test 'lint_cmake' to check CMake code style
-- Added test 'xmllint' to check XML markup files
-- Configuring done
-- Generating done
-- Build files have been written to: /home/sam/Bureau/projet1A/robot/build/topic_bus
-- Install configuration: ""
-- Installing: /home/sam/Bureau/projet1A/robot/install/topic_bus/share/ament_index/resource_index/package_run_dependencies/topic_bus
-- Installing: /home/sam/Bureau/projet1A/robot/install/topic_bus/share/ament_index/resource_index/parent_prefix_path/topic_bus
-- Installing: /home/sam/Bureau/projet1A/robot/install/topic_bus/share/topic_bus/environment/ament_prefix_path.sh
-- Installing: /home/sam/Bureau/projet1A/robot/install/topic_bus/share/topic_bus/environment/ament_prefix_path.dsv
-- Installing: /home/sam/Bureau/projet1A/robot/install/topic_bus/share/topic_bus/environment/path.sh
-- Installing: /home/sam/Bureau/projet1A/robot/install/topic_bus/share/topic_bus/environment/path.dsv
-- Installing: /home/sam/Bureau/projet1A/robot/install/topic_bus/share/topic_bus/local_setup.bash
-- Installing: /home/sam/Bureau/projet1A/robot/install/topic_bus/share/topic_bus/local_setup.sh
-- Installing: /home/sam/Bureau/projet1A/robot/install/topic_bus/share/topic_bus/local_setup.zsh
-- Installing: /home/sam/Bureau/projet1A/robot/install/topic_bus/share/topic_bus/local_setup.dsv
-- Installing: /home/sam/Bureau/projet1A/robot/install/topic_bus/share/topic_bus/package.dsv
-- Installing: /home/sam/Bureau/projet1A/robot/install/topic_bus/share/ament_index/resource_index/packages/topic_bus
-- Installing: /home/sam/Bureau/projet1A/robot/install/topic_bus/share/topic_bus/cmake/topic_busConfig.cmake
-- Installing: /home/sam/Bureau/projet1A/robot/install/topic_bus/share/topic_bus/cmake/topic_busConfig-version.cmake
-- Installing: /home/sam/Bureau/projet1A/robot/install/topic_bus/share/topic_bus/package.xml
