running egg_info
writing ../../build/topic_bus/topic_bus.egg-info/PKG-INFO
writing dependency_links to ../../build/topic_bus/topic_bus.egg-info/dependency_links.txt
writing entry points to ../../build/topic_bus/topic_bus.egg-info/entry_points.txt
writing requirements to ../../build/topic_bus/topic_bus.egg-info/requires.txt
writing top-level names to ../../build/topic_bus/topic_bus.egg-info/top_level.txt
reading manifest file '../../build/topic_bus/topic_bus.egg-info/SOURCES.txt'
writing manifest file '../../build/topic_bus/topic_bus.egg-info/SOURCES.txt'
running build
running build_py
copying topic_bus/topic_bus.py -> /home/sam/Bureau/projet1A/robot/build/topic_bus/build/lib/topic_bus
running install
running install_lib
copying /home/sam/Bureau/projet1A/robot/build/topic_bus/build/lib/topic_bus/topic_bus.py -> /home/sam/Bureau/projet1A/robot/install/topic_bus/lib/python3.10/site-packages/topic_bus
byte-compiling /home/sam/Bureau/projet1A/robot/install/topic_bus/lib/python3.10/site-packages/topic_bus/topic_bus.py to topic_bus.cpython-310.pyc
running install_data
running install_egg_info
removing '/home/sam/Bureau/projet1A/robot/install/topic_bus/lib/python3.10/site-packages/topic_bus-0.0.0-py3.10.egg-info' (and everything under it)
Copying ../../build/topic_bus/topic_bus.egg-info to /home/sam/Bureau/projet1A/robot/install/topic_bus/lib/python3.10/site-packages/topic_bus-0.0.0-py3.10.egg-info
running install_scripts
writing list of installed files to '/home/sam/Bureau/projet1A/robot/build/topic_bus/install.log'
