[0.591s] Invoking command in '/home/sam/Bureau/projet1A/robot/src/topic_bus': PYTHONPATH=/home/sam/Bureau/projet1A/robot/build/topic_bus/prefix_override:/home/sam/Bureau/projet1A/robot/install/topic_bus/lib/python3.10/site-packages:${PYTHONPATH} /usr/bin/python3 -W ignore:setup.py install is deprecated setup.py egg_info --egg-base ../../build/topic_bus build --build-base /home/sam/Bureau/projet1A/robot/build/topic_bus/build install --record /home/sam/Bureau/projet1A/robot/build/topic_bus/install.log --single-version-externally-managed install_data
[0.816s] running egg_info
[0.816s] writing ../../build/topic_bus/topic_bus.egg-info/PKG-INFO
[0.817s] writing dependency_links to ../../build/topic_bus/topic_bus.egg-info/dependency_links.txt
[0.817s] writing entry points to ../../build/topic_bus/topic_bus.egg-info/entry_points.txt
[0.817s] writing requirements to ../../build/topic_bus/topic_bus.egg-info/requires.txt
[0.817s] writing top-level names to ../../build/topic_bus/topic_bus.egg-info/top_level.txt
[0.818s] reading manifest file '../../build/topic_bus/topic_bus.egg-info/SOURCES.txt'
[0.819s] writing manifest file '../../build/topic_bus/topic_bus.egg-info/SOURCES.txt'
[0.819s] running build
[0.819s] running build_py
[0.819s] copying topic_bus/topic_bus.py -> /home/sam/Bureau/projet1A/robot/build/topic_bus/build/lib/topic_bus
[0.820s] running install
[0.820s] running install_lib
[0.820s] copying /home/sam/Bureau/projet1A/robot/build/topic_bus/build/lib/topic_bus/topic_bus.py -> /home/sam/Bureau/projet1A/robot/install/topic_bus/lib/python3.10/site-packages/topic_bus
[0.821s] byte-compiling /home/sam/Bureau/projet1A/robot/install/topic_bus/lib/python3.10/site-packages/topic_bus/topic_bus.py to topic_bus.cpython-310.pyc
[0.821s] running install_data
[0.821s] running install_egg_info
[0.823s] removing '/home/sam/Bureau/projet1A/robot/install/topic_bus/lib/python3.10/site-packages/topic_bus-0.0.0-py3.10.egg-info' (and everything under it)
[0.823s] Copying ../../build/topic_bus/topic_bus.egg-info to /home/sam/Bureau/projet1A/robot/install/topic_bus/lib/python3.10/site-packages/topic_bus-0.0.0-py3.10.egg-info
[0.824s] running install_scripts
[0.842s] writing list of installed files to '/home/sam/Bureau/projet1A/robot/build/topic_bus/install.log'
[0.862s] Invoked command in '/home/sam/Bureau/projet1A/robot/src/topic_bus' returned '0': PYTHONPATH=/home/sam/Bureau/projet1A/robot/build/topic_bus/prefix_override:/home/sam/Bureau/projet1A/robot/install/topic_bus/lib/python3.10/site-packages:${PYTHONPATH} /usr/bin/python3 -W ignore:setup.py install is deprecated setup.py egg_info --egg-base ../../build/topic_bus build --build-base /home/sam/Bureau/projet1A/robot/build/topic_bus/build install --record /home/sam/Bureau/projet1A/robot/build/topic_bus/install.log --single-version-externally-managed install_data
