running egg_info
writing ../../build/robot_lidar/robot_lidar.egg-info/PKG-INFO
writing dependency_links to ../../build/robot_lidar/robot_lidar.egg-info/dependency_links.txt
writing entry points to ../../build/robot_lidar/robot_lidar.egg-info/entry_points.txt
writing requirements to ../../build/robot_lidar/robot_lidar.egg-info/requires.txt
writing top-level names to ../../build/robot_lidar/robot_lidar.egg-info/top_level.txt
reading manifest file '../../build/robot_lidar/robot_lidar.egg-info/SOURCES.txt'
writing manifest file '../../build/robot_lidar/robot_lidar.egg-info/SOURCES.txt'
running build
running build_py
copying robot_lidar/my_first_node.py -> /home/sam/Bureau/projet1A/robot/build/robot_lidar/build/lib/robot_lidar
running install
running install_lib
copying /home/sam/Bureau/projet1A/robot/build/robot_lidar/build/lib/robot_lidar/my_first_node.py -> /home/sam/Bureau/projet1A/robot/install/robot_lidar/lib/python3.10/site-packages/robot_lidar
byte-compiling /home/sam/Bureau/projet1A/robot/install/robot_lidar/lib/python3.10/site-packages/robot_lidar/my_first_node.py to my_first_node.cpython-310.pyc
running install_data
running install_egg_info
removing '/home/sam/Bureau/projet1A/robot/install/robot_lidar/lib/python3.10/site-packages/robot_lidar-0.0.0-py3.10.egg-info' (and everything under it)
Copying ../../build/robot_lidar/robot_lidar.egg-info to /home/sam/Bureau/projet1A/robot/install/robot_lidar/lib/python3.10/site-packages/robot_lidar-0.0.0-py3.10.egg-info
running install_scripts
Installing test_node script to /home/sam/Bureau/projet1A/robot/install/robot_lidar/lib/robot_lidar
writing list of installed files to '/home/sam/Bureau/projet1A/robot/build/robot_lidar/install.log'
