running egg_info
creating ../../build/robot_lidar/robot_lidar.egg-info
writing ../../build/robot_lidar/robot_lidar.egg-info/PKG-INFO
writing dependency_links to ../../build/robot_lidar/robot_lidar.egg-info/dependency_links.txt
writing entry points to ../../build/robot_lidar/robot_lidar.egg-info/entry_points.txt
writing requirements to ../../build/robot_lidar/robot_lidar.egg-info/requires.txt
writing top-level names to ../../build/robot_lidar/robot_lidar.egg-info/top_level.txt
writing manifest file '../../build/robot_lidar/robot_lidar.egg-info/SOURCES.txt'
reading manifest file '../../build/robot_lidar/robot_lidar.egg-info/SOURCES.txt'
writing manifest file '../../build/robot_lidar/robot_lidar.egg-info/SOURCES.txt'
running build
running build_py
creating /home/sam/Bureau/projet1A/robot/build/robot_lidar/build
creating /home/sam/Bureau/projet1A/robot/build/robot_lidar/build/lib
creating /home/sam/Bureau/projet1A/robot/build/robot_lidar/build/lib/robot_lidar
copying robot_lidar/__init__.py -> /home/sam/Bureau/projet1A/robot/build/robot_lidar/build/lib/robot_lidar
running install
running install_lib
creating /home/sam/Bureau/projet1A/robot/install/robot_lidar/lib/python3.10/site-packages/robot_lidar
copying /home/sam/Bureau/projet1A/robot/build/robot_lidar/build/lib/robot_lidar/__init__.py -> /home/sam/Bureau/projet1A/robot/install/robot_lidar/lib/python3.10/site-packages/robot_lidar
byte-compiling /home/sam/Bureau/projet1A/robot/install/robot_lidar/lib/python3.10/site-packages/robot_lidar/__init__.py to __init__.cpython-310.pyc
running install_data
creating /home/sam/Bureau/projet1A/robot/install/robot_lidar/share/ament_index
creating /home/sam/Bureau/projet1A/robot/install/robot_lidar/share/ament_index/resource_index
creating /home/sam/Bureau/projet1A/robot/install/robot_lidar/share/ament_index/resource_index/packages
copying resource/robot_lidar -> /home/sam/Bureau/projet1A/robot/install/robot_lidar/share/ament_index/resource_index/packages
copying package.xml -> /home/sam/Bureau/projet1A/robot/install/robot_lidar/share/robot_lidar
running install_egg_info
Copying ../../build/robot_lidar/robot_lidar.egg-info to /home/sam/Bureau/projet1A/robot/install/robot_lidar/lib/python3.10/site-packages/robot_lidar-0.0.0-py3.10.egg-info
running install_scripts
writing list of installed files to '/home/sam/Bureau/projet1A/robot/build/robot_lidar/install.log'
