[0.010s] Invoking command in '/home/sam/Bureau/projet1A/robot/build/rf2o_laser_odometry': CMAKE_PREFIX_PATH=/opt/ros/humble /usr/bin/cmake --build /home/sam/Bureau/projet1A/robot/build/rf2o_laser_odometry -- -j8 -l8
[0.042s] [35m[1mConsolidate compiler generated dependencies of target rf2o_laser_odometry[0m
[0.043s] [35m[1mConsolidate compiler generated dependencies of target rf2o_laser_odometry_node[0m
[0.058s] [ 40%] Built target rf2o_laser_odometry
[0.062s] [100%] Built target rf2o_laser_odometry_node
[0.080s] Invoked command in '/home/sam/Bureau/projet1A/robot/build/rf2o_laser_odometry' returned '0': CMAKE_PREFIX_PATH=/opt/ros/humble /usr/bin/cmake --build /home/sam/Bureau/projet1A/robot/build/rf2o_laser_odometry -- -j8 -l8
[0.101s] Invoking command in '/home/sam/Bureau/projet1A/robot/build/rf2o_laser_odometry': CMAKE_PREFIX_PATH=/opt/ros/humble /usr/bin/cmake --install /home/sam/Bureau/projet1A/robot/build/rf2o_laser_odometry
[0.107s] -- Install configuration: ""
[0.108s] -- Up-to-date: /home/sam/Bureau/projet1A/robot/install/rf2o_laser_odometry/lib/rf2o_laser_odometry/rf2o_laser_odometry_node
[0.108s] -- Up-to-date: /home/sam/Bureau/projet1A/robot/install/rf2o_laser_odometry/share/rf2o_laser_odometry/launch
[0.108s] -- Up-to-date: /home/sam/Bureau/projet1A/robot/install/rf2o_laser_odometry/share/rf2o_laser_odometry/launch/rf2o_laser_odometry.launch.py
[0.108s] -- Up-to-date: /home/sam/Bureau/projet1A/robot/install/rf2o_laser_odometry/share/ament_index/resource_index/package_run_dependencies/rf2o_laser_odometry
[0.108s] -- Up-to-date: /home/sam/Bureau/projet1A/robot/install/rf2o_laser_odometry/share/ament_index/resource_index/parent_prefix_path/rf2o_laser_odometry
[0.108s] -- Up-to-date: /home/sam/Bureau/projet1A/robot/install/rf2o_laser_odometry/share/rf2o_laser_odometry/environment/ament_prefix_path.sh
[0.108s] -- Up-to-date: /home/sam/Bureau/projet1A/robot/install/rf2o_laser_odometry/share/rf2o_laser_odometry/environment/ament_prefix_path.dsv
[0.108s] -- Up-to-date: /home/sam/Bureau/projet1A/robot/install/rf2o_laser_odometry/share/rf2o_laser_odometry/environment/path.sh
[0.109s] -- Up-to-date: /home/sam/Bureau/projet1A/robot/install/rf2o_laser_odometry/share/rf2o_laser_odometry/environment/path.dsv
[0.109s] -- Up-to-date: /home/sam/Bureau/projet1A/robot/install/rf2o_laser_odometry/share/rf2o_laser_odometry/local_setup.bash
[0.109s] -- Up-to-date: /home/sam/Bureau/projet1A/robot/install/rf2o_laser_odometry/share/rf2o_laser_odometry/local_setup.sh
[0.109s] -- Up-to-date: /home/sam/Bureau/projet1A/robot/install/rf2o_laser_odometry/share/rf2o_laser_odometry/local_setup.zsh
[0.109s] -- Up-to-date: /home/sam/Bureau/projet1A/robot/install/rf2o_laser_odometry/share/rf2o_laser_odometry/local_setup.dsv
[0.109s] -- Installing: /home/sam/Bureau/projet1A/robot/install/rf2o_laser_odometry/share/rf2o_laser_odometry/package.dsv
[0.109s] -- Up-to-date: /home/sam/Bureau/projet1A/robot/install/rf2o_laser_odometry/share/ament_index/resource_index/packages/rf2o_laser_odometry
[0.109s] -- Up-to-date: /home/sam/Bureau/projet1A/robot/install/rf2o_laser_odometry/share/rf2o_laser_odometry/cmake/rf2o_laser_odometryConfig.cmake
[0.109s] -- Up-to-date: /home/sam/Bureau/projet1A/robot/install/rf2o_laser_odometry/share/rf2o_laser_odometry/cmake/rf2o_laser_odometryConfig-version.cmake
[0.109s] -- Up-to-date: /home/sam/Bureau/projet1A/robot/install/rf2o_laser_odometry/share/rf2o_laser_odometry/package.xml
[0.111s] Invoked command in '/home/sam/Bureau/projet1A/robot/build/rf2o_laser_odometry' returned '0': CMAKE_PREFIX_PATH=/opt/ros/humble /usr/bin/cmake --install /home/sam/Bureau/projet1A/robot/build/rf2o_laser_odometry
