[0.104s] DEBUG:colcon:Command line arguments: ['/usr/bin/colcon', 'build']
[0.104s] DEBUG:colcon:Parsed command line arguments: Namespace(log_base=None, log_level=None, verb_name='build', build_base='build', install_base='install', merge_install=False, symlink_install=False, test_result_base=None, continue_on_error=False, executor='parallel', parallel_workers=8, event_handlers=None, ignore_user_meta=False, metas=['./colcon.meta'], base_paths=['.'], packages_ignore=None, packages_ignore_regex=None, paths=None, packages_up_to=None, packages_up_to_regex=None, packages_above=None, packages_above_and_dependencies=None, packages_above_depth=None, packages_select_by_dep=None, packages_skip_by_dep=None, packages_skip_up_to=None, packages_select_build_failed=False, packages_skip_build_finished=False, packages_select_test_failures=False, packages_skip_test_passed=False, packages_select=None, packages_skip=None, packages_select_regex=None, packages_skip_regex=None, packages_start=None, packages_end=None, allow_overriding=[], cmake_args=None, cmake_target=None, cmake_target_skip_unavailable=False, cmake_clean_cache=False, cmake_clean_first=False, cmake_force_configure=False, ament_cmake_args=None, catkin_cmake_args=None, catkin_skip_building_tests=False, mixin_files=None, mixin=None, verb_parser=<colcon_mixin.mixin.mixin_argument.MixinArgumentDecorator object at 0x7d3a3112e140>, verb_extension=<colcon_core.verb.build.BuildVerb object at 0x7d3a3112dc90>, main=<bound method BuildVerb.main of <colcon_core.verb.build.BuildVerb object at 0x7d3a3112dc90>>, mixin_verb=('build',))
[0.281s] Level 1:colcon.colcon_core.package_discovery:discover_packages(colcon_meta) check parameters
[0.282s] Level 1:colcon.colcon_core.package_discovery:discover_packages(recursive) check parameters
[0.282s] Level 1:colcon.colcon_core.package_discovery:discover_packages(ignore) check parameters
[0.282s] Level 1:colcon.colcon_core.package_discovery:discover_packages(path) check parameters
[0.282s] Level 1:colcon.colcon_core.package_discovery:discover_packages(colcon_meta) discover
[0.282s] Level 1:colcon.colcon_core.package_discovery:discover_packages(recursive) discover
[0.282s] INFO:colcon.colcon_core.package_discovery:Crawling recursively for packages in '/home/sam/Bureau/projet1A/robot'
[0.282s] Level 1:colcon.colcon_core.package_identification:_identify(.) by extensions ['ignore', 'ignore_ament_install']
[0.282s] Level 1:colcon.colcon_core.package_identification:_identify(.) by extension 'ignore'
[0.282s] Level 1:colcon.colcon_core.package_identification:_identify(.) by extension 'ignore_ament_install'
[0.282s] Level 1:colcon.colcon_core.package_identification:_identify(.) by extensions ['colcon_pkg']
[0.282s] Level 1:colcon.colcon_core.package_identification:_identify(.) by extension 'colcon_pkg'
[0.282s] Level 1:colcon.colcon_core.package_identification:_identify(.) by extensions ['colcon_meta']
[0.282s] Level 1:colcon.colcon_core.package_identification:_identify(.) by extension 'colcon_meta'
[0.282s] Level 1:colcon.colcon_core.package_identification:_identify(.) by extensions ['ros']
[0.282s] Level 1:colcon.colcon_core.package_identification:_identify(.) by extension 'ros'
[0.293s] Level 1:colcon.colcon_core.package_identification:_identify(.) by extensions ['cmake', 'python']
[0.293s] Level 1:colcon.colcon_core.package_identification:_identify(.) by extension 'cmake'
[0.293s] Level 1:colcon.colcon_core.package_identification:_identify(.) by extension 'python'
[0.293s] Level 1:colcon.colcon_core.package_identification:_identify(.) by extensions ['python_setup_py']
[0.293s] Level 1:colcon.colcon_core.package_identification:_identify(.) by extension 'python_setup_py'
[0.293s] Level 1:colcon.colcon_core.package_identification:_identify(build) by extensions ['ignore', 'ignore_ament_install']
[0.293s] Level 1:colcon.colcon_core.package_identification:_identify(build) by extension 'ignore'
[0.293s] Level 1:colcon.colcon_core.package_identification:_identify(build) ignored
[0.293s] Level 1:colcon.colcon_core.package_identification:_identify(install) by extensions ['ignore', 'ignore_ament_install']
[0.293s] Level 1:colcon.colcon_core.package_identification:_identify(install) by extension 'ignore'
[0.293s] Level 1:colcon.colcon_core.package_identification:_identify(install) ignored
[0.293s] Level 1:colcon.colcon_core.package_identification:_identify(log) by extensions ['ignore', 'ignore_ament_install']
[0.293s] Level 1:colcon.colcon_core.package_identification:_identify(log) by extension 'ignore'
[0.293s] Level 1:colcon.colcon_core.package_identification:_identify(log) ignored
[0.294s] Level 1:colcon.colcon_core.package_identification:_identify(src) by extensions ['ignore', 'ignore_ament_install']
[0.294s] Level 1:colcon.colcon_core.package_identification:_identify(src) by extension 'ignore'
[0.294s] Level 1:colcon.colcon_core.package_identification:_identify(src) by extension 'ignore_ament_install'
[0.294s] Level 1:colcon.colcon_core.package_identification:_identify(src) by extensions ['colcon_pkg']
[0.294s] Level 1:colcon.colcon_core.package_identification:_identify(src) by extension 'colcon_pkg'
[0.294s] Level 1:colcon.colcon_core.package_identification:_identify(src) by extensions ['colcon_meta']
[0.294s] Level 1:colcon.colcon_core.package_identification:_identify(src) by extension 'colcon_meta'
[0.294s] Level 1:colcon.colcon_core.package_identification:_identify(src) by extensions ['ros']
[0.294s] Level 1:colcon.colcon_core.package_identification:_identify(src) by extension 'ros'
[0.294s] Level 1:colcon.colcon_core.package_identification:_identify(src) by extensions ['cmake', 'python']
[0.294s] Level 1:colcon.colcon_core.package_identification:_identify(src) by extension 'cmake'
[0.294s] Level 1:colcon.colcon_core.package_identification:_identify(src) by extension 'python'
[0.294s] Level 1:colcon.colcon_core.package_identification:_identify(src) by extensions ['python_setup_py']
[0.294s] Level 1:colcon.colcon_core.package_identification:_identify(src) by extension 'python_setup_py'
[0.294s] Level 1:colcon.colcon_core.package_identification:_identify(src/mapping_pfr3) by extensions ['ignore', 'ignore_ament_install']
[0.294s] Level 1:colcon.colcon_core.package_identification:_identify(src/mapping_pfr3) by extension 'ignore'
[0.294s] Level 1:colcon.colcon_core.package_identification:_identify(src/mapping_pfr3) by extension 'ignore_ament_install'
[0.294s] Level 1:colcon.colcon_core.package_identification:_identify(src/mapping_pfr3) by extensions ['colcon_pkg']
[0.294s] Level 1:colcon.colcon_core.package_identification:_identify(src/mapping_pfr3) by extension 'colcon_pkg'
[0.294s] Level 1:colcon.colcon_core.package_identification:_identify(src/mapping_pfr3) by extensions ['colcon_meta']
[0.294s] Level 1:colcon.colcon_core.package_identification:_identify(src/mapping_pfr3) by extension 'colcon_meta'
[0.295s] Level 1:colcon.colcon_core.package_identification:_identify(src/mapping_pfr3) by extensions ['ros']
[0.295s] Level 1:colcon.colcon_core.package_identification:_identify(src/mapping_pfr3) by extension 'ros'
[0.297s] DEBUG:colcon.colcon_core.package_identification:Package 'src/mapping_pfr3' with type 'ros.ament_cmake' and name 'mapping_pfr3'
[0.297s] Level 1:colcon.colcon_core.package_identification:_identify(src/rf2o_laser_odometry) by extensions ['ignore', 'ignore_ament_install']
[0.297s] Level 1:colcon.colcon_core.package_identification:_identify(src/rf2o_laser_odometry) by extension 'ignore'
[0.297s] Level 1:colcon.colcon_core.package_identification:_identify(src/rf2o_laser_odometry) by extension 'ignore_ament_install'
[0.297s] Level 1:colcon.colcon_core.package_identification:_identify(src/rf2o_laser_odometry) by extensions ['colcon_pkg']
[0.297s] Level 1:colcon.colcon_core.package_identification:_identify(src/rf2o_laser_odometry) by extension 'colcon_pkg'
[0.297s] Level 1:colcon.colcon_core.package_identification:_identify(src/rf2o_laser_odometry) by extensions ['colcon_meta']
[0.297s] Level 1:colcon.colcon_core.package_identification:_identify(src/rf2o_laser_odometry) by extension 'colcon_meta'
[0.297s] Level 1:colcon.colcon_core.package_identification:_identify(src/rf2o_laser_odometry) by extensions ['ros']
[0.297s] Level 1:colcon.colcon_core.package_identification:_identify(src/rf2o_laser_odometry) by extension 'ros'
[0.298s] DEBUG:colcon.colcon_core.package_identification:Package 'src/rf2o_laser_odometry' with type 'ros.ament_cmake' and name 'rf2o_laser_odometry'
[0.298s] Level 1:colcon.colcon_core.package_identification:_identify(src/topic_bus) by extensions ['ignore', 'ignore_ament_install']
[0.298s] Level 1:colcon.colcon_core.package_identification:_identify(src/topic_bus) by extension 'ignore'
[0.298s] Level 1:colcon.colcon_core.package_identification:_identify(src/topic_bus) by extension 'ignore_ament_install'
[0.298s] Level 1:colcon.colcon_core.package_identification:_identify(src/topic_bus) by extensions ['colcon_pkg']
[0.298s] Level 1:colcon.colcon_core.package_identification:_identify(src/topic_bus) by extension 'colcon_pkg'
[0.298s] Level 1:colcon.colcon_core.package_identification:_identify(src/topic_bus) by extensions ['colcon_meta']
[0.298s] Level 1:colcon.colcon_core.package_identification:_identify(src/topic_bus) by extension 'colcon_meta'
[0.298s] Level 1:colcon.colcon_core.package_identification:_identify(src/topic_bus) by extensions ['ros']
[0.298s] Level 1:colcon.colcon_core.package_identification:_identify(src/topic_bus) by extension 'ros'
[0.299s] DEBUG:colcon.colcon_core.package_identification:Package 'src/topic_bus' with type 'ros.ament_cmake' and name 'topic_bus'
[0.299s] Level 1:colcon.colcon_core.package_discovery:discover_packages(recursive) using defaults
[0.299s] Level 1:colcon.colcon_core.package_discovery:discover_packages(ignore) discover
[0.299s] Level 1:colcon.colcon_core.package_discovery:discover_packages(ignore) using defaults
[0.299s] Level 1:colcon.colcon_core.package_discovery:discover_packages(path) discover
[0.299s] Level 1:colcon.colcon_core.package_discovery:discover_packages(path) using defaults
[0.325s] Level 1:colcon.colcon_core.package_discovery:discover_packages(prefix_path) check parameters
[0.326s] Level 1:colcon.colcon_core.package_discovery:discover_packages(prefix_path) discover
[0.327s] DEBUG:colcon.colcon_installed_package_information.package_discovery:Found 7 installed packages in /home/sam/Bureau/projet1A/robot/install
[0.329s] DEBUG:colcon.colcon_installed_package_information.package_discovery:Found 362 installed packages in /opt/ros/humble
[0.330s] Level 1:colcon.colcon_core.package_discovery:discover_packages(prefix_path) using defaults
[0.377s] Level 5:colcon.colcon_core.verb:set package 'mapping_pfr3' build argument 'cmake_args' from command line to 'None'
[0.377s] Level 5:colcon.colcon_core.verb:set package 'mapping_pfr3' build argument 'cmake_target' from command line to 'None'
[0.377s] Level 5:colcon.colcon_core.verb:set package 'mapping_pfr3' build argument 'cmake_target_skip_unavailable' from command line to 'False'
[0.377s] Level 5:colcon.colcon_core.verb:set package 'mapping_pfr3' build argument 'cmake_clean_cache' from command line to 'False'
[0.377s] Level 5:colcon.colcon_core.verb:set package 'mapping_pfr3' build argument 'cmake_clean_first' from command line to 'False'
[0.377s] Level 5:colcon.colcon_core.verb:set package 'mapping_pfr3' build argument 'cmake_force_configure' from command line to 'False'
[0.377s] Level 5:colcon.colcon_core.verb:set package 'mapping_pfr3' build argument 'ament_cmake_args' from command line to 'None'
[0.377s] Level 5:colcon.colcon_core.verb:set package 'mapping_pfr3' build argument 'catkin_cmake_args' from command line to 'None'
[0.377s] Level 5:colcon.colcon_core.verb:set package 'mapping_pfr3' build argument 'catkin_skip_building_tests' from command line to 'False'
[0.377s] DEBUG:colcon.colcon_core.verb:Building package 'mapping_pfr3' with the following arguments: {'ament_cmake_args': None, 'build_base': '/home/sam/Bureau/projet1A/robot/build/mapping_pfr3', 'catkin_cmake_args': None, 'catkin_skip_building_tests': False, 'cmake_args': None, 'cmake_clean_cache': False, 'cmake_clean_first': False, 'cmake_force_configure': False, 'cmake_target': None, 'cmake_target_skip_unavailable': False, 'install_base': '/home/sam/Bureau/projet1A/robot/install/mapping_pfr3', 'merge_install': False, 'path': '/home/sam/Bureau/projet1A/robot/src/mapping_pfr3', 'symlink_install': False, 'test_result_base': None}
[0.378s] Level 5:colcon.colcon_core.verb:set package 'rf2o_laser_odometry' build argument 'cmake_args' from command line to 'None'
[0.378s] Level 5:colcon.colcon_core.verb:set package 'rf2o_laser_odometry' build argument 'cmake_target' from command line to 'None'
[0.378s] Level 5:colcon.colcon_core.verb:set package 'rf2o_laser_odometry' build argument 'cmake_target_skip_unavailable' from command line to 'False'
[0.378s] Level 5:colcon.colcon_core.verb:set package 'rf2o_laser_odometry' build argument 'cmake_clean_cache' from command line to 'False'
[0.378s] Level 5:colcon.colcon_core.verb:set package 'rf2o_laser_odometry' build argument 'cmake_clean_first' from command line to 'False'
[0.378s] Level 5:colcon.colcon_core.verb:set package 'rf2o_laser_odometry' build argument 'cmake_force_configure' from command line to 'False'
[0.378s] Level 5:colcon.colcon_core.verb:set package 'rf2o_laser_odometry' build argument 'ament_cmake_args' from command line to 'None'
[0.378s] Level 5:colcon.colcon_core.verb:set package 'rf2o_laser_odometry' build argument 'catkin_cmake_args' from command line to 'None'
[0.378s] Level 5:colcon.colcon_core.verb:set package 'rf2o_laser_odometry' build argument 'catkin_skip_building_tests' from command line to 'False'
[0.378s] DEBUG:colcon.colcon_core.verb:Building package 'rf2o_laser_odometry' with the following arguments: {'ament_cmake_args': None, 'build_base': '/home/sam/Bureau/projet1A/robot/build/rf2o_laser_odometry', 'catkin_cmake_args': None, 'catkin_skip_building_tests': False, 'cmake_args': None, 'cmake_clean_cache': False, 'cmake_clean_first': False, 'cmake_force_configure': False, 'cmake_target': None, 'cmake_target_skip_unavailable': False, 'install_base': '/home/sam/Bureau/projet1A/robot/install/rf2o_laser_odometry', 'merge_install': False, 'path': '/home/sam/Bureau/projet1A/robot/src/rf2o_laser_odometry', 'symlink_install': False, 'test_result_base': None}
[0.378s] Level 5:colcon.colcon_core.verb:set package 'topic_bus' build argument 'cmake_args' from command line to 'None'
[0.378s] Level 5:colcon.colcon_core.verb:set package 'topic_bus' build argument 'cmake_target' from command line to 'None'
[0.378s] Level 5:colcon.colcon_core.verb:set package 'topic_bus' build argument 'cmake_target_skip_unavailable' from command line to 'False'
[0.378s] Level 5:colcon.colcon_core.verb:set package 'topic_bus' build argument 'cmake_clean_cache' from command line to 'False'
[0.378s] Level 5:colcon.colcon_core.verb:set package 'topic_bus' build argument 'cmake_clean_first' from command line to 'False'
[0.378s] Level 5:colcon.colcon_core.verb:set package 'topic_bus' build argument 'cmake_force_configure' from command line to 'False'
[0.378s] Level 5:colcon.colcon_core.verb:set package 'topic_bus' build argument 'ament_cmake_args' from command line to 'None'
[0.378s] Level 5:colcon.colcon_core.verb:set package 'topic_bus' build argument 'catkin_cmake_args' from command line to 'None'
[0.378s] Level 5:colcon.colcon_core.verb:set package 'topic_bus' build argument 'catkin_skip_building_tests' from command line to 'False'
[0.378s] DEBUG:colcon.colcon_core.verb:Building package 'topic_bus' with the following arguments: {'ament_cmake_args': None, 'build_base': '/home/sam/Bureau/projet1A/robot/build/topic_bus', 'catkin_cmake_args': None, 'catkin_skip_building_tests': False, 'cmake_args': None, 'cmake_clean_cache': False, 'cmake_clean_first': False, 'cmake_force_configure': False, 'cmake_target': None, 'cmake_target_skip_unavailable': False, 'install_base': '/home/sam/Bureau/projet1A/robot/install/topic_bus', 'merge_install': False, 'path': '/home/sam/Bureau/projet1A/robot/src/topic_bus', 'symlink_install': False, 'test_result_base': None}
[0.378s] INFO:colcon.colcon_core.executor:Executing jobs using 'parallel' executor
[0.379s] DEBUG:colcon.colcon_parallel_executor.executor.parallel:run_until_complete
[0.379s] INFO:colcon.colcon_ros.task.ament_cmake.build:Building ROS package in '/home/sam/Bureau/projet1A/robot/src/mapping_pfr3' with build type 'ament_cmake'
[0.380s] INFO:colcon.colcon_cmake.task.cmake.build:Building CMake package in '/home/sam/Bureau/projet1A/robot/src/mapping_pfr3'
[0.381s] INFO:colcon.colcon_core.plugin_system:Skipping extension 'colcon_core.shell.bat': Not used on non-Windows systems
[0.382s] INFO:colcon.colcon_core.shell:Skip shell extension 'powershell' for command environment: Not usable outside of PowerShell
[0.382s] DEBUG:colcon.colcon_core.shell:Skip shell extension 'dsv' for command environment
[0.385s] INFO:colcon.colcon_ros.task.ament_cmake.build:Building ROS package in '/home/sam/Bureau/projet1A/robot/src/rf2o_laser_odometry' with build type 'ament_cmake'
[0.385s] INFO:colcon.colcon_cmake.task.cmake.build:Building CMake package in '/home/sam/Bureau/projet1A/robot/src/rf2o_laser_odometry'
[0.385s] INFO:colcon.colcon_core.shell:Skip shell extension 'powershell' for command environment: Not usable outside of PowerShell
[0.385s] DEBUG:colcon.colcon_core.shell:Skip shell extension 'dsv' for command environment
[0.388s] INFO:colcon.colcon_ros.task.ament_cmake.build:Building ROS package in '/home/sam/Bureau/projet1A/robot/src/topic_bus' with build type 'ament_cmake'
[0.388s] INFO:colcon.colcon_cmake.task.cmake.build:Building CMake package in '/home/sam/Bureau/projet1A/robot/src/topic_bus'
[0.388s] INFO:colcon.colcon_core.shell:Skip shell extension 'powershell' for command environment: Not usable outside of PowerShell
[0.389s] DEBUG:colcon.colcon_core.shell:Skip shell extension 'dsv' for command environment
[0.397s] DEBUG:colcon.colcon_core.event_handler.log_command:Invoking command in '/home/sam/Bureau/projet1A/robot/build/mapping_pfr3': CMAKE_PREFIX_PATH=${CMAKE_PREFIX_PATH}:/home/sam/Bureau/projet1A/robot/install/robot_lidar:/home/sam/Bureau/projet1A/robot/install/lidar:/opt/ros/humble /usr/bin/cmake --build /home/sam/Bureau/projet1A/robot/build/mapping_pfr3 -- -j8 -l8
[0.400s] DEBUG:colcon.colcon_core.event_handler.log_command:Invoking command in '/home/sam/Bureau/projet1A/robot/build/rf2o_laser_odometry': CMAKE_PREFIX_PATH=${CMAKE_PREFIX_PATH}:/home/sam/Bureau/projet1A/robot/install/robot_lidar:/home/sam/Bureau/projet1A/robot/install/lidar:/opt/ros/humble /usr/bin/cmake --build /home/sam/Bureau/projet1A/robot/build/rf2o_laser_odometry -- -j8 -l8
[0.402s] DEBUG:colcon.colcon_core.event_handler.log_command:Invoking command in '/home/sam/Bureau/projet1A/robot/build/topic_bus': CMAKE_PREFIX_PATH=${CMAKE_PREFIX_PATH}:/home/sam/Bureau/projet1A/robot/install/robot_lidar:/home/sam/Bureau/projet1A/robot/install/lidar:/opt/ros/humble /usr/bin/cmake --build /home/sam/Bureau/projet1A/robot/build/topic_bus -- -j8 -l8
[0.427s] DEBUG:colcon.colcon_core.event_handler.log_command:Invoked command in '/home/sam/Bureau/projet1A/robot/build/mapping_pfr3' returned '0': CMAKE_PREFIX_PATH=${CMAKE_PREFIX_PATH}:/home/sam/Bureau/projet1A/robot/install/robot_lidar:/home/sam/Bureau/projet1A/robot/install/lidar:/opt/ros/humble /usr/bin/cmake --build /home/sam/Bureau/projet1A/robot/build/mapping_pfr3 -- -j8 -l8
[0.433s] DEBUG:colcon.colcon_core.event_handler.log_command:Invoked command in '/home/sam/Bureau/projet1A/robot/build/topic_bus' returned '0': CMAKE_PREFIX_PATH=${CMAKE_PREFIX_PATH}:/home/sam/Bureau/projet1A/robot/install/robot_lidar:/home/sam/Bureau/projet1A/robot/install/lidar:/opt/ros/humble /usr/bin/cmake --build /home/sam/Bureau/projet1A/robot/build/topic_bus -- -j8 -l8
[0.452s] DEBUG:colcon.colcon_core.event_handler.log_command:Invoking command in '/home/sam/Bureau/projet1A/robot/build/mapping_pfr3': CMAKE_PREFIX_PATH=${CMAKE_PREFIX_PATH}:/home/sam/Bureau/projet1A/robot/install/robot_lidar:/home/sam/Bureau/projet1A/robot/install/lidar:/opt/ros/humble /usr/bin/cmake --install /home/sam/Bureau/projet1A/robot/build/mapping_pfr3
[0.453s] DEBUG:colcon.colcon_core.event_handler.log_command:Invoking command in '/home/sam/Bureau/projet1A/robot/build/topic_bus': CMAKE_PREFIX_PATH=${CMAKE_PREFIX_PATH}:/home/sam/Bureau/projet1A/robot/install/robot_lidar:/home/sam/Bureau/projet1A/robot/install/lidar:/opt/ros/humble /usr/bin/cmake --install /home/sam/Bureau/projet1A/robot/build/topic_bus
[0.460s] Level 1:colcon.colcon_core.environment:create_environment_scripts_only(mapping_pfr3)
[0.462s] DEBUG:colcon.colcon_core.event_handler.log_command:Invoked command in '/home/sam/Bureau/projet1A/robot/build/mapping_pfr3' returned '0': CMAKE_PREFIX_PATH=${CMAKE_PREFIX_PATH}:/home/sam/Bureau/projet1A/robot/install/robot_lidar:/home/sam/Bureau/projet1A/robot/install/lidar:/opt/ros/humble /usr/bin/cmake --install /home/sam/Bureau/projet1A/robot/build/mapping_pfr3
[0.463s] Level 1:colcon.colcon_core.environment:checking '/home/sam/Bureau/projet1A/robot/install/mapping_pfr3' for CMake module files
[0.464s] Level 1:colcon.colcon_core.environment:checking '/home/sam/Bureau/projet1A/robot/install/mapping_pfr3' for CMake config files
[0.464s] Level 1:colcon.colcon_core.shell:create_environment_hook('mapping_pfr3', 'cmake_prefix_path')
[0.464s] INFO:colcon.colcon_core.shell:Creating environment hook '/home/sam/Bureau/projet1A/robot/install/mapping_pfr3/share/mapping_pfr3/hook/cmake_prefix_path.ps1'
[0.465s] INFO:colcon.colcon_core.shell:Creating environment descriptor '/home/sam/Bureau/projet1A/robot/install/mapping_pfr3/share/mapping_pfr3/hook/cmake_prefix_path.dsv'
[0.465s] INFO:colcon.colcon_core.shell:Creating environment hook '/home/sam/Bureau/projet1A/robot/install/mapping_pfr3/share/mapping_pfr3/hook/cmake_prefix_path.sh'
[0.466s] Level 1:colcon.colcon_core.environment:checking '/home/sam/Bureau/projet1A/robot/install/mapping_pfr3/bin'
[0.466s] Level 1:colcon.colcon_core.environment:checking '/home/sam/Bureau/projet1A/robot/install/mapping_pfr3/lib/pkgconfig/mapping_pfr3.pc'
[0.466s] Level 1:colcon.colcon_core.environment:checking '/home/sam/Bureau/projet1A/robot/install/mapping_pfr3/lib/python3.10/site-packages'
[0.466s] Level 1:colcon.colcon_core.environment:checking '/home/sam/Bureau/projet1A/robot/install/mapping_pfr3/bin'
[0.467s] INFO:colcon.colcon_core.shell:Creating package script '/home/sam/Bureau/projet1A/robot/install/mapping_pfr3/share/mapping_pfr3/package.ps1'
[0.467s] INFO:colcon.colcon_core.shell:Creating package descriptor '/home/sam/Bureau/projet1A/robot/install/mapping_pfr3/share/mapping_pfr3/package.dsv'
[0.468s] INFO:colcon.colcon_core.shell:Creating package script '/home/sam/Bureau/projet1A/robot/install/mapping_pfr3/share/mapping_pfr3/package.sh'
[0.468s] INFO:colcon.colcon_core.shell:Creating package script '/home/sam/Bureau/projet1A/robot/install/mapping_pfr3/share/mapping_pfr3/package.bash'
[0.469s] INFO:colcon.colcon_core.shell:Creating package script '/home/sam/Bureau/projet1A/robot/install/mapping_pfr3/share/mapping_pfr3/package.zsh'
[0.470s] Level 1:colcon.colcon_core.environment:create_file_with_runtime_dependencies(/home/sam/Bureau/projet1A/robot/install/mapping_pfr3/share/colcon-core/packages/mapping_pfr3)
[0.471s] DEBUG:colcon.colcon_core.event_handler.log_command:Invoked command in '/home/sam/Bureau/projet1A/robot/build/rf2o_laser_odometry' returned '0': CMAKE_PREFIX_PATH=${CMAKE_PREFIX_PATH}:/home/sam/Bureau/projet1A/robot/install/robot_lidar:/home/sam/Bureau/projet1A/robot/install/lidar:/opt/ros/humble /usr/bin/cmake --build /home/sam/Bureau/projet1A/robot/build/rf2o_laser_odometry -- -j8 -l8
[0.472s] Level 1:colcon.colcon_core.environment:create_environment_scripts_only(topic_bus)
[0.472s] Level 1:colcon.colcon_core.environment:checking '/home/sam/Bureau/projet1A/robot/install/topic_bus' for CMake module files
[0.472s] DEBUG:colcon.colcon_core.event_handler.log_command:Invoked command in '/home/sam/Bureau/projet1A/robot/build/topic_bus' returned '0': CMAKE_PREFIX_PATH=${CMAKE_PREFIX_PATH}:/home/sam/Bureau/projet1A/robot/install/robot_lidar:/home/sam/Bureau/projet1A/robot/install/lidar:/opt/ros/humble /usr/bin/cmake --install /home/sam/Bureau/projet1A/robot/build/topic_bus
[0.473s] Level 1:colcon.colcon_core.environment:checking '/home/sam/Bureau/projet1A/robot/install/topic_bus' for CMake config files
[0.473s] Level 1:colcon.colcon_core.shell:create_environment_hook('topic_bus', 'cmake_prefix_path')
[0.473s] INFO:colcon.colcon_core.shell:Creating environment hook '/home/sam/Bureau/projet1A/robot/install/topic_bus/share/topic_bus/hook/cmake_prefix_path.ps1'
[0.473s] INFO:colcon.colcon_core.shell:Creating environment descriptor '/home/sam/Bureau/projet1A/robot/install/topic_bus/share/topic_bus/hook/cmake_prefix_path.dsv'
[0.474s] INFO:colcon.colcon_core.shell:Creating environment hook '/home/sam/Bureau/projet1A/robot/install/topic_bus/share/topic_bus/hook/cmake_prefix_path.sh'
[0.474s] Level 1:colcon.colcon_core.environment:checking '/home/sam/Bureau/projet1A/robot/install/topic_bus/bin'
[0.474s] Level 1:colcon.colcon_core.environment:checking '/home/sam/Bureau/projet1A/robot/install/topic_bus/lib/pkgconfig/topic_bus.pc'
[0.474s] Level 1:colcon.colcon_core.environment:checking '/home/sam/Bureau/projet1A/robot/install/topic_bus/lib/python3.10/site-packages'
[0.475s] Level 1:colcon.colcon_core.environment:checking '/home/sam/Bureau/projet1A/robot/install/topic_bus/bin'
[0.475s] INFO:colcon.colcon_core.shell:Creating package script '/home/sam/Bureau/projet1A/robot/install/topic_bus/share/topic_bus/package.ps1'
[0.475s] INFO:colcon.colcon_core.shell:Creating package descriptor '/home/sam/Bureau/projet1A/robot/install/topic_bus/share/topic_bus/package.dsv'
[0.476s] INFO:colcon.colcon_core.shell:Creating package script '/home/sam/Bureau/projet1A/robot/install/topic_bus/share/topic_bus/package.sh'
[0.476s] INFO:colcon.colcon_core.shell:Creating package script '/home/sam/Bureau/projet1A/robot/install/topic_bus/share/topic_bus/package.bash'
[0.476s] INFO:colcon.colcon_core.shell:Creating package script '/home/sam/Bureau/projet1A/robot/install/topic_bus/share/topic_bus/package.zsh'
[0.477s] Level 1:colcon.colcon_core.environment:create_file_with_runtime_dependencies(/home/sam/Bureau/projet1A/robot/install/topic_bus/share/colcon-core/packages/topic_bus)
[0.486s] Level 1:colcon.colcon_core.environment:create_environment_scripts_only(mapping_pfr3)
[0.486s] Level 1:colcon.colcon_core.environment:checking '/home/sam/Bureau/projet1A/robot/install/mapping_pfr3' for CMake module files
[0.486s] Level 1:colcon.colcon_core.environment:checking '/home/sam/Bureau/projet1A/robot/install/mapping_pfr3' for CMake config files
[0.487s] Level 1:colcon.colcon_core.shell:create_environment_hook('mapping_pfr3', 'cmake_prefix_path')
[0.487s] INFO:colcon.colcon_core.shell:Creating environment hook '/home/sam/Bureau/projet1A/robot/install/mapping_pfr3/share/mapping_pfr3/hook/cmake_prefix_path.ps1'
[0.487s] INFO:colcon.colcon_core.shell:Creating environment descriptor '/home/sam/Bureau/projet1A/robot/install/mapping_pfr3/share/mapping_pfr3/hook/cmake_prefix_path.dsv'
[0.488s] INFO:colcon.colcon_core.shell:Creating environment hook '/home/sam/Bureau/projet1A/robot/install/mapping_pfr3/share/mapping_pfr3/hook/cmake_prefix_path.sh'
[0.488s] Level 1:colcon.colcon_core.environment:checking '/home/sam/Bureau/projet1A/robot/install/mapping_pfr3/bin'
[0.488s] Level 1:colcon.colcon_core.environment:checking '/home/sam/Bureau/projet1A/robot/install/mapping_pfr3/lib/pkgconfig/mapping_pfr3.pc'
[0.488s] Level 1:colcon.colcon_core.environment:checking '/home/sam/Bureau/projet1A/robot/install/mapping_pfr3/lib/python3.10/site-packages'
[0.488s] Level 1:colcon.colcon_core.environment:checking '/home/sam/Bureau/projet1A/robot/install/mapping_pfr3/bin'
[0.489s] INFO:colcon.colcon_core.shell:Creating package script '/home/sam/Bureau/projet1A/robot/install/mapping_pfr3/share/mapping_pfr3/package.ps1'
[0.489s] INFO:colcon.colcon_core.shell:Creating package descriptor '/home/sam/Bureau/projet1A/robot/install/mapping_pfr3/share/mapping_pfr3/package.dsv'
[0.490s] INFO:colcon.colcon_core.shell:Creating package script '/home/sam/Bureau/projet1A/robot/install/mapping_pfr3/share/mapping_pfr3/package.sh'
[0.490s] INFO:colcon.colcon_core.shell:Creating package script '/home/sam/Bureau/projet1A/robot/install/mapping_pfr3/share/mapping_pfr3/package.bash'
[0.491s] INFO:colcon.colcon_core.shell:Creating package script '/home/sam/Bureau/projet1A/robot/install/mapping_pfr3/share/mapping_pfr3/package.zsh'
[0.491s] Level 1:colcon.colcon_core.environment:create_file_with_runtime_dependencies(/home/sam/Bureau/projet1A/robot/install/mapping_pfr3/share/colcon-core/packages/mapping_pfr3)
[0.493s] DEBUG:colcon.colcon_core.event_handler.log_command:Invoking command in '/home/sam/Bureau/projet1A/robot/build/rf2o_laser_odometry': CMAKE_PREFIX_PATH=${CMAKE_PREFIX_PATH}:/home/sam/Bureau/projet1A/robot/install/robot_lidar:/home/sam/Bureau/projet1A/robot/install/lidar:/opt/ros/humble /usr/bin/cmake --install /home/sam/Bureau/projet1A/robot/build/rf2o_laser_odometry
[0.494s] Level 1:colcon.colcon_core.environment:create_environment_scripts_only(topic_bus)
[0.494s] Level 1:colcon.colcon_core.environment:checking '/home/sam/Bureau/projet1A/robot/install/topic_bus' for CMake module files
[0.495s] Level 1:colcon.colcon_core.environment:checking '/home/sam/Bureau/projet1A/robot/install/topic_bus' for CMake config files
[0.495s] Level 1:colcon.colcon_core.shell:create_environment_hook('topic_bus', 'cmake_prefix_path')
[0.495s] INFO:colcon.colcon_core.shell:Creating environment hook '/home/sam/Bureau/projet1A/robot/install/topic_bus/share/topic_bus/hook/cmake_prefix_path.ps1'
[0.496s] INFO:colcon.colcon_core.shell:Creating environment descriptor '/home/sam/Bureau/projet1A/robot/install/topic_bus/share/topic_bus/hook/cmake_prefix_path.dsv'
[0.496s] INFO:colcon.colcon_core.shell:Creating environment hook '/home/sam/Bureau/projet1A/robot/install/topic_bus/share/topic_bus/hook/cmake_prefix_path.sh'
[0.496s] Level 1:colcon.colcon_core.environment:checking '/home/sam/Bureau/projet1A/robot/install/topic_bus/bin'
[0.496s] Level 1:colcon.colcon_core.environment:checking '/home/sam/Bureau/projet1A/robot/install/topic_bus/lib/pkgconfig/topic_bus.pc'
[0.497s] Level 1:colcon.colcon_core.environment:checking '/home/sam/Bureau/projet1A/robot/install/topic_bus/lib/python3.10/site-packages'
[0.497s] Level 1:colcon.colcon_core.environment:checking '/home/sam/Bureau/projet1A/robot/install/topic_bus/bin'
[0.497s] INFO:colcon.colcon_core.shell:Creating package script '/home/sam/Bureau/projet1A/robot/install/topic_bus/share/topic_bus/package.ps1'
[0.497s] INFO:colcon.colcon_core.shell:Creating package descriptor '/home/sam/Bureau/projet1A/robot/install/topic_bus/share/topic_bus/package.dsv'
[0.498s] INFO:colcon.colcon_core.shell:Creating package script '/home/sam/Bureau/projet1A/robot/install/topic_bus/share/topic_bus/package.sh'
[0.498s] INFO:colcon.colcon_core.shell:Creating package script '/home/sam/Bureau/projet1A/robot/install/topic_bus/share/topic_bus/package.bash'
[0.499s] INFO:colcon.colcon_core.shell:Creating package script '/home/sam/Bureau/projet1A/robot/install/topic_bus/share/topic_bus/package.zsh'
[0.499s] Level 1:colcon.colcon_core.environment:create_file_with_runtime_dependencies(/home/sam/Bureau/projet1A/robot/install/topic_bus/share/colcon-core/packages/topic_bus)
[0.502s] Level 1:colcon.colcon_core.environment:create_environment_scripts_only(rf2o_laser_odometry)
[0.502s] Level 1:colcon.colcon_core.environment:checking '/home/sam/Bureau/projet1A/robot/install/rf2o_laser_odometry' for CMake module files
[0.502s] DEBUG:colcon.colcon_core.event_handler.log_command:Invoked command in '/home/sam/Bureau/projet1A/robot/build/rf2o_laser_odometry' returned '0': CMAKE_PREFIX_PATH=${CMAKE_PREFIX_PATH}:/home/sam/Bureau/projet1A/robot/install/robot_lidar:/home/sam/Bureau/projet1A/robot/install/lidar:/opt/ros/humble /usr/bin/cmake --install /home/sam/Bureau/projet1A/robot/build/rf2o_laser_odometry
[0.502s] Level 1:colcon.colcon_core.environment:checking '/home/sam/Bureau/projet1A/robot/install/rf2o_laser_odometry' for CMake config files
[0.503s] Level 1:colcon.colcon_core.shell:create_environment_hook('rf2o_laser_odometry', 'cmake_prefix_path')
[0.503s] INFO:colcon.colcon_core.shell:Creating environment hook '/home/sam/Bureau/projet1A/robot/install/rf2o_laser_odometry/share/rf2o_laser_odometry/hook/cmake_prefix_path.ps1'
[0.503s] INFO:colcon.colcon_core.shell:Creating environment descriptor '/home/sam/Bureau/projet1A/robot/install/rf2o_laser_odometry/share/rf2o_laser_odometry/hook/cmake_prefix_path.dsv'
[0.503s] INFO:colcon.colcon_core.shell:Creating environment hook '/home/sam/Bureau/projet1A/robot/install/rf2o_laser_odometry/share/rf2o_laser_odometry/hook/cmake_prefix_path.sh'
[0.504s] Level 1:colcon.colcon_core.environment:checking '/home/sam/Bureau/projet1A/robot/install/rf2o_laser_odometry/lib'
[0.504s] Level 1:colcon.colcon_core.environment:checking '/home/sam/Bureau/projet1A/robot/install/rf2o_laser_odometry/bin'
[0.504s] Level 1:colcon.colcon_core.environment:checking '/home/sam/Bureau/projet1A/robot/install/rf2o_laser_odometry/lib/pkgconfig/rf2o_laser_odometry.pc'
[0.504s] Level 1:colcon.colcon_core.environment:checking '/home/sam/Bureau/projet1A/robot/install/rf2o_laser_odometry/lib/python3.10/site-packages'
[0.505s] Level 1:colcon.colcon_core.environment:checking '/home/sam/Bureau/projet1A/robot/install/rf2o_laser_odometry/bin'
[0.505s] INFO:colcon.colcon_core.shell:Creating package script '/home/sam/Bureau/projet1A/robot/install/rf2o_laser_odometry/share/rf2o_laser_odometry/package.ps1'
[0.505s] INFO:colcon.colcon_core.shell:Creating package descriptor '/home/sam/Bureau/projet1A/robot/install/rf2o_laser_odometry/share/rf2o_laser_odometry/package.dsv'
[0.506s] INFO:colcon.colcon_core.shell:Creating package script '/home/sam/Bureau/projet1A/robot/install/rf2o_laser_odometry/share/rf2o_laser_odometry/package.sh'
[0.506s] INFO:colcon.colcon_core.shell:Creating package script '/home/sam/Bureau/projet1A/robot/install/rf2o_laser_odometry/share/rf2o_laser_odometry/package.bash'
[0.506s] INFO:colcon.colcon_core.shell:Creating package script '/home/sam/Bureau/projet1A/robot/install/rf2o_laser_odometry/share/rf2o_laser_odometry/package.zsh'
[0.507s] Level 1:colcon.colcon_core.environment:create_file_with_runtime_dependencies(/home/sam/Bureau/projet1A/robot/install/rf2o_laser_odometry/share/colcon-core/packages/rf2o_laser_odometry)
[0.527s] Level 1:colcon.colcon_core.environment:create_environment_scripts_only(rf2o_laser_odometry)
[0.528s] Level 1:colcon.colcon_core.environment:checking '/home/sam/Bureau/projet1A/robot/install/rf2o_laser_odometry' for CMake module files
[0.528s] Level 1:colcon.colcon_core.environment:checking '/home/sam/Bureau/projet1A/robot/install/rf2o_laser_odometry' for CMake config files
[0.528s] Level 1:colcon.colcon_core.shell:create_environment_hook('rf2o_laser_odometry', 'cmake_prefix_path')
[0.528s] INFO:colcon.colcon_core.shell:Creating environment hook '/home/sam/Bureau/projet1A/robot/install/rf2o_laser_odometry/share/rf2o_laser_odometry/hook/cmake_prefix_path.ps1'
[0.529s] INFO:colcon.colcon_core.shell:Creating environment descriptor '/home/sam/Bureau/projet1A/robot/install/rf2o_laser_odometry/share/rf2o_laser_odometry/hook/cmake_prefix_path.dsv'
[0.529s] INFO:colcon.colcon_core.shell:Creating environment hook '/home/sam/Bureau/projet1A/robot/install/rf2o_laser_odometry/share/rf2o_laser_odometry/hook/cmake_prefix_path.sh'
[0.529s] Level 1:colcon.colcon_core.environment:checking '/home/sam/Bureau/projet1A/robot/install/rf2o_laser_odometry/lib'
[0.529s] Level 1:colcon.colcon_core.environment:checking '/home/sam/Bureau/projet1A/robot/install/rf2o_laser_odometry/bin'
[0.530s] Level 1:colcon.colcon_core.environment:checking '/home/sam/Bureau/projet1A/robot/install/rf2o_laser_odometry/lib/pkgconfig/rf2o_laser_odometry.pc'
[0.530s] Level 1:colcon.colcon_core.environment:checking '/home/sam/Bureau/projet1A/robot/install/rf2o_laser_odometry/lib/python3.10/site-packages'
[0.530s] Level 1:colcon.colcon_core.environment:checking '/home/sam/Bureau/projet1A/robot/install/rf2o_laser_odometry/bin'
[0.530s] INFO:colcon.colcon_core.shell:Creating package script '/home/sam/Bureau/projet1A/robot/install/rf2o_laser_odometry/share/rf2o_laser_odometry/package.ps1'
[0.531s] INFO:colcon.colcon_core.shell:Creating package descriptor '/home/sam/Bureau/projet1A/robot/install/rf2o_laser_odometry/share/rf2o_laser_odometry/package.dsv'
[0.531s] INFO:colcon.colcon_core.shell:Creating package script '/home/sam/Bureau/projet1A/robot/install/rf2o_laser_odometry/share/rf2o_laser_odometry/package.sh'
[0.531s] INFO:colcon.colcon_core.shell:Creating package script '/home/sam/Bureau/projet1A/robot/install/rf2o_laser_odometry/share/rf2o_laser_odometry/package.bash'
[0.532s] INFO:colcon.colcon_core.shell:Creating package script '/home/sam/Bureau/projet1A/robot/install/rf2o_laser_odometry/share/rf2o_laser_odometry/package.zsh'
[0.532s] Level 1:colcon.colcon_core.environment:create_file_with_runtime_dependencies(/home/sam/Bureau/projet1A/robot/install/rf2o_laser_odometry/share/colcon-core/packages/rf2o_laser_odometry)
[0.532s] DEBUG:colcon.colcon_parallel_executor.executor.parallel:closing loop
[0.532s] DEBUG:colcon.colcon_parallel_executor.executor.parallel:loop closed
[0.533s] DEBUG:colcon.colcon_parallel_executor.executor.parallel:run_until_complete finished with '0'
[0.533s] DEBUG:colcon.colcon_core.event_reactor:joining thread
[0.537s] INFO:colcon.colcon_core.plugin_system:Skipping extension 'colcon_notification.desktop_notification.terminal_notifier': Not used on non-Darwin systems
[0.537s] INFO:colcon.colcon_core.plugin_system:Skipping extension 'colcon_notification.desktop_notification.win32': Not used on non-Windows systems
[0.537s] INFO:colcon.colcon_notification.desktop_notification:Sending desktop notification using 'notify2'
[0.547s] DEBUG:colcon.colcon_core.event_reactor:joined thread
[0.547s] INFO:colcon.colcon_core.shell:Creating prefix script '/home/sam/Bureau/projet1A/robot/install/local_setup.ps1'
[0.548s] INFO:colcon.colcon_core.shell:Creating prefix util module '/home/sam/Bureau/projet1A/robot/install/_local_setup_util_ps1.py'
[0.549s] INFO:colcon.colcon_core.shell:Creating prefix chain script '/home/sam/Bureau/projet1A/robot/install/setup.ps1'
[0.550s] INFO:colcon.colcon_core.shell:Creating prefix script '/home/sam/Bureau/projet1A/robot/install/local_setup.sh'
[0.551s] INFO:colcon.colcon_core.shell:Creating prefix util module '/home/sam/Bureau/projet1A/robot/install/_local_setup_util_sh.py'
[0.551s] INFO:colcon.colcon_core.shell:Creating prefix chain script '/home/sam/Bureau/projet1A/robot/install/setup.sh'
[0.552s] INFO:colcon.colcon_core.shell:Creating prefix script '/home/sam/Bureau/projet1A/robot/install/local_setup.bash'
[0.553s] INFO:colcon.colcon_core.shell:Creating prefix chain script '/home/sam/Bureau/projet1A/robot/install/setup.bash'
[0.554s] INFO:colcon.colcon_core.shell:Creating prefix script '/home/sam/Bureau/projet1A/robot/install/local_setup.zsh'
[0.554s] INFO:colcon.colcon_core.shell:Creating prefix chain script '/home/sam/Bureau/projet1A/robot/install/setup.zsh'
