[0.555s] Invoking command in '/home/sam/Bureau/projet1A/robot/src/lidar': PYTHONPATH=/home/sam/Bureau/projet1A/robot/build/lidar/prefix_override:/home/sam/Bureau/projet1A/robot/install/lidar/lib/python3.10/site-packages:${PYTHONPATH} /usr/bin/python3 -W ignore:setup.py install is deprecated setup.py egg_info --egg-base ../../build/lidar build --build-base /home/sam/Bureau/projet1A/robot/build/lidar/build install --record /home/sam/Bureau/projet1A/robot/build/lidar/install.log --single-version-externally-managed install_data
[0.774s] running egg_info
[0.775s] writing ../../build/lidar/lidar.egg-info/PKG-INFO
[0.775s] writing dependency_links to ../../build/lidar/lidar.egg-info/dependency_links.txt
[0.775s] writing entry points to ../../build/lidar/lidar.egg-info/entry_points.txt
[0.775s] writing requirements to ../../build/lidar/lidar.egg-info/requires.txt
[0.775s] writing top-level names to ../../build/lidar/lidar.egg-info/top_level.txt
[0.777s] reading manifest file '../../build/lidar/lidar.egg-info/SOURCES.txt'
[0.777s] writing manifest file '../../build/lidar/lidar.egg-info/SOURCES.txt'
[0.777s] running build
[0.777s] running build_py
[0.778s] running install
[0.778s] running install_lib
[0.779s] running install_data
[0.779s] running install_egg_info
[0.780s] removing '/home/sam/Bureau/projet1A/robot/install/lidar/lib/python3.10/site-packages/lidar-0.0.0-py3.10.egg-info' (and everything under it)
[0.780s] Copying ../../build/lidar/lidar.egg-info to /home/sam/Bureau/projet1A/robot/install/lidar/lib/python3.10/site-packages/lidar-0.0.0-py3.10.egg-info
[0.781s] running install_scripts
[0.800s] writing list of installed files to '/home/sam/Bureau/projet1A/robot/build/lidar/install.log'
[0.820s] Invoked command in '/home/sam/Bureau/projet1A/robot/src/lidar' returned '0': PYTHONPATH=/home/sam/Bureau/projet1A/robot/build/lidar/prefix_override:/home/sam/Bureau/projet1A/robot/install/lidar/lib/python3.10/site-packages:${PYTHONPATH} /usr/bin/python3 -W ignore:setup.py install is deprecated setup.py egg_info --egg-base ../../build/lidar build --build-base /home/sam/Bureau/projet1A/robot/build/lidar/build install --record /home/sam/Bureau/projet1A/robot/build/lidar/install.log --single-version-externally-managed install_data
