[0.166s] DEBUG:colcon:Command line arguments: ['/usr/bin/colcon', 'list', '-p', '--base-paths', '/home/sam/Bureau/projet1A/robot']
[0.166s] DEBUG:colcon:Parsed command line arguments: Namespace(log_base=None, log_level=None, verb_name='list', build_base='build', ignore_user_meta=False, metas=['./colcon.meta'], base_paths=['/home/sam/Bureau/projet1A/robot'], packages_ignore=None, packages_ignore_regex=None, paths=None, packages_up_to=None, packages_up_to_regex=None, packages_above=None, packages_above_and_dependencies=None, packages_above_depth=None, packages_select_by_dep=None, packages_skip_by_dep=None, packages_skip_up_to=None, packages_select_build_failed=False, packages_skip_build_finished=False, packages_select_test_failures=False, packages_skip_test_passed=False, packages_select=None, packages_skip=None, packages_select_regex=None, packages_skip_regex=None, packages_start=None, packages_end=None, allow_overriding=[], topological_order=False, names_only=False, paths_only=True, topological_graph=False, topological_graph_dot=False, topological_graph_density=False, topological_graph_legend=False, topological_graph_dot_cluster=False, topological_graph_dot_include_skipped=False, mixin_files=None, mixin=None, verb_parser=<colcon_mixin.mixin.mixin_argument.MixinArgumentDecorator object at 0x78ef07e3a8f0>, verb_extension=<colcon_package_information.verb.list.ListVerb object at 0x78ef07e398d0>, main=<bound method ListVerb.main of <colcon_package_information.verb.list.ListVerb object at 0x78ef07e398d0>>, mixin_verb=('list',))
[0.488s] Level 1:colcon.colcon_core.package_discovery:discover_packages(colcon_meta) check parameters
[0.489s] Level 1:colcon.colcon_core.package_discovery:discover_packages(recursive) check parameters
[0.489s] Level 1:colcon.colcon_core.package_discovery:discover_packages(ignore) check parameters
[0.489s] Level 1:colcon.colcon_core.package_discovery:discover_packages(path) check parameters
[0.489s] Level 1:colcon.colcon_core.package_discovery:discover_packages(recursive) discover
[0.489s] INFO:colcon.colcon_core.package_discovery:Crawling recursively for packages in '/home/sam/Bureau/projet1A/robot'
[0.489s] Level 1:colcon.colcon_core.package_identification:_identify(/home/sam/Bureau/projet1A/robot) by extensions ['ignore', 'ignore_ament_install']
[0.489s] Level 1:colcon.colcon_core.package_identification:_identify(/home/sam/Bureau/projet1A/robot) by extension 'ignore'
[0.490s] Level 1:colcon.colcon_core.package_identification:_identify(/home/sam/Bureau/projet1A/robot) by extension 'ignore_ament_install'
[0.490s] Level 1:colcon.colcon_core.package_identification:_identify(/home/sam/Bureau/projet1A/robot) by extensions ['colcon_pkg']
[0.490s] Level 1:colcon.colcon_core.package_identification:_identify(/home/sam/Bureau/projet1A/robot) by extension 'colcon_pkg'
[0.490s] Level 1:colcon.colcon_core.package_identification:_identify(/home/sam/Bureau/projet1A/robot) by extensions ['colcon_meta']
[0.490s] Level 1:colcon.colcon_core.package_identification:_identify(/home/sam/Bureau/projet1A/robot) by extension 'colcon_meta'
[0.490s] Level 1:colcon.colcon_core.package_identification:_identify(/home/sam/Bureau/projet1A/robot) by extensions ['ros']
[0.490s] Level 1:colcon.colcon_core.package_identification:_identify(/home/sam/Bureau/projet1A/robot) by extension 'ros'
[0.512s] Level 1:colcon.colcon_core.package_identification:_identify(/home/sam/Bureau/projet1A/robot) by extensions ['cmake', 'python']
[0.512s] Level 1:colcon.colcon_core.package_identification:_identify(/home/sam/Bureau/projet1A/robot) by extension 'cmake'
[0.513s] Level 1:colcon.colcon_core.package_identification:_identify(/home/sam/Bureau/projet1A/robot) by extension 'python'
[0.513s] Level 1:colcon.colcon_core.package_identification:_identify(/home/sam/Bureau/projet1A/robot) by extensions ['python_setup_py']
[0.513s] Level 1:colcon.colcon_core.package_identification:_identify(/home/sam/Bureau/projet1A/robot) by extension 'python_setup_py'
[0.513s] Level 1:colcon.colcon_core.package_identification:_identify(/home/sam/Bureau/projet1A/robot/build) by extensions ['ignore', 'ignore_ament_install']
[0.513s] Level 1:colcon.colcon_core.package_identification:_identify(/home/sam/Bureau/projet1A/robot/build) by extension 'ignore'
[0.513s] Level 1:colcon.colcon_core.package_identification:_identify(/home/sam/Bureau/projet1A/robot/build) ignored
[0.514s] Level 1:colcon.colcon_core.package_identification:_identify(/home/sam/Bureau/projet1A/robot/install) by extensions ['ignore', 'ignore_ament_install']
[0.514s] Level 1:colcon.colcon_core.package_identification:_identify(/home/sam/Bureau/projet1A/robot/install) by extension 'ignore'
[0.514s] Level 1:colcon.colcon_core.package_identification:_identify(/home/sam/Bureau/projet1A/robot/install) ignored
[0.514s] Level 1:colcon.colcon_core.package_identification:_identify(/home/sam/Bureau/projet1A/robot/log) by extensions ['ignore', 'ignore_ament_install']
[0.514s] Level 1:colcon.colcon_core.package_identification:_identify(/home/sam/Bureau/projet1A/robot/log) by extension 'ignore'
[0.514s] Level 1:colcon.colcon_core.package_identification:_identify(/home/sam/Bureau/projet1A/robot/log) ignored
[0.515s] Level 1:colcon.colcon_core.package_identification:_identify(/home/sam/Bureau/projet1A/robot/src) by extensions ['ignore', 'ignore_ament_install']
[0.515s] Level 1:colcon.colcon_core.package_identification:_identify(/home/sam/Bureau/projet1A/robot/src) by extension 'ignore'
[0.515s] Level 1:colcon.colcon_core.package_identification:_identify(/home/sam/Bureau/projet1A/robot/src) by extension 'ignore_ament_install'
[0.515s] Level 1:colcon.colcon_core.package_identification:_identify(/home/sam/Bureau/projet1A/robot/src) by extensions ['colcon_pkg']
[0.515s] Level 1:colcon.colcon_core.package_identification:_identify(/home/sam/Bureau/projet1A/robot/src) by extension 'colcon_pkg'
[0.515s] Level 1:colcon.colcon_core.package_identification:_identify(/home/sam/Bureau/projet1A/robot/src) by extensions ['colcon_meta']
[0.515s] Level 1:colcon.colcon_core.package_identification:_identify(/home/sam/Bureau/projet1A/robot/src) by extension 'colcon_meta'
[0.515s] Level 1:colcon.colcon_core.package_identification:_identify(/home/sam/Bureau/projet1A/robot/src) by extensions ['ros']
[0.515s] Level 1:colcon.colcon_core.package_identification:_identify(/home/sam/Bureau/projet1A/robot/src) by extension 'ros'
[0.515s] Level 1:colcon.colcon_core.package_identification:_identify(/home/sam/Bureau/projet1A/robot/src) by extensions ['cmake', 'python']
[0.515s] Level 1:colcon.colcon_core.package_identification:_identify(/home/sam/Bureau/projet1A/robot/src) by extension 'cmake'
[0.515s] Level 1:colcon.colcon_core.package_identification:_identify(/home/sam/Bureau/projet1A/robot/src) by extension 'python'
[0.516s] Level 1:colcon.colcon_core.package_identification:_identify(/home/sam/Bureau/projet1A/robot/src) by extensions ['python_setup_py']
[0.516s] Level 1:colcon.colcon_core.package_identification:_identify(/home/sam/Bureau/projet1A/robot/src) by extension 'python_setup_py'
[0.516s] Level 1:colcon.colcon_core.package_identification:_identify(/home/sam/Bureau/projet1A/robot/src/lidar) by extensions ['ignore', 'ignore_ament_install']
[0.516s] Level 1:colcon.colcon_core.package_identification:_identify(/home/sam/Bureau/projet1A/robot/src/lidar) by extension 'ignore'
[0.516s] Level 1:colcon.colcon_core.package_identification:_identify(/home/sam/Bureau/projet1A/robot/src/lidar) by extension 'ignore_ament_install'
[0.516s] Level 1:colcon.colcon_core.package_identification:_identify(/home/sam/Bureau/projet1A/robot/src/lidar) by extensions ['colcon_pkg']
[0.516s] Level 1:colcon.colcon_core.package_identification:_identify(/home/sam/Bureau/projet1A/robot/src/lidar) by extension 'colcon_pkg'
[0.516s] Level 1:colcon.colcon_core.package_identification:_identify(/home/sam/Bureau/projet1A/robot/src/lidar) by extensions ['colcon_meta']
[0.516s] Level 1:colcon.colcon_core.package_identification:_identify(/home/sam/Bureau/projet1A/robot/src/lidar) by extension 'colcon_meta'
[0.516s] Level 1:colcon.colcon_core.package_identification:_identify(/home/sam/Bureau/projet1A/robot/src/lidar) by extensions ['ros']
[0.516s] Level 1:colcon.colcon_core.package_identification:_identify(/home/sam/Bureau/projet1A/robot/src/lidar) by extension 'ros'
[0.521s] DEBUG:colcon.colcon_core.package_identification:Package '/home/sam/Bureau/projet1A/robot/src/lidar' with type 'ros.ament_python' and name 'lidar'
[0.521s] Level 1:colcon.colcon_core.package_identification:_identify(/home/sam/Bureau/projet1A/robot/src/mapping_pfr3) by extensions ['ignore', 'ignore_ament_install']
[0.521s] Level 1:colcon.colcon_core.package_identification:_identify(/home/sam/Bureau/projet1A/robot/src/mapping_pfr3) by extension 'ignore'
[0.530s] Level 1:colcon.colcon_core.package_identification:_identify(/home/sam/Bureau/projet1A/robot/src/mapping_pfr3) by extension 'ignore_ament_install'
[0.530s] Level 1:colcon.colcon_core.package_identification:_identify(/home/sam/Bureau/projet1A/robot/src/mapping_pfr3) by extensions ['colcon_pkg']
[0.530s] Level 1:colcon.colcon_core.package_identification:_identify(/home/sam/Bureau/projet1A/robot/src/mapping_pfr3) by extension 'colcon_pkg'
[0.530s] Level 1:colcon.colcon_core.package_identification:_identify(/home/sam/Bureau/projet1A/robot/src/mapping_pfr3) by extensions ['colcon_meta']
[0.530s] Level 1:colcon.colcon_core.package_identification:_identify(/home/sam/Bureau/projet1A/robot/src/mapping_pfr3) by extension 'colcon_meta'
[0.530s] Level 1:colcon.colcon_core.package_identification:_identify(/home/sam/Bureau/projet1A/robot/src/mapping_pfr3) by extensions ['ros']
[0.530s] Level 1:colcon.colcon_core.package_identification:_identify(/home/sam/Bureau/projet1A/robot/src/mapping_pfr3) by extension 'ros'
[0.531s] DEBUG:colcon.colcon_core.package_identification:Package '/home/sam/Bureau/projet1A/robot/src/mapping_pfr3' with type 'ros.ament_cmake' and name 'mapping_pfr3'
[0.532s] Level 1:colcon.colcon_core.package_discovery:discover_packages(recursive) using defaults
