-- Install configuration: ""
-- Up-to-date: /home/sam/Bureau/projet1A/robot/install/mapping_pfr3/share/mapping_pfr3/config
-- Up-to-date: /home/sam/Bureau/projet1A/robot/install/mapping_pfr3/share/mapping_pfr3/config/empty.yaml
-- Up-to-date: /home/sam/Bureau/projet1A/robot/install/mapping_pfr3/share/mapping_pfr3/description
-- Up-to-date: /home/sam/Bureau/projet1A/robot/install/mapping_pfr3/share/mapping_pfr3/description/inertial_macros.xacro
-- Up-to-date: /home/sam/Bureau/projet1A/robot/install/mapping_pfr3/share/mapping_pfr3/description/robot.urdf.xacro
-- Installing: /home/sam/Bureau/projet1A/robot/install/mapping_pfr3/share/mapping_pfr3/description/robot_core.xacro
-- Up-to-date: /home/sam/Bureau/projet1A/robot/install/mapping_pfr3/share/mapping_pfr3/description/lidar.xacro
-- Up-to-date: /home/sam/Bureau/projet1A/robot/install/mapping_pfr3/share/mapping_pfr3/launch
-- Up-to-date: /home/sam/Bureau/projet1A/robot/install/mapping_pfr3/share/mapping_pfr3/launch/launch_sim.launch.py
-- Up-to-date: /home/sam/Bureau/projet1A/robot/install/mapping_pfr3/share/mapping_pfr3/launch/rsp.launch.py
-- Up-to-date: /home/sam/Bureau/projet1A/robot/install/mapping_pfr3/share/mapping_pfr3/worlds
-- Up-to-date: /home/sam/Bureau/projet1A/robot/install/mapping_pfr3/share/mapping_pfr3/worlds/empty.world
-- Up-to-date: /home/sam/Bureau/projet1A/robot/install/mapping_pfr3/share/ament_index/resource_index/package_run_dependencies/mapping_pfr3
-- Up-to-date: /home/sam/Bureau/projet1A/robot/install/mapping_pfr3/share/ament_index/resource_index/parent_prefix_path/mapping_pfr3
-- Up-to-date: /home/sam/Bureau/projet1A/robot/install/mapping_pfr3/share/mapping_pfr3/environment/ament_prefix_path.sh
-- Up-to-date: /home/sam/Bureau/projet1A/robot/install/mapping_pfr3/share/mapping_pfr3/environment/ament_prefix_path.dsv
-- Up-to-date: /home/sam/Bureau/projet1A/robot/install/mapping_pfr3/share/mapping_pfr3/environment/path.sh
-- Up-to-date: /home/sam/Bureau/projet1A/robot/install/mapping_pfr3/share/mapping_pfr3/environment/path.dsv
-- Up-to-date: /home/sam/Bureau/projet1A/robot/install/mapping_pfr3/share/mapping_pfr3/local_setup.bash
-- Up-to-date: /home/sam/Bureau/projet1A/robot/install/mapping_pfr3/share/mapping_pfr3/local_setup.sh
-- Up-to-date: /home/sam/Bureau/projet1A/robot/install/mapping_pfr3/share/mapping_pfr3/local_setup.zsh
-- Up-to-date: /home/sam/Bureau/projet1A/robot/install/mapping_pfr3/share/mapping_pfr3/local_setup.dsv
-- Installing: /home/sam/Bureau/projet1A/robot/install/mapping_pfr3/share/mapping_pfr3/package.dsv
-- Up-to-date: /home/sam/Bureau/projet1A/robot/install/mapping_pfr3/share/ament_index/resource_index/packages/mapping_pfr3
-- Up-to-date: /home/sam/Bureau/projet1A/robot/install/mapping_pfr3/share/mapping_pfr3/cmake/mapping_pfr3Config.cmake
-- Up-to-date: /home/sam/Bureau/projet1A/robot/install/mapping_pfr3/share/mapping_pfr3/cmake/mapping_pfr3Config-version.cmake
-- Up-to-date: /home/sam/Bureau/projet1A/robot/install/mapping_pfr3/share/mapping_pfr3/package.xml
