[0.014s] Invoking command in '/home/sam/Bureau/projet1A/robot/build/topic_bus': CMAKE_PREFIX_PATH=${CMAKE_PREFIX_PATH}:/home/sam/Bureau/projet1A/robot/install/robot_lidar:/home/sam/Bureau/projet1A/robot/install/lidar:/opt/ros/humble /usr/bin/cmake --build /home/sam/Bureau/projet1A/robot/build/topic_bus -- -j8 -l8
[0.044s] Invoked command in '/home/sam/Bureau/projet1A/robot/build/topic_bus' returned '0': CMAKE_PREFIX_PATH=${CMAKE_PREFIX_PATH}:/home/sam/Bureau/projet1A/robot/install/robot_lidar:/home/sam/Bureau/projet1A/robot/install/lidar:/opt/ros/humble /usr/bin/cmake --build /home/sam/Bureau/projet1A/robot/build/topic_bus -- -j8 -l8
[0.064s] Invoking command in '/home/sam/Bureau/projet1A/robot/build/topic_bus': CMAKE_PREFIX_PATH=${CMAKE_PREFIX_PATH}:/home/sam/Bureau/projet1A/robot/install/robot_lidar:/home/sam/Bureau/projet1A/robot/install/lidar:/opt/ros/humble /usr/bin/cmake --install /home/sam/Bureau/projet1A/robot/build/topic_bus
[0.072s] -- Install configuration: ""
[0.072s] -- Up-to-date: /home/sam/Bureau/projet1A/robot/install/topic_bus/share/ament_index/resource_index/package_run_dependencies/topic_bus
[0.073s] -- Up-to-date: /home/sam/Bureau/projet1A/robot/install/topic_bus/share/ament_index/resource_index/parent_prefix_path/topic_bus
[0.073s] -- Up-to-date: /home/sam/Bureau/projet1A/robot/install/topic_bus/share/topic_bus/environment/ament_prefix_path.sh
[0.073s] -- Up-to-date: /home/sam/Bureau/projet1A/robot/install/topic_bus/share/topic_bus/environment/ament_prefix_path.dsv
[0.073s] -- Up-to-date: /home/sam/Bureau/projet1A/robot/install/topic_bus/share/topic_bus/environment/path.sh
[0.073s] -- Up-to-date: /home/sam/Bureau/projet1A/robot/install/topic_bus/share/topic_bus/environment/path.dsv
[0.073s] -- Up-to-date: /home/sam/Bureau/projet1A/robot/install/topic_bus/share/topic_bus/local_setup.bash
[0.073s] -- Up-to-date: /home/sam/Bureau/projet1A/robot/install/topic_bus/share/topic_bus/local_setup.sh
[0.073s] -- Up-to-date: /home/sam/Bureau/projet1A/robot/install/topic_bus/share/topic_bus/local_setup.zsh
[0.073s] -- Up-to-date: /home/sam/Bureau/projet1A/robot/install/topic_bus/share/topic_bus/local_setup.dsv
[0.073s] -- Installing: /home/sam/Bureau/projet1A/robot/install/topic_bus/share/topic_bus/package.dsv
[0.074s] -- Up-to-date: /home/sam/Bureau/projet1A/robot/install/topic_bus/share/ament_index/resource_index/packages/topic_bus
[0.074s] -- Up-to-date: /home/sam/Bureau/projet1A/robot/install/topic_bus/share/topic_bus/cmake/topic_busConfig.cmake
[0.074s] -- Up-to-date: /home/sam/Bureau/projet1A/robot/install/topic_bus/share/topic_bus/cmake/topic_busConfig-version.cmake
[0.074s] -- Up-to-date: /home/sam/Bureau/projet1A/robot/install/topic_bus/share/topic_bus/package.xml
[0.084s] Invoked command in '/home/sam/Bureau/projet1A/robot/build/topic_bus' returned '0': CMAKE_PREFIX_PATH=${CMAKE_PREFIX_PATH}:/home/sam/Bureau/projet1A/robot/install/robot_lidar:/home/sam/Bureau/projet1A/robot/install/lidar:/opt/ros/humble /usr/bin/cmake --install /home/sam/Bureau/projet1A/robot/build/topic_bus
