[0.585s] Invoking command in '/home/sam/Bureau/projet1A/robot/src/topic_bus': PYTHONPATH=/home/sam/Bureau/projet1A/robot/build/topic_bus/prefix_override:/home/sam/Bureau/projet1A/robot/install/topic_bus/lib/python3.10/site-packages:${PYTHONPATH} /usr/bin/python3 -W ignore:setup.py install is deprecated setup.py egg_info --egg-base ../../build/topic_bus build --build-base /home/sam/Bureau/projet1A/robot/build/topic_bus/build install --record /home/sam/Bureau/projet1A/robot/build/topic_bus/install.log --single-version-externally-managed install_data
[0.810s] running egg_info
[0.811s] writing ../../build/topic_bus/topic_bus.egg-info/PKG-INFO
[0.811s] writing dependency_links to ../../build/topic_bus/topic_bus.egg-info/dependency_links.txt
[0.811s] writing entry points to ../../build/topic_bus/topic_bus.egg-info/entry_points.txt
[0.811s] writing requirements to ../../build/topic_bus/topic_bus.egg-info/requires.txt
[0.811s] writing top-level names to ../../build/topic_bus/topic_bus.egg-info/top_level.txt
[0.813s] reading manifest file '../../build/topic_bus/topic_bus.egg-info/SOURCES.txt'
[0.813s] writing manifest file '../../build/topic_bus/topic_bus.egg-info/SOURCES.txt'
[0.814s] running build
[0.814s] running build_py
[0.814s] running install
[0.814s] running install_lib
[0.815s] running install_data
[0.815s] running install_egg_info
[0.817s] removing '/home/sam/Bureau/projet1A/robot/install/topic_bus/lib/python3.10/site-packages/topic_bus-0.0.0-py3.10.egg-info' (and everything under it)
[0.817s] Copying ../../build/topic_bus/topic_bus.egg-info to /home/sam/Bureau/projet1A/robot/install/topic_bus/lib/python3.10/site-packages/topic_bus-0.0.0-py3.10.egg-info
[0.817s] running install_scripts
[0.836s] Installing topic_bus script to /home/sam/Bureau/projet1A/robot/install/topic_bus/lib/topic_bus
[0.836s] writing list of installed files to '/home/sam/Bureau/projet1A/robot/build/topic_bus/install.log'
[0.856s] Invoked command in '/home/sam/Bureau/projet1A/robot/src/topic_bus' returned '0': PYTHONPATH=/home/sam/Bureau/projet1A/robot/build/topic_bus/prefix_override:/home/sam/Bureau/projet1A/robot/install/topic_bus/lib/python3.10/site-packages:${PYTHONPATH} /usr/bin/python3 -W ignore:setup.py install is deprecated setup.py egg_info --egg-base ../../build/topic_bus build --build-base /home/sam/Bureau/projet1A/robot/build/topic_bus/build install --record /home/sam/Bureau/projet1A/robot/build/topic_bus/install.log --single-version-externally-managed install_data
