[0.008s] Invoking command in '/home/sam/Bureau/projet1A/robot/build/mapping_pfr3': CMAKE_PREFIX_PATH=/opt/ros/humble /usr/bin/cmake /home/sam/Bureau/projet1A/robot/src/mapping_pfr3 -DCMAKE_INSTALL_PREFIX=/home/sam/Bureau/projet1A/robot/install/mapping_pfr3
[0.018s] -- Found ament_cmake: 1.3.8 (/opt/ros/humble/share/ament_cmake/cmake)
[0.128s] -- Found ament_lint_auto: 0.12.10 (/opt/ros/humble/share/ament_lint_auto/cmake)
[0.189s] -- Added test 'copyright' to check source files copyright and LICENSE
[0.190s] -- Added test 'flake8' to check Python code syntax and style conventions
[0.191s] -- Added test 'lint_cmake' to check CMake code style
[0.191s] -- Added test 'pep257' to check Python code against some of the docstring style conventions in PEP 257
[0.192s] -- Added test 'xmllint' to check XML markup files
[0.193s] -- Configuring done
[0.195s] -- Generating done
[0.196s] -- Build files have been written to: /home/sam/Bureau/projet1A/robot/build/mapping_pfr3
[0.199s] Invoked command in '/home/sam/Bureau/projet1A/robot/build/mapping_pfr3' returned '0': CMAKE_PREFIX_PATH=/opt/ros/humble /usr/bin/cmake /home/sam/Bureau/projet1A/robot/src/mapping_pfr3 -DCMAKE_INSTALL_PREFIX=/home/sam/Bureau/projet1A/robot/install/mapping_pfr3
[0.200s] Invoking command in '/home/sam/Bureau/projet1A/robot/build/mapping_pfr3': CMAKE_PREFIX_PATH=/opt/ros/humble /usr/bin/cmake --build /home/sam/Bureau/projet1A/robot/build/mapping_pfr3 -- -j8 -l8
[0.230s] Invoked command in '/home/sam/Bureau/projet1A/robot/build/mapping_pfr3' returned '0': CMAKE_PREFIX_PATH=/opt/ros/humble /usr/bin/cmake --build /home/sam/Bureau/projet1A/robot/build/mapping_pfr3 -- -j8 -l8
[0.253s] Invoking command in '/home/sam/Bureau/projet1A/robot/build/mapping_pfr3': CMAKE_PREFIX_PATH=/opt/ros/humble /usr/bin/cmake --install /home/sam/Bureau/projet1A/robot/build/mapping_pfr3
[0.259s] -- Install configuration: ""
[0.259s] -- Up-to-date: /home/sam/Bureau/projet1A/robot/install/mapping_pfr3/share/mapping_pfr3/config
[0.259s] -- Up-to-date: /home/sam/Bureau/projet1A/robot/install/mapping_pfr3/share/mapping_pfr3/config/empty.yaml
[0.259s] -- Up-to-date: /home/sam/Bureau/projet1A/robot/install/mapping_pfr3/share/mapping_pfr3/description
[0.259s] -- Up-to-date: /home/sam/Bureau/projet1A/robot/install/mapping_pfr3/share/mapping_pfr3/description/inertial_macros.xacro
[0.260s] -- Up-to-date: /home/sam/Bureau/projet1A/robot/install/mapping_pfr3/share/mapping_pfr3/description/robot.urdf.xacro
[0.260s] -- Installing: /home/sam/Bureau/projet1A/robot/install/mapping_pfr3/share/mapping_pfr3/description/robot_core.xacro
[0.260s] -- Up-to-date: /home/sam/Bureau/projet1A/robot/install/mapping_pfr3/share/mapping_pfr3/description/lidar.xacro
[0.260s] -- Up-to-date: /home/sam/Bureau/projet1A/robot/install/mapping_pfr3/share/mapping_pfr3/launch
[0.260s] -- Installing: /home/sam/Bureau/projet1A/robot/install/mapping_pfr3/share/mapping_pfr3/launch/launch_sim.launch.py
[0.260s] -- Up-to-date: /home/sam/Bureau/projet1A/robot/install/mapping_pfr3/share/mapping_pfr3/launch/rsp.launch.py
[0.260s] -- Up-to-date: /home/sam/Bureau/projet1A/robot/install/mapping_pfr3/share/mapping_pfr3/worlds
[0.260s] -- Up-to-date: /home/sam/Bureau/projet1A/robot/install/mapping_pfr3/share/mapping_pfr3/worlds/empty.world
[0.261s] -- Up-to-date: /home/sam/Bureau/projet1A/robot/install/mapping_pfr3/share/ament_index/resource_index/package_run_dependencies/mapping_pfr3
[0.261s] -- Up-to-date: /home/sam/Bureau/projet1A/robot/install/mapping_pfr3/share/ament_index/resource_index/parent_prefix_path/mapping_pfr3
[0.261s] -- Up-to-date: /home/sam/Bureau/projet1A/robot/install/mapping_pfr3/share/mapping_pfr3/environment/ament_prefix_path.sh
[0.261s] -- Installing: /home/sam/Bureau/projet1A/robot/install/mapping_pfr3/share/mapping_pfr3/environment/ament_prefix_path.dsv
[0.261s] -- Up-to-date: /home/sam/Bureau/projet1A/robot/install/mapping_pfr3/share/mapping_pfr3/environment/path.sh
[0.261s] -- Installing: /home/sam/Bureau/projet1A/robot/install/mapping_pfr3/share/mapping_pfr3/environment/path.dsv
[0.261s] -- Up-to-date: /home/sam/Bureau/projet1A/robot/install/mapping_pfr3/share/mapping_pfr3/local_setup.bash
[0.261s] -- Up-to-date: /home/sam/Bureau/projet1A/robot/install/mapping_pfr3/share/mapping_pfr3/local_setup.sh
[0.261s] -- Up-to-date: /home/sam/Bureau/projet1A/robot/install/mapping_pfr3/share/mapping_pfr3/local_setup.zsh
[0.261s] -- Installing: /home/sam/Bureau/projet1A/robot/install/mapping_pfr3/share/mapping_pfr3/local_setup.dsv
[0.262s] -- Installing: /home/sam/Bureau/projet1A/robot/install/mapping_pfr3/share/mapping_pfr3/package.dsv
[0.262s] -- Up-to-date: /home/sam/Bureau/projet1A/robot/install/mapping_pfr3/share/ament_index/resource_index/packages/mapping_pfr3
[0.262s] -- Up-to-date: /home/sam/Bureau/projet1A/robot/install/mapping_pfr3/share/mapping_pfr3/cmake/mapping_pfr3Config.cmake
[0.262s] -- Up-to-date: /home/sam/Bureau/projet1A/robot/install/mapping_pfr3/share/mapping_pfr3/cmake/mapping_pfr3Config-version.cmake
[0.262s] -- Installing: /home/sam/Bureau/projet1A/robot/install/mapping_pfr3/share/mapping_pfr3/package.xml
[0.263s] Invoked command in '/home/sam/Bureau/projet1A/robot/build/mapping_pfr3' returned '0': CMAKE_PREFIX_PATH=/opt/ros/humble /usr/bin/cmake --install /home/sam/Bureau/projet1A/robot/build/mapping_pfr3
