[0.015s] Invoking command in '/home/sam/Bureau/projet1A/robot/build/mapping_pfr3': CMAKE_PREFIX_PATH=/opt/ros/humble /usr/bin/cmake --build /home/sam/Bureau/projet1A/robot/build/mapping_pfr3 -- -j8 -l8
[0.262s] Invoked command in '/home/sam/Bureau/projet1A/robot/build/mapping_pfr3' returned '0': CMAKE_PREFIX_PATH=/opt/ros/humble /usr/bin/cmake --build /home/sam/Bureau/projet1A/robot/build/mapping_pfr3 -- -j8 -l8
[0.285s] Invoking command in '/home/sam/Bureau/projet1A/robot/build/mapping_pfr3': CMAKE_PREFIX_PATH=/opt/ros/humble /usr/bin/cmake --install /home/sam/Bureau/projet1A/robot/build/mapping_pfr3
[0.292s] -- Install configuration: ""
[0.293s] -- Up-to-date: /home/sam/Bureau/projet1A/robot/install/mapping_pfr3/share/mapping_pfr3/config
[0.293s] -- Up-to-date: /home/sam/Bureau/projet1A/robot/install/mapping_pfr3/share/mapping_pfr3/config/empty.yaml
[0.293s] -- Up-to-date: /home/sam/Bureau/projet1A/robot/install/mapping_pfr3/share/mapping_pfr3/config/my_controllers.yaml
[0.293s] -- Up-to-date: /home/sam/Bureau/projet1A/robot/install/mapping_pfr3/share/mapping_pfr3/description
[0.293s] -- Up-to-date: /home/sam/Bureau/projet1A/robot/install/mapping_pfr3/share/mapping_pfr3/description/inertial_macros.xacro
[0.293s] -- Up-to-date: /home/sam/Bureau/projet1A/robot/install/mapping_pfr3/share/mapping_pfr3/description/robot.urdf.xacro
[0.293s] -- Up-to-date: /home/sam/Bureau/projet1A/robot/install/mapping_pfr3/share/mapping_pfr3/description/robot_core.xacro
[0.293s] -- Up-to-date: /home/sam/Bureau/projet1A/robot/install/mapping_pfr3/share/mapping_pfr3/description/lidar.xacro
[0.293s] -- Up-to-date: /home/sam/Bureau/projet1A/robot/install/mapping_pfr3/share/mapping_pfr3/launch
[0.293s] -- Up-to-date: /home/sam/Bureau/projet1A/robot/install/mapping_pfr3/share/mapping_pfr3/launch/launch_sim.launch.py
[0.293s] -- Up-to-date: /home/sam/Bureau/projet1A/robot/install/mapping_pfr3/share/mapping_pfr3/launch/rsp.launch.py
[0.293s] -- Up-to-date: /home/sam/Bureau/projet1A/robot/install/mapping_pfr3/share/mapping_pfr3/worlds
[0.293s] -- Up-to-date: /home/sam/Bureau/projet1A/robot/install/mapping_pfr3/share/mapping_pfr3/worlds/empty.world
[0.293s] -- Up-to-date: /home/sam/Bureau/projet1A/robot/install/mapping_pfr3/share/ament_index/resource_index/package_run_dependencies/mapping_pfr3
[0.294s] -- Up-to-date: /home/sam/Bureau/projet1A/robot/install/mapping_pfr3/share/ament_index/resource_index/parent_prefix_path/mapping_pfr3
[0.294s] -- Up-to-date: /home/sam/Bureau/projet1A/robot/install/mapping_pfr3/share/mapping_pfr3/environment/ament_prefix_path.sh
[0.294s] -- Up-to-date: /home/sam/Bureau/projet1A/robot/install/mapping_pfr3/share/mapping_pfr3/environment/ament_prefix_path.dsv
[0.294s] -- Up-to-date: /home/sam/Bureau/projet1A/robot/install/mapping_pfr3/share/mapping_pfr3/environment/path.sh
[0.294s] -- Up-to-date: /home/sam/Bureau/projet1A/robot/install/mapping_pfr3/share/mapping_pfr3/environment/path.dsv
[0.294s] -- Up-to-date: /home/sam/Bureau/projet1A/robot/install/mapping_pfr3/share/mapping_pfr3/local_setup.bash
[0.294s] -- Up-to-date: /home/sam/Bureau/projet1A/robot/install/mapping_pfr3/share/mapping_pfr3/local_setup.sh
[0.294s] -- Up-to-date: /home/sam/Bureau/projet1A/robot/install/mapping_pfr3/share/mapping_pfr3/local_setup.zsh
[0.294s] -- Up-to-date: /home/sam/Bureau/projet1A/robot/install/mapping_pfr3/share/mapping_pfr3/local_setup.dsv
[0.294s] -- Installing: /home/sam/Bureau/projet1A/robot/install/mapping_pfr3/share/mapping_pfr3/package.dsv
[0.295s] -- Up-to-date: /home/sam/Bureau/projet1A/robot/install/mapping_pfr3/share/ament_index/resource_index/packages/mapping_pfr3
[0.295s] -- Up-to-date: /home/sam/Bureau/projet1A/robot/install/mapping_pfr3/share/mapping_pfr3/cmake/mapping_pfr3Config.cmake
[0.295s] -- Up-to-date: /home/sam/Bureau/projet1A/robot/install/mapping_pfr3/share/mapping_pfr3/cmake/mapping_pfr3Config-version.cmake
[0.295s] -- Up-to-date: /home/sam/Bureau/projet1A/robot/install/mapping_pfr3/share/mapping_pfr3/package.xml
[0.297s] Invoked command in '/home/sam/Bureau/projet1A/robot/build/mapping_pfr3' returned '0': CMAKE_PREFIX_PATH=/opt/ros/humble /usr/bin/cmake --install /home/sam/Bureau/projet1A/robot/build/mapping_pfr3
